[0.014s] Invoking command in '/home/ayush/Documents/cafeBot_ws/build/cafe_bot': CMAKE_PREFIX_PATH=/opt/ros/humble /usr/bin/cmake --build /home/ayush/Documents/cafeBot_ws/build/cafe_bot -- -j12 -l12
[0.031s] -- Found ament_cmake: 1.3.11 (/opt/ros/humble/share/ament_cmake/cmake)
[0.123s] -- Found rclcpp: 16.0.12 (/opt/ros/humble/share/rclcpp/cmake)
[0.142s] -- Found rosidl_generator_c: 3.1.6 (/opt/ros/humble/share/rosidl_generator_c/cmake)
[0.144s] -- Found rosidl_adapter: 3.1.6 (/opt/ros/humble/share/rosidl_adapter/cmake)
[0.148s] -- Found rosidl_generator_cpp: 3.1.6 (/opt/ros/humble/share/rosidl_generator_cpp/cmake)
[0.155s] -- Using all available rosidl_typesupport_c: rosidl_typesupport_fastrtps_c;rosidl_typesupport_introspection_c
[0.162s] -- Using all available rosidl_typesupport_cpp: rosidl_typesupport_fastrtps_cpp;rosidl_typesupport_introspection_cpp
[0.183s] -- Found rmw_implementation_cmake: 6.1.2 (/opt/ros/humble/share/rmw_implementation_cmake/cmake)
[0.184s] -- Found rmw_fastrtps_cpp: 6.2.7 (/opt/ros/humble/share/rmw_fastrtps_cpp/cmake)
[0.254s] -- Using RMW implementation 'rmw_fastrtps_cpp' as default
[0.332s] -- Configuring done
[0.346s] -- Generating done
[0.350s] -- Build files have been written to: /home/ayush/Documents/cafeBot_ws/build/cafe_bot
[0.380s] [ 50%] [32mBuilding CXX object CMakeFiles/order.dir/src/order.cpp.o[0m
[0.637s] [01m[K/home/ayush/Documents/cafeBot_ws/src/cafe_bot/src/order.cpp:2:10:[m[K [01;31m[Kfatal error: [m[Kcafe_bot/msgs/Order.hpp: No such file or directory
[0.637s]     2 | #include [01;31m[K"cafe_bot/msgs/Order.hpp"[m[K
[0.637s]       |          [01;31m[K^~~~~~~~~~~~~~~~~~~~~~~~~[m[K
[0.637s] compilation terminated.
[0.640s] gmake[2]: *** [CMakeFiles/order.dir/build.make:76: CMakeFiles/order.dir/src/order.cpp.o] Error 1
[0.640s] gmake[1]: *** [CMakeFiles/Makefile2:137: CMakeFiles/order.dir/all] Error 2
[0.640s] gmake: *** [Makefile:146: all] Error 2
[0.642s] Invoked command in '/home/ayush/Documents/cafeBot_ws/build/cafe_bot' returned '2': CMAKE_PREFIX_PATH=/opt/ros/humble /usr/bin/cmake --build /home/ayush/Documents/cafeBot_ws/build/cafe_bot -- -j12 -l12
