[0.014s] Invoking command in '/home/ayush/Documents/cafeBot_ws/build/cafe_bot': CMAKE_PREFIX_PATH=${CMAKE_PREFIX_PATH}:/opt/ros/humble /usr/bin/cmake --build /home/ayush/Documents/cafeBot_ws/build/cafe_bot -- -j12 -l12
[0.032s] -- Found ament_cmake: 1.3.11 (/opt/ros/humble/share/ament_cmake/cmake)
[0.122s] -- Found rclcpp: 16.0.12 (/opt/ros/humble/share/rclcpp/cmake)
[0.142s] -- Found rosidl_generator_c: 3.1.6 (/opt/ros/humble/share/rosidl_generator_c/cmake)
[0.144s] -- Found rosidl_adapter: 3.1.6 (/opt/ros/humble/share/rosidl_adapter/cmake)
[0.148s] -- Found rosidl_generator_cpp: 3.1.6 (/opt/ros/humble/share/rosidl_generator_cpp/cmake)
[0.154s] -- Using all available rosidl_typesupport_c: rosidl_typesupport_fastrtps_c;rosidl_typesupport_introspection_c
[0.162s] -- Using all available rosidl_typesupport_cpp: rosidl_typesupport_fastrtps_cpp;rosidl_typesupport_introspection_cpp
[0.190s] -- Found rmw_implementation_cmake: 6.1.2 (/opt/ros/humble/share/rmw_implementation_cmake/cmake)
[0.191s] -- Found rmw_fastrtps_cpp: 6.2.7 (/opt/ros/humble/share/rmw_fastrtps_cpp/cmake)
[0.263s] -- Using RMW implementation 'rmw_fastrtps_cpp' as default
[0.294s] -- Found rosidl_default_generators: 1.2.0 (/opt/ros/humble/share/rosidl_default_generators/cmake)
[0.441s] [31mCMake Error at /opt/ros/humble/share/rosidl_adapter/cmake/rosidl_adapt_interfaces.cmake:59 (message):
[0.441s]   execute_process(/usr/bin/python3 -m rosidl_adapter --package-name cafe_bot
[0.441s]   --arguments-file
[0.441s]   /home/ayush/Documents/cafeBot_ws/build/cafe_bot/rosidl_adapter__arguments__cafe_bot.json
[0.441s]   --output-dir
[0.441s]   /home/ayush/Documents/cafeBot_ws/build/cafe_bot/rosidl_adapter/cafe_bot
[0.441s]   --output-file
[0.441s]   /home/ayush/Documents/cafeBot_ws/build/cafe_bot/rosidl_adapter/cafe_bot.idls)
[0.441s]   returned error code 1:
[0.441s] 
[0.441s]   Traceback (most recent call last):
[0.441s] 
[0.441s]     File "/usr/lib/python3.10/runpy.py", line 196, in _run_module_as_main
[0.441s]       return _run_code(code, main_globals, None,
[0.441s]     File "/usr/lib/python3.10/runpy.py", line 86, in _run_code
[0.441s]       exec(code, run_globals)
[0.441s]     File "/opt/ros/humble/local/lib/python3.10/dist-packages/rosidl_adapter/__main__.py", line 19, in <module>
[0.442s]       sys.exit(main())
[0.442s]     File "/opt/ros/humble/local/lib/python3.10/dist-packages/rosidl_adapter/main.py", line 53, in main
[0.442s]       abs_idl_file = convert_to_idl(
[0.442s]     File "/opt/ros/humble/local/lib/python3.10/dist-packages/rosidl_adapter/__init__.py", line 19, in convert_to_idl
[0.442s]       return convert_msg_to_idl(
[0.442s]     File "/opt/ros/humble/local/lib/python3.10/dist-packages/rosidl_adapter/msg/__init__.py", line 28, in convert_msg_to_idl
[0.442s]       msg = parse_message_string(package_name, input_file.stem, content)
[0.442s]     File "/opt/ros/humble/local/lib/python3.10/dist-packages/rosidl_adapter/parser.py", line 544, in parse_message_string
[0.442s]       msg = MessageSpecification(pkg_name, msg_name, fields, constants)
[0.442s]     File "/opt/ros/humble/local/lib/python3.10/dist-packages/rosidl_adapter/parser.py", line 388, in __init__
[0.442s]       self.base_type = BaseType(
[0.442s]     File "/opt/ros/humble/local/lib/python3.10/dist-packages/rosidl_adapter/parser.py", line 205, in __init__
[0.442s]       raise InvalidResourceName(
[0.442s] 
[0.442s]   rosidl_adapter.parser.InvalidResourceName: 'order' is an invalid message
[0.442s]   name.  It should have the pattern '^[A-Z][A-Za-z0-9]*$'
[0.442s] 
[0.442s] Call Stack (most recent call first):
[0.442s]   /opt/ros/humble/share/rosidl_cmake/cmake/rosidl_generate_interfaces.cmake:130 (rosidl_adapt_interfaces)
[0.442s]   CMakeLists.txt:16 (rosidl_generate_interfaces)
[0.442s] 
[0.442s] [0m
[0.442s] -- Configuring incomplete, errors occurred!
[0.442s] See also "/home/ayush/Documents/cafeBot_ws/build/cafe_bot/CMakeFiles/CMakeOutput.log".
[0.448s] gmake: *** [Makefile:226: cmake_check_build_system] Error 1
[0.449s] Invoked command in '/home/ayush/Documents/cafeBot_ws/build/cafe_bot' returned '2': CMAKE_PREFIX_PATH=${CMAKE_PREFIX_PATH}:/opt/ros/humble /usr/bin/cmake --build /home/ayush/Documents/cafeBot_ws/build/cafe_bot -- -j12 -l12
