[0.013s] Invoking command in '/home/ayush/Documents/cafeBot_ws/build/cafe_bot': CMAKE_PREFIX_PATH=${CMAKE_PREFIX_PATH}:/opt/ros/humble /usr/bin/cmake --build /home/ayush/Documents/cafeBot_ws/build/cafe_bot -- -j12 -l12
[0.070s] [35m[1mConsolidate compiler generated dependencies of target task1[0m
[0.084s] [ 50%] Built target order
[0.093s] [ 75%] [32mBuilding CXX object CMakeFiles/task1.dir/src/task1.cpp.o[0m
[12.049s] [100%] [32m[1mLinking CXX executable task1[0m
[13.094s] [100%] Built target task1
[13.109s] Invoked command in '/home/ayush/Documents/cafeBot_ws/build/cafe_bot' returned '0': CMAKE_PREFIX_PATH=${CMAKE_PREFIX_PATH}:/opt/ros/humble /usr/bin/cmake --build /home/ayush/Documents/cafeBot_ws/build/cafe_bot -- -j12 -l12
[13.121s] Invoking command in '/home/ayush/Documents/cafeBot_ws/build/cafe_bot': CMAKE_PREFIX_PATH=${CMAKE_PREFIX_PATH}:/opt/ros/humble /usr/bin/cmake --install /home/ayush/Documents/cafeBot_ws/build/cafe_bot
[13.130s] -- Install configuration: ""
[13.131s] -- Up-to-date: /home/ayush/Documents/cafeBot_ws/install/cafe_bot/lib/cafe_bot/order
[13.132s] -- Installing: /home/ayush/Documents/cafeBot_ws/install/cafe_bot/lib/cafe_bot/task1
[13.140s] -- Set runtime path of "/home/ayush/Documents/cafeBot_ws/install/cafe_bot/lib/cafe_bot/task1" to ""
[13.140s] -- Up-to-date: /home/ayush/Documents/cafeBot_ws/install/cafe_bot/share/cafe_bot/config
[13.140s] -- Up-to-date: /home/ayush/Documents/cafeBot_ws/install/cafe_bot/share/cafe_bot/config/nav2_params.yaml
[13.140s] -- Up-to-date: /home/ayush/Documents/cafeBot_ws/install/cafe_bot/share/cafe_bot/config/mapper_params_online_async.yaml
[13.140s] -- Up-to-date: /home/ayush/Documents/cafeBot_ws/install/cafe_bot/share/cafe_bot/config/location.yaml
[13.140s] -- Up-to-date: /home/ayush/Documents/cafeBot_ws/install/cafe_bot/share/cafe_bot/config/twist_mux.yaml
[13.140s] -- Up-to-date: /home/ayush/Documents/cafeBot_ws/install/cafe_bot/share/cafe_bot/description
[13.140s] -- Up-to-date: /home/ayush/Documents/cafeBot_ws/install/cafe_bot/share/cafe_bot/description/gazebo_control.xacro
[13.140s] -- Up-to-date: /home/ayush/Documents/cafeBot_ws/install/cafe_bot/share/cafe_bot/description/inertial_macros.xacro
[13.140s] -- Up-to-date: /home/ayush/Documents/cafeBot_ws/install/cafe_bot/share/cafe_bot/description/sensor.xacro
[13.140s] -- Up-to-date: /home/ayush/Documents/cafeBot_ws/install/cafe_bot/share/cafe_bot/description/bot_structure.urdf.xacro
[13.141s] -- Up-to-date: /home/ayush/Documents/cafeBot_ws/install/cafe_bot/share/cafe_bot/launch
[13.141s] -- Up-to-date: /home/ayush/Documents/cafeBot_ws/install/cafe_bot/share/cafe_bot/launch/sim_launch.py
[13.141s] -- Up-to-date: /home/ayush/Documents/cafeBot_ws/install/cafe_bot/share/cafe_bot/launch/cafeBot_ws.code-workspace
[13.141s] -- Up-to-date: /home/ayush/Documents/cafeBot_ws/install/cafe_bot/share/cafe_bot/world
[13.141s] -- Up-to-date: /home/ayush/Documents/cafeBot_ws/install/cafe_bot/share/cafe_bot/world/cafe.world
[13.142s] -- Up-to-date: /home/ayush/Documents/cafeBot_ws/install/cafe_bot/share/ament_index/resource_index/package_run_dependencies/cafe_bot
[13.142s] -- Up-to-date: /home/ayush/Documents/cafeBot_ws/install/cafe_bot/share/ament_index/resource_index/parent_prefix_path/cafe_bot
[13.143s] -- Up-to-date: /home/ayush/Documents/cafeBot_ws/install/cafe_bot/share/cafe_bot/environment/ament_prefix_path.sh
[13.143s] -- Up-to-date: /home/ayush/Documents/cafeBot_ws/install/cafe_bot/share/cafe_bot/environment/ament_prefix_path.dsv
[13.143s] -- Up-to-date: /home/ayush/Documents/cafeBot_ws/install/cafe_bot/share/cafe_bot/environment/path.sh
[13.143s] -- Up-to-date: /home/ayush/Documents/cafeBot_ws/install/cafe_bot/share/cafe_bot/environment/path.dsv
[13.143s] -- Up-to-date: /home/ayush/Documents/cafeBot_ws/install/cafe_bot/share/cafe_bot/local_setup.bash
[13.143s] -- Up-to-date: /home/ayush/Documents/cafeBot_ws/install/cafe_bot/share/cafe_bot/local_setup.sh
[13.143s] -- Up-to-date: /home/ayush/Documents/cafeBot_ws/install/cafe_bot/share/cafe_bot/local_setup.zsh
[13.144s] -- Up-to-date: /home/ayush/Documents/cafeBot_ws/install/cafe_bot/share/cafe_bot/local_setup.dsv
[13.144s] -- Installing: /home/ayush/Documents/cafeBot_ws/install/cafe_bot/share/cafe_bot/package.dsv
[13.144s] -- Up-to-date: /home/ayush/Documents/cafeBot_ws/install/cafe_bot/share/ament_index/resource_index/packages/cafe_bot
[13.144s] -- Up-to-date: /home/ayush/Documents/cafeBot_ws/install/cafe_bot/share/cafe_bot/cmake/cafe_botConfig.cmake
[13.145s] -- Up-to-date: /home/ayush/Documents/cafeBot_ws/install/cafe_bot/share/cafe_bot/cmake/cafe_botConfig-version.cmake
[13.145s] -- Up-to-date: /home/ayush/Documents/cafeBot_ws/install/cafe_bot/share/cafe_bot/package.xml
[13.147s] Invoked command in '/home/ayush/Documents/cafeBot_ws/build/cafe_bot' returned '0': CMAKE_PREFIX_PATH=${CMAKE_PREFIX_PATH}:/opt/ros/humble /usr/bin/cmake --install /home/ayush/Documents/cafeBot_ws/build/cafe_bot
