[0.012s] Invoking command in '/home/ayush/Documents/cafeBot_ws/build/cafe_bot': CMAKE_PREFIX_PATH=${CMAKE_PREFIX_PATH}:/opt/ros/humble /usr/bin/cmake --build /home/ayush/Documents/cafeBot_ws/build/cafe_bot -- -j12 -l12
[0.087s] -- Found ament_cmake: 1.3.11 (/opt/ros/humble/share/ament_cmake/cmake)
[0.222s] -- Found rclcpp: 16.0.12 (/opt/ros/humble/share/rclcpp/cmake)
[0.271s] -- Found rosidl_generator_c: 3.1.6 (/opt/ros/humble/share/rosidl_generator_c/cmake)
[0.275s] -- Found rosidl_adapter: 3.1.6 (/opt/ros/humble/share/rosidl_adapter/cmake)
[0.284s] -- Found rosidl_generator_cpp: 3.1.6 (/opt/ros/humble/share/rosidl_generator_cpp/cmake)
[0.296s] -- Using all available rosidl_typesupport_c: rosidl_typesupport_fastrtps_c;rosidl_typesupport_introspection_c
[0.317s] -- Using all available rosidl_typesupport_cpp: rosidl_typesupport_fastrtps_cpp;rosidl_typesupport_introspection_cpp
[0.354s] -- Found rmw_implementation_cmake: 6.1.2 (/opt/ros/humble/share/rmw_implementation_cmake/cmake)
[0.356s] -- Found rmw_fastrtps_cpp: 6.2.7 (/opt/ros/humble/share/rmw_fastrtps_cpp/cmake)
[0.446s] -- Using RMW implementation 'rmw_fastrtps_cpp' as default
[0.497s] -- Found nav2_msgs: 1.1.18 (/opt/ros/humble/share/nav2_msgs/cmake)
[0.572s] -- Found tf2: 0.25.12 (/opt/ros/humble/share/tf2/cmake)
[0.577s] -- Found tf2_ros: 0.25.12 (/opt/ros/humble/share/tf2_ros/cmake)
[0.634s] -- Found tf2_geometry_msgs: 0.25.12 (/opt/ros/humble/share/tf2_geometry_msgs/cmake)
[0.639s] -- Found eigen3_cmake_module: 0.1.1 (/opt/ros/humble/share/eigen3_cmake_module/cmake)
[0.641s] -- Ensuring Eigen3 include directory is part of orocos-kdl CMake target
[0.703s] -- Configuring done
[0.740s] -- Generating done
[0.750s] -- Build files have been written to: /home/ayush/Documents/cafeBot_ws/build/cafe_bot
[0.776s] [35m[1mConsolidate compiler generated dependencies of target task1[0m
[0.776s] [35m[1mConsolidate compiler generated dependencies of target order[0m
[0.777s] [35m[1mConsolidate compiler generated dependencies of target task2[0m
[0.777s] [35m[1mConsolidate compiler generated dependencies of target task3[0m
[0.786s] [ 10%] [32mBuilding CXX object CMakeFiles/task4.dir/src/task3.cpp.o[0m
[0.797s] [ 50%] Built target task1
[0.797s] [ 40%] Built target order
[0.797s] [ 70%] Built target task3
[0.797s] [ 90%] Built target task2
[10.749s] [100%] [32m[1mLinking CXX executable task4[0m
[11.420s] [100%] Built target task4
[11.429s] Invoked command in '/home/ayush/Documents/cafeBot_ws/build/cafe_bot' returned '0': CMAKE_PREFIX_PATH=${CMAKE_PREFIX_PATH}:/opt/ros/humble /usr/bin/cmake --build /home/ayush/Documents/cafeBot_ws/build/cafe_bot -- -j12 -l12
[11.438s] Invoking command in '/home/ayush/Documents/cafeBot_ws/build/cafe_bot': CMAKE_PREFIX_PATH=${CMAKE_PREFIX_PATH}:/opt/ros/humble /usr/bin/cmake --install /home/ayush/Documents/cafeBot_ws/build/cafe_bot
[11.444s] -- Install configuration: ""
[11.445s] -- Up-to-date: /home/ayush/Documents/cafeBot_ws/install/cafe_bot/lib/cafe_bot/order
[11.446s] -- Up-to-date: /home/ayush/Documents/cafeBot_ws/install/cafe_bot/lib/cafe_bot/task1
[11.447s] -- Up-to-date: /home/ayush/Documents/cafeBot_ws/install/cafe_bot/lib/cafe_bot/task2
[11.448s] -- Up-to-date: /home/ayush/Documents/cafeBot_ws/install/cafe_bot/lib/cafe_bot/task3
[11.448s] -- Installing: /home/ayush/Documents/cafeBot_ws/install/cafe_bot/lib/cafe_bot/task4
[11.453s] -- Set runtime path of "/home/ayush/Documents/cafeBot_ws/install/cafe_bot/lib/cafe_bot/task4" to ""
[11.453s] -- Up-to-date: /home/ayush/Documents/cafeBot_ws/install/cafe_bot/share/cafe_bot/config
[11.453s] -- Up-to-date: /home/ayush/Documents/cafeBot_ws/install/cafe_bot/share/cafe_bot/config/nav2_params.yaml
[11.453s] -- Up-to-date: /home/ayush/Documents/cafeBot_ws/install/cafe_bot/share/cafe_bot/config/mapper_params_online_async.yaml
[11.453s] -- Up-to-date: /home/ayush/Documents/cafeBot_ws/install/cafe_bot/share/cafe_bot/config/location.yaml
[11.453s] -- Up-to-date: /home/ayush/Documents/cafeBot_ws/install/cafe_bot/share/cafe_bot/config/twist_mux.yaml
[11.453s] -- Up-to-date: /home/ayush/Documents/cafeBot_ws/install/cafe_bot/share/cafe_bot/description
[11.453s] -- Up-to-date: /home/ayush/Documents/cafeBot_ws/install/cafe_bot/share/cafe_bot/description/gazebo_control.xacro
[11.453s] -- Up-to-date: /home/ayush/Documents/cafeBot_ws/install/cafe_bot/share/cafe_bot/description/inertial_macros.xacro
[11.453s] -- Up-to-date: /home/ayush/Documents/cafeBot_ws/install/cafe_bot/share/cafe_bot/description/sensor.xacro
[11.453s] -- Up-to-date: /home/ayush/Documents/cafeBot_ws/install/cafe_bot/share/cafe_bot/description/bot_structure.urdf.xacro
[11.454s] -- Up-to-date: /home/ayush/Documents/cafeBot_ws/install/cafe_bot/share/cafe_bot/launch
[11.454s] -- Up-to-date: /home/ayush/Documents/cafeBot_ws/install/cafe_bot/share/cafe_bot/launch/sim_launch.py
[11.454s] -- Up-to-date: /home/ayush/Documents/cafeBot_ws/install/cafe_bot/share/cafe_bot/launch/cafeBot_ws.code-workspace
[11.454s] -- Up-to-date: /home/ayush/Documents/cafeBot_ws/install/cafe_bot/share/cafe_bot/world
[11.454s] -- Up-to-date: /home/ayush/Documents/cafeBot_ws/install/cafe_bot/share/cafe_bot/world/cafe.world
[11.454s] -- Up-to-date: /home/ayush/Documents/cafeBot_ws/install/cafe_bot/share/ament_index/resource_index/package_run_dependencies/cafe_bot
[11.454s] -- Up-to-date: /home/ayush/Documents/cafeBot_ws/install/cafe_bot/share/ament_index/resource_index/parent_prefix_path/cafe_bot
[11.454s] -- Up-to-date: /home/ayush/Documents/cafeBot_ws/install/cafe_bot/share/cafe_bot/environment/ament_prefix_path.sh
[11.454s] -- Installing: /home/ayush/Documents/cafeBot_ws/install/cafe_bot/share/cafe_bot/environment/ament_prefix_path.dsv
[11.455s] -- Up-to-date: /home/ayush/Documents/cafeBot_ws/install/cafe_bot/share/cafe_bot/environment/path.sh
[11.455s] -- Installing: /home/ayush/Documents/cafeBot_ws/install/cafe_bot/share/cafe_bot/environment/path.dsv
[11.455s] -- Up-to-date: /home/ayush/Documents/cafeBot_ws/install/cafe_bot/share/cafe_bot/local_setup.bash
[11.455s] -- Up-to-date: /home/ayush/Documents/cafeBot_ws/install/cafe_bot/share/cafe_bot/local_setup.sh
[11.455s] -- Up-to-date: /home/ayush/Documents/cafeBot_ws/install/cafe_bot/share/cafe_bot/local_setup.zsh
[11.455s] -- Installing: /home/ayush/Documents/cafeBot_ws/install/cafe_bot/share/cafe_bot/local_setup.dsv
[11.455s] -- Installing: /home/ayush/Documents/cafeBot_ws/install/cafe_bot/share/cafe_bot/package.dsv
[11.455s] -- Up-to-date: /home/ayush/Documents/cafeBot_ws/install/cafe_bot/share/ament_index/resource_index/packages/cafe_bot
[11.456s] -- Up-to-date: /home/ayush/Documents/cafeBot_ws/install/cafe_bot/share/cafe_bot/cmake/cafe_botConfig.cmake
[11.456s] -- Up-to-date: /home/ayush/Documents/cafeBot_ws/install/cafe_bot/share/cafe_bot/cmake/cafe_botConfig-version.cmake
[11.456s] -- Up-to-date: /home/ayush/Documents/cafeBot_ws/install/cafe_bot/share/cafe_bot/package.xml
[11.458s] Invoked command in '/home/ayush/Documents/cafeBot_ws/build/cafe_bot' returned '0': CMAKE_PREFIX_PATH=${CMAKE_PREFIX_PATH}:/opt/ros/humble /usr/bin/cmake --install /home/ayush/Documents/cafeBot_ws/build/cafe_bot
