/usr/bin/ld: CMakeFiles/task1.dir/src/task1.cpp.o: warning: relocation against `_ZTVN4YAML9ExceptionE' in read-only section `.text._ZN4YAML9ExceptionC2ERKNS_4MarkERKNSt7__cxx1112basic_stringIcSt11char_traitsIcESaIcEEE[_ZN4YAML9ExceptionC5ERKNS_4MarkERKNSt7__cxx1112basic_stringIcSt11char_traitsIcESaIcEEE]'
/usr/bin/ld: CMakeFiles/task1.dir/src/task1.cpp.o: in function `YAML::Exception::Exception(YAML::Mark const&, std::__cxx11::basic_string<char, std::char_traits<char>, std::allocator<char> > const&)':
task1.cpp:(.text._ZN4YAML9ExceptionC2ERKNS_4MarkERKNSt7__cxx1112basic_stringIcSt11char_traitsIcESaIcEEE[_ZN4YAML9ExceptionC5ERKNS_4MarkERKNSt7__cxx1112basic_stringIcSt11char_traitsIcESaIcEEE]+0x61): undefined reference to `vtable for YAML::Exception'
/usr/bin/ld: CMakeFiles/task1.dir/src/task1.cpp.o: in function `YAML::RepresentationException::RepresentationException(YAML::Mark const&, std::__cxx11::basic_string<char, std::char_traits<char>, std::allocator<char> > const&)':
task1.cpp:(.text._ZN4YAML23RepresentationExceptionC2ERKNS_4MarkERKNSt7__cxx1112basic_stringIcSt11char_traitsIcESaIcEEE[_ZN4YAML23RepresentationExceptionC5ERKNS_4MarkERKNSt7__cxx1112basic_stringIcSt11char_traitsIcESaIcEEE]+0x32): undefined reference to `vtable for YAML::RepresentationException'
/usr/bin/ld: CMakeFiles/task1.dir/src/task1.cpp.o: in function `YAML::InvalidNode::InvalidNode(std::__cxx11::basic_string<char, std::char_traits<char>, std::allocator<char> > const&)':
task1.cpp:(.text._ZN4YAML11InvalidNodeC2ERKNSt7__cxx1112basic_stringIcSt11char_traitsIcESaIcEEE[_ZN4YAML11InvalidNodeC5ERKNSt7__cxx1112basic_stringIcSt11char_traitsIcESaIcEEE]+0x71): undefined reference to `vtable for YAML::InvalidNode'
/usr/bin/ld: CMakeFiles/task1.dir/src/task1.cpp.o: in function `YAML::BadConversion::BadConversion(YAML::Mark const&)':
task1.cpp:(.text._ZN4YAML13BadConversionC2ERKNS_4MarkE[_ZN4YAML13BadConversionC5ERKNS_4MarkE]+0x7c): undefined reference to `vtable for YAML::BadConversion'
/usr/bin/ld: CMakeFiles/task1.dir/src/task1.cpp.o: in function `YAML::detail::memory_holder::create_node()':
task1.cpp:(.text._ZN4YAML6detail13memory_holder11create_nodeEv[_ZN4YAML6detail13memory_holder11create_nodeEv]+0x20): undefined reference to `YAML::detail::memory::create_node()'
/usr/bin/ld: CMakeFiles/task1.dir/src/task1.cpp.o: in function `YAML::detail::node_ref::mark_defined()':
task1.cpp:(.text._ZN4YAML6detail8node_ref12mark_definedEv[_ZN4YAML6detail8node_ref12mark_definedEv]+0x20): undefined reference to `YAML::detail::node_data::mark_defined()'
/usr/bin/ld: CMakeFiles/task1.dir/src/task1.cpp.o: in function `YAML::detail::node_ref::set_null()':
task1.cpp:(.text._ZN4YAML6detail8node_ref8set_nullEv[_ZN4YAML6detail8node_ref8set_nullEv]+0x20): undefined reference to `YAML::detail::node_data::set_null()'
/usr/bin/ld: CMakeFiles/task1.dir/src/task1.cpp.o: in function `YAML::detail::node_ref::set_scalar(std::__cxx11::basic_string<char, std::char_traits<char>, std::allocator<char> > const&)':
task1.cpp:(.text._ZN4YAML6detail8node_ref10set_scalarERKNSt7__cxx1112basic_stringIcSt11char_traitsIcESaIcEEE[_ZN4YAML6detail8node_ref10set_scalarERKNSt7__cxx1112basic_stringIcSt11char_traitsIcESaIcEEE]+0x2e): undefined reference to `YAML::detail::node_data::set_scalar(std::__cxx11::basic_string<char, std::char_traits<char>, std::allocator<char> > const&)'
/usr/bin/ld: CMakeFiles/task1.dir/src/task1.cpp.o: in function `YAML::detail::node_ref::begin()':
task1.cpp:(.text._ZN4YAML6detail8node_ref5beginEv[_ZN4YAML6detail8node_ref5beginEv]+0x3d): undefined reference to `YAML::detail::node_data::begin()'
/usr/bin/ld: CMakeFiles/task1.dir/src/task1.cpp.o: in function `YAML::detail::node_ref::end()':
task1.cpp:(.text._ZN4YAML6detail8node_ref3endEv[_ZN4YAML6detail8node_ref3endEv]+0x3d): undefined reference to `YAML::detail::node_data::end()'
/usr/bin/ld: CMakeFiles/task1.dir/src/task1.cpp.o: in function `YAML::Node::EnsureNodeExists() const':
task1.cpp:(.text._ZNK4YAML4Node16EnsureNodeExistsEv[_ZNK4YAML4Node16EnsureNodeExistsEv]+0x44): undefined reference to `YAML::InvalidNode::~InvalidNode()'
/usr/bin/ld: task1.cpp:(.text._ZNK4YAML4Node16EnsureNodeExistsEv[_ZNK4YAML4Node16EnsureNodeExistsEv]+0x4e): undefined reference to `typeinfo for YAML::InvalidNode'
/usr/bin/ld: CMakeFiles/task1.dir/src/task1.cpp.o: in function `YAML::Node::Mark() const':
task1.cpp:(.text._ZNK4YAML4Node4MarkEv[_ZNK4YAML4Node4MarkEv]+0x44): undefined reference to `YAML::InvalidNode::~InvalidNode()'
/usr/bin/ld: task1.cpp:(.text._ZNK4YAML4Node4MarkEv[_ZNK4YAML4Node4MarkEv]+0x4e): undefined reference to `typeinfo for YAML::InvalidNode'
/usr/bin/ld: CMakeFiles/task1.dir/src/task1.cpp.o: in function `YAML::Node::Type() const':
task1.cpp:(.text._ZNK4YAML4Node4TypeEv[_ZNK4YAML4Node4TypeEv]+0x44): undefined reference to `YAML::InvalidNode::~InvalidNode()'
/usr/bin/ld: task1.cpp:(.text._ZNK4YAML4Node4TypeEv[_ZNK4YAML4Node4TypeEv]+0x4e): undefined reference to `typeinfo for YAML::InvalidNode'
/usr/bin/ld: CMakeFiles/task1.dir/src/task1.cpp.o: in function `YAML::Node::Scalar[abi:cxx11]() const':
task1.cpp:(.text._ZNK4YAML4Node6ScalarB5cxx11Ev[_ZNK4YAML4Node6ScalarB5cxx11Ev]+0x44): undefined reference to `YAML::InvalidNode::~InvalidNode()'
/usr/bin/ld: task1.cpp:(.text._ZNK4YAML4Node6ScalarB5cxx11Ev[_ZNK4YAML4Node6ScalarB5cxx11Ev]+0x4e): undefined reference to `typeinfo for YAML::InvalidNode'
/usr/bin/ld: task1.cpp:(.text._ZNK4YAML4Node6ScalarB5cxx11Ev[_ZNK4YAML4Node6ScalarB5cxx11Ev]+0x7d): undefined reference to `YAML::detail::node_data::empty_scalar[abi:cxx11]()'
/usr/bin/ld: CMakeFiles/task1.dir/src/task1.cpp.o: in function `Navigator::corr_callback(std::shared_ptr<std_msgs::msg::Int8_<std::allocator<void> > >)':
task1.cpp:(.text._ZN9Navigator13corr_callbackESt10shared_ptrIN8std_msgs3msg5Int8_ISaIvEEEE[_ZN9Navigator13corr_callbackESt10shared_ptrIN8std_msgs3msg5Int8_ISaIvEEEE]+0xf4): undefined reference to `YAML::LoadFile(std::__cxx11::basic_string<char, std::char_traits<char>, std::allocator<char> > const&)'
/usr/bin/ld: CMakeFiles/task1.dir/src/task1.cpp.o: in function `std::vector<double, std::allocator<double> > YAML::Node::as<std::vector<double, std::allocator<double> > >() const':
task1.cpp:(.text._ZNK4YAML4Node2asISt6vectorIdSaIdEEEET_v[_ZNK4YAML4Node2asISt6vectorIdSaIdEEEET_v]+0x57): undefined reference to `YAML::InvalidNode::~InvalidNode()'
/usr/bin/ld: task1.cpp:(.text._ZNK4YAML4Node2asISt6vectorIdSaIdEEEET_v[_ZNK4YAML4Node2asISt6vectorIdSaIdEEEET_v]+0x61): undefined reference to `typeinfo for YAML::InvalidNode'
/usr/bin/ld: CMakeFiles/task1.dir/src/task1.cpp.o: in function `YAML::TypedBadConversion<std::vector<double, std::allocator<double> > >::~TypedBadConversion()':
task1.cpp:(.text._ZN4YAML18TypedBadConversionISt6vectorIdSaIdEEED2Ev[_ZN4YAML18TypedBadConversionISt6vectorIdSaIdEEED5Ev]+0x26): undefined reference to `YAML::BadConversion::~BadConversion()'
/usr/bin/ld: CMakeFiles/task1.dir/src/task1.cpp.o: in function `YAML::detail::node& YAML::detail::node_data::get<std::__cxx11::basic_string<char, std::char_traits<char>, std::allocator<char> > >(std::__cxx11::basic_string<char, std::char_traits<char>, std::allocator<char> > const&, std::shared_ptr<YAML::detail::memory_holder>)':
task1.cpp:(.text._ZN4YAML6detail9node_data3getINSt7__cxx1112basic_stringIcSt11char_traitsIcESaIcEEEEERNS0_4nodeERKT_St10shared_ptrINS0_13memory_holderEE[_ZN4YAML6detail9node_data3getINSt7__cxx1112basic_stringIcSt11char_traitsIcESaIcEEEEERNS0_4nodeERKT_St10shared_ptrINS0_13memory_holderEE]+0xd3): undefined reference to `YAML::detail::node_data::convert_to_map(std::shared_ptr<YAML::detail::memory_holder> const&)'
/usr/bin/ld: task1.cpp:(.text._ZN4YAML6detail9node_data3getINSt7__cxx1112basic_stringIcSt11char_traitsIcESaIcEEEEERNS0_4nodeERKT_St10shared_ptrINS0_13memory_holderEE[_ZN4YAML6detail9node_data3getINSt7__cxx1112basic_stringIcSt11char_traitsIcESaIcEEEEERNS0_4nodeERKT_St10shared_ptrINS0_13memory_holderEE]+0x103): undefined reference to `YAML::BadSubscript::~BadSubscript()'
/usr/bin/ld: task1.cpp:(.text._ZN4YAML6detail9node_data3getINSt7__cxx1112basic_stringIcSt11char_traitsIcESaIcEEEEERNS0_4nodeERKT_St10shared_ptrINS0_13memory_holderEE[_ZN4YAML6detail9node_data3getINSt7__cxx1112basic_stringIcSt11char_traitsIcESaIcEEEEERNS0_4nodeERKT_St10shared_ptrINS0_13memory_holderEE]+0x10d): undefined reference to `typeinfo for YAML::BadSubscript'
/usr/bin/ld: task1.cpp:(.text._ZN4YAML6detail9node_data3getINSt7__cxx1112basic_stringIcSt11char_traitsIcESaIcEEEEERNS0_4nodeERKT_St10shared_ptrINS0_13memory_holderEE[_ZN4YAML6detail9node_data3getINSt7__cxx1112basic_stringIcSt11char_traitsIcESaIcEEEEERNS0_4nodeERKT_St10shared_ptrINS0_13memory_holderEE]+0x1fb): undefined reference to `YAML::detail::node_data::insert_map_pair(YAML::detail::node&, YAML::detail::node&)'
/usr/bin/ld: CMakeFiles/task1.dir/src/task1.cpp.o: in function `double YAML::Node::as<double>() const':
task1.cpp:(.text._ZNK4YAML4Node2asIdEET_v[_ZNK4YAML4Node2asIdEET_v]+0x53): undefined reference to `YAML::InvalidNode::~InvalidNode()'
/usr/bin/ld: task1.cpp:(.text._ZNK4YAML4Node2asIdEET_v[_ZNK4YAML4Node2asIdEET_v]+0x5d): undefined reference to `typeinfo for YAML::InvalidNode'
/usr/bin/ld: CMakeFiles/task1.dir/src/task1.cpp.o: in function `YAML::BadSubscript::BadSubscript<std::__cxx11::basic_string<char, std::char_traits<char>, std::allocator<char> > >(YAML::Mark const&, std::__cxx11::basic_string<char, std::char_traits<char>, std::allocator<char> > const&)':
task1.cpp:(.text._ZN4YAML12BadSubscriptC2INSt7__cxx1112basic_stringIcSt11char_traitsIcESaIcEEEEERKNS_4MarkERKT_[_ZN4YAML12BadSubscriptC5INSt7__cxx1112basic_stringIcSt11char_traitsIcESaIcEEEEERKNS_4MarkERKT_]+0x61): undefined reference to `vtable for YAML::BadSubscript'
/usr/bin/ld: CMakeFiles/task1.dir/src/task1.cpp.o: in function `YAML::detail::node& YAML::detail::node_data::convert_to_node<std::__cxx11::basic_string<char, std::char_traits<char>, std::allocator<char> > >(std::__cxx11::basic_string<char, std::char_traits<char>, std::allocator<char> > const&, std::shared_ptr<YAML::detail::memory_holder>)':
task1.cpp:(.text._ZN4YAML6detail9node_data15convert_to_nodeINSt7__cxx1112basic_stringIcSt11char_traitsIcESaIcEEEEERNS0_4nodeERKT_St10shared_ptrINS0_13memory_holderEE[_ZN4YAML6detail9node_data15convert_to_nodeINSt7__cxx1112basic_stringIcSt11char_traitsIcESaIcEEEEERNS0_4nodeERKT_St10shared_ptrINS0_13memory_holderEE]+0x69): undefined reference to `YAML::detail::memory_holder::merge(YAML::detail::memory_holder&)'
/usr/bin/ld: CMakeFiles/task1.dir/src/task1.cpp.o: in function `YAML::TypedBadConversion<double>::~TypedBadConversion()':
task1.cpp:(.text._ZN4YAML18TypedBadConversionIdED2Ev[_ZN4YAML18TypedBadConversionIdED5Ev]+0x26): undefined reference to `YAML::BadConversion::~BadConversion()'
/usr/bin/ld: CMakeFiles/task1.dir/src/task1.cpp.o:(.data.rel.ro._ZTIN4YAML18TypedBadConversionIdEE[_ZTIN4YAML18TypedBadConversionIdEE]+0x10): undefined reference to `typeinfo for YAML::BadConversion'
/usr/bin/ld: CMakeFiles/task1.dir/src/task1.cpp.o:(.data.rel.ro._ZTIN4YAML18TypedBadConversionISt6vectorIdSaIdEEEE[_ZTIN4YAML18TypedBadConversionISt6vectorIdSaIdEEEE]+0x10): undefined reference to `typeinfo for YAML::BadConversion'
/usr/bin/ld: warning: creating DT_TEXTREL in a PIE
collect2: error: ld returned 1 exit status
gmake[2]: *** [CMakeFiles/task1.dir/build.make:167: task1] Error 1
gmake[1]: *** [CMakeFiles/Makefile2:165: CMakeFiles/task1.dir/all] Error 2
gmake[1]: *** Waiting for unfinished jobs....
gmake: *** [Makefile:146: all] Error 2
