-- Found ament_cmake: 1.3.11 (/opt/ros/humble/share/ament_cmake/cmake)
-- Found rclcpp: 16.0.12 (/opt/ros/humble/share/rclcpp/cmake)
-- Found rosidl_generator_c: 3.1.6 (/opt/ros/humble/share/rosidl_generator_c/cmake)
-- Found rosidl_adapter: 3.1.6 (/opt/ros/humble/share/rosidl_adapter/cmake)
-- Found rosidl_generator_cpp: 3.1.6 (/opt/ros/humble/share/rosidl_generator_cpp/cmake)
-- Using all available rosidl_typesupport_c: rosidl_typesupport_fastrtps_c;rosidl_typesupport_introspection_c
-- Using all available rosidl_typesupport_cpp: rosidl_typesupport_fastrtps_cpp;rosidl_typesupport_introspection_cpp
-- Found rmw_implementation_cmake: 6.1.2 (/opt/ros/humble/share/rmw_implementation_cmake/cmake)
-- Found rmw_fastrtps_cpp: 6.2.7 (/opt/ros/humble/share/rmw_fastrtps_cpp/cmake)
-- Using RMW implementation 'rmw_fastrtps_cpp' as default
-- Found rosidl_default_generators: 1.2.0 (/opt/ros/humble/share/rosidl_default_generators/cmake)
-- Found ament_cmake_ros: 0.10.0 (/opt/ros/humble/share/ament_cmake_ros/cmake)
-- Using all available rosidl_typesupport_c: rosidl_typesupport_fastrtps_c;rosidl_typesupport_introspection_c
-- Using all available rosidl_typesupport_cpp: rosidl_typesupport_fastrtps_cpp;rosidl_typesupport_introspection_cpp
-- Found PythonInterp: /usr/bin/python3 (found suitable version "3.10.12", minimum required is "3.6") 
-- Found python_cmake_module: 0.10.0 (/opt/ros/humble/share/python_cmake_module/cmake)
-- Found PythonLibs: /usr/lib/x86_64-linux-gnu/libpython3.10.so (found suitable version "3.10.12", minimum required is "3.5") 
-- Using PYTHON_EXECUTABLE: /usr/bin/python3
-- Using PYTHON_INCLUDE_DIRS: /usr/include/python3.10
-- Using PYTHON_LIBRARIES: /usr/lib/x86_64-linux-gnu/libpython3.10.so
-- Found PythonExtra: .so  
-- Configuring done
-- Generating done
-- Build files have been written to: /home/ayush/Documents/cafeBot_ws/build/cafe_bot
[  3%] [34m[1mGenerating C code for ROS interfaces[0m
[  9%] [34m[1mGenerating C++ code for ROS interfaces[0m
[  9%] [32mBuilding CXX object CMakeFiles/order.dir/src/order.cpp.o[0m
[  9%] Built target ament_cmake_python_copy_cafe_bot
[  9%] Built target cafe_bot__cpp
[ 21%] [34m[1mGenerating C++ introspection for ROS interfaces[0m
[ 21%] [34m[1mGenerating C++ type support for eProsima Fast-RTPS[0m
[ 21%] [34m[1mGenerating C++ type support dispatch for ROS interfaces[0m
[ 21%] [32mBuilding C object CMakeFiles/cafe_bot__rosidl_generator_c.dir/rosidl_generator_c/cafe_bot/msg/detail/order__functions.c.o[0m
running egg_info
creating cafe_bot.egg-info
writing cafe_bot.egg-info/PKG-INFO
writing dependency_links to cafe_bot.egg-info/dependency_links.txt
writing top-level names to cafe_bot.egg-info/top_level.txt
writing manifest file 'cafe_bot.egg-info/SOURCES.txt'
reading manifest file 'cafe_bot.egg-info/SOURCES.txt'
writing manifest file 'cafe_bot.egg-info/SOURCES.txt'
[ 21%] Built target ament_cmake_python_build_cafe_bot_egg
[ 24%] [32m[1mLinking C shared library libcafe_bot__rosidl_generator_c.so[0m
[ 24%] Built target cafe_bot__rosidl_generator_c
[ 27%] [34m[1mGenerating C introspection for ROS interfaces[0m
[ 30%] [34m[1mGenerating C type support dispatch for ROS interfaces[0m
[ 33%] [34m[1mGenerating C type support for eProsima Fast-RTPS[0m
[ 36%] [32mBuilding CXX object CMakeFiles/cafe_bot__rosidl_typesupport_cpp.dir/rosidl_typesupport_cpp/cafe_bot/msg/order__type_support.cpp.o[0m
[01m[K/home/ayush/Documents/cafeBot_ws/src/cafe_bot/src/order.cpp:2:10:[m[K [01;31m[Kfatal error: [m[Kcafe_bot/msgs/Order.hpp: No such file or directory
    2 | #include [01;31m[K"cafe_bot/msgs/Order.hpp"[m[K
      |          [01;31m[K^~~~~~~~~~~~~~~~~~~~~~~~~[m[K
compilation terminated.
gmake[2]: *** [CMakeFiles/order.dir/build.make:76: CMakeFiles/order.dir/src/order.cpp.o] Error 1
gmake[1]: *** [CMakeFiles/Makefile2:592: CMakeFiles/order.dir/all] Error 2
gmake[1]: *** Waiting for unfinished jobs....
[ 39%] [32mBuilding CXX object CMakeFiles/cafe_bot__rosidl_typesupport_introspection_cpp.dir/rosidl_typesupport_introspection_cpp/cafe_bot/msg/detail/order__type_support.cpp.o[0m
[ 42%] [32mBuilding CXX object CMakeFiles/cafe_bot__rosidl_typesupport_fastrtps_cpp.dir/rosidl_typesupport_fastrtps_cpp/cafe_bot/msg/detail/dds_fastrtps/order__type_support.cpp.o[0m
[ 45%] [32mBuilding CXX object CMakeFiles/cafe_bot__rosidl_typesupport_c.dir/rosidl_typesupport_c/cafe_bot/msg/order__type_support.cpp.o[0m
[ 48%] [32m[1mLinking CXX shared library libcafe_bot__rosidl_typesupport_c.so[0m
[ 48%] Built target cafe_bot__rosidl_typesupport_c
[ 51%] [32m[1mLinking CXX shared library libcafe_bot__rosidl_typesupport_cpp.so[0m
[ 57%] [32mBuilding C object CMakeFiles/cafe_bot__rosidl_typesupport_introspection_c.dir/rosidl_typesupport_introspection_c/cafe_bot/msg/detail/order__type_support.c.o[0m
[ 57%] [32mBuilding CXX object CMakeFiles/cafe_bot__rosidl_typesupport_fastrtps_c.dir/rosidl_typesupport_fastrtps_c/cafe_bot/msg/detail/order__type_support_c.cpp.o[0m
[ 57%] Built target cafe_bot__rosidl_typesupport_cpp
[ 60%] [32m[1mLinking C shared library libcafe_bot__rosidl_typesupport_introspection_c.so[0m
[ 60%] Built target cafe_bot__rosidl_typesupport_introspection_c
[ 63%] [32m[1mLinking CXX shared library libcafe_bot__rosidl_typesupport_introspection_cpp.so[0m
[ 66%] [32m[1mLinking CXX shared library libcafe_bot__rosidl_typesupport_fastrtps_cpp.so[0m
[ 66%] Built target cafe_bot__rosidl_typesupport_introspection_cpp
[ 66%] Built target cafe_bot__rosidl_typesupport_fastrtps_cpp
[ 69%] [32m[1mLinking CXX shared library libcafe_bot__rosidl_typesupport_fastrtps_c.so[0m
[ 69%] Built target cafe_bot__rosidl_typesupport_fastrtps_c
gmake: *** [Makefile:146: all] Error 2
