[0.009s] Invoking command in '/home/ayush/Documents/cafeBot_ws/build/cafe_bot': CMAKE_PREFIX_PATH=${CMAKE_PREFIX_PATH}:/opt/ros/humble /usr/bin/cmake --build /home/ayush/Documents/cafeBot_ws/build/cafe_bot -- -j12 -l12
[0.033s] -- Found ament_cmake: 1.3.11 (/opt/ros/humble/share/ament_cmake/cmake)
[0.146s] -- Found rclcpp: 16.0.12 (/opt/ros/humble/share/rclcpp/cmake)
[0.186s] -- Found rosidl_generator_c: 3.1.6 (/opt/ros/humble/share/rosidl_generator_c/cmake)
[0.189s] -- Found rosidl_adapter: 3.1.6 (/opt/ros/humble/share/rosidl_adapter/cmake)
[0.196s] -- Found rosidl_generator_cpp: 3.1.6 (/opt/ros/humble/share/rosidl_generator_cpp/cmake)
[0.209s] -- Using all available rosidl_typesupport_c: rosidl_typesupport_fastrtps_c;rosidl_typesupport_introspection_c
[0.228s] -- Using all available rosidl_typesupport_cpp: rosidl_typesupport_fastrtps_cpp;rosidl_typesupport_introspection_cpp
[0.261s] -- Found rmw_implementation_cmake: 6.1.2 (/opt/ros/humble/share/rmw_implementation_cmake/cmake)
[0.263s] -- Found rmw_fastrtps_cpp: 6.2.7 (/opt/ros/humble/share/rmw_fastrtps_cpp/cmake)
[0.349s] -- Using RMW implementation 'rmw_fastrtps_cpp' as default
[0.395s] -- Found rosidl_default_generators: 1.2.0 (/opt/ros/humble/share/rosidl_default_generators/cmake)
[0.590s] -- Found ament_cmake_ros: 0.10.0 (/opt/ros/humble/share/ament_cmake_ros/cmake)
[0.845s] -- Using all available rosidl_typesupport_c: rosidl_typesupport_fastrtps_c;rosidl_typesupport_introspection_c
[0.946s] -- Using all available rosidl_typesupport_cpp: rosidl_typesupport_fastrtps_cpp;rosidl_typesupport_introspection_cpp
[0.963s] -- Found PythonInterp: /usr/bin/python3 (found suitable version "3.10.12", minimum required is "3.6") 
[0.965s] -- Found python_cmake_module: 0.10.0 (/opt/ros/humble/share/python_cmake_module/cmake)
[0.985s] -- Found PythonLibs: /usr/lib/x86_64-linux-gnu/libpython3.10.so (found suitable version "3.10.12", minimum required is "3.5") 
[0.985s] -- Using PYTHON_EXECUTABLE: /usr/bin/python3
[0.985s] -- Using PYTHON_INCLUDE_DIRS: /usr/include/python3.10
[0.985s] -- Using PYTHON_LIBRARIES: /usr/lib/x86_64-linux-gnu/libpython3.10.so
[0.999s] -- Found PythonExtra: .so  
[1.040s] -- Configuring done
[1.076s] -- Generating done
[1.092s] -- Build files have been written to: /home/ayush/Documents/cafeBot_ws/build/cafe_bot
[1.114s] [  3%] [34m[1mGenerating C code for ROS interfaces[0m
[1.121s] [  9%] [34m[1mGenerating C++ code for ROS interfaces[0m
[1.121s] [  9%] [32mBuilding CXX object CMakeFiles/order.dir/src/order.cpp.o[0m
[1.127s] [  9%] Built target ament_cmake_python_copy_cafe_bot
[1.323s] [  9%] Built target cafe_bot__cpp
[1.331s] [ 21%] [34m[1mGenerating C++ introspection for ROS interfaces[0m
[1.331s] [ 21%] [34m[1mGenerating C++ type support for eProsima Fast-RTPS[0m
[1.331s] [ 21%] [34m[1mGenerating C++ type support dispatch for ROS interfaces[0m
[1.331s] [ 21%] [32mBuilding C object CMakeFiles/cafe_bot__rosidl_generator_c.dir/rosidl_generator_c/cafe_bot/msg/detail/order__functions.c.o[0m
[1.371s] running egg_info
[1.371s] creating cafe_bot.egg-info
[1.372s] writing cafe_bot.egg-info/PKG-INFO
[1.372s] writing dependency_links to cafe_bot.egg-info/dependency_links.txt
[1.372s] writing top-level names to cafe_bot.egg-info/top_level.txt
[1.372s] writing manifest file 'cafe_bot.egg-info/SOURCES.txt'
[1.379s] reading manifest file 'cafe_bot.egg-info/SOURCES.txt'
[1.380s] writing manifest file 'cafe_bot.egg-info/SOURCES.txt'
[1.405s] [ 21%] Built target ament_cmake_python_build_cafe_bot_egg
[1.410s] [ 24%] [32m[1mLinking C shared library libcafe_bot__rosidl_generator_c.so[0m
[1.445s] [ 24%] Built target cafe_bot__rosidl_generator_c
[1.454s] [ 27%] [34m[1mGenerating C introspection for ROS interfaces[0m
[1.454s] [ 30%] [34m[1mGenerating C type support dispatch for ROS interfaces[0m
[1.454s] [ 33%] [34m[1mGenerating C type support for eProsima Fast-RTPS[0m
[1.501s] [ 36%] [32mBuilding CXX object CMakeFiles/cafe_bot__rosidl_typesupport_cpp.dir/rosidl_typesupport_cpp/cafe_bot/msg/order__type_support.cpp.o[0m
[1.502s] [01m[K/home/ayush/Documents/cafeBot_ws/src/cafe_bot/src/order.cpp:2:10:[m[K [01;31m[Kfatal error: [m[Kcafe_bot/msgs/Order.hpp: No such file or directory
[1.503s]     2 | #include [01;31m[K"cafe_bot/msgs/Order.hpp"[m[K
[1.503s]       |          [01;31m[K^~~~~~~~~~~~~~~~~~~~~~~~~[m[K
[1.503s] compilation terminated.
[1.506s] gmake[2]: *** [CMakeFiles/order.dir/build.make:76: CMakeFiles/order.dir/src/order.cpp.o] Error 1
[1.506s] gmake[1]: *** [CMakeFiles/Makefile2:592: CMakeFiles/order.dir/all] Error 2
[1.506s] gmake[1]: *** Waiting for unfinished jobs....
[1.509s] [ 39%] [32mBuilding CXX object CMakeFiles/cafe_bot__rosidl_typesupport_introspection_cpp.dir/rosidl_typesupport_introspection_cpp/cafe_bot/msg/detail/order__type_support.cpp.o[0m
[1.527s] [ 42%] [32mBuilding CXX object CMakeFiles/cafe_bot__rosidl_typesupport_fastrtps_cpp.dir/rosidl_typesupport_fastrtps_cpp/cafe_bot/msg/detail/dds_fastrtps/order__type_support.cpp.o[0m
[1.619s] [ 45%] [32mBuilding CXX object CMakeFiles/cafe_bot__rosidl_typesupport_c.dir/rosidl_typesupport_c/cafe_bot/msg/order__type_support.cpp.o[0m
[1.646s] [ 48%] [32m[1mLinking CXX shared library libcafe_bot__rosidl_typesupport_c.so[0m
[1.680s] [ 48%] Built target cafe_bot__rosidl_typesupport_c
[1.705s] [ 51%] [32m[1mLinking CXX shared library libcafe_bot__rosidl_typesupport_cpp.so[0m
[1.732s] [ 57%] [32mBuilding C object CMakeFiles/cafe_bot__rosidl_typesupport_introspection_c.dir/rosidl_typesupport_introspection_c/cafe_bot/msg/detail/order__type_support.c.o[0m
[1.732s] [ 57%] [32mBuilding CXX object CMakeFiles/cafe_bot__rosidl_typesupport_fastrtps_c.dir/rosidl_typesupport_fastrtps_c/cafe_bot/msg/detail/order__type_support_c.cpp.o[0m
[1.750s] [ 57%] Built target cafe_bot__rosidl_typesupport_cpp
[1.758s] [ 60%] [32m[1mLinking C shared library libcafe_bot__rosidl_typesupport_introspection_c.so[0m
[1.783s] [ 60%] Built target cafe_bot__rosidl_typesupport_introspection_c
[1.788s] [ 63%] [32m[1mLinking CXX shared library libcafe_bot__rosidl_typesupport_introspection_cpp.so[0m
[1.813s] [ 66%] [32m[1mLinking CXX shared library libcafe_bot__rosidl_typesupport_fastrtps_cpp.so[0m
[1.837s] [ 66%] Built target cafe_bot__rosidl_typesupport_introspection_cpp
[1.870s] [ 66%] Built target cafe_bot__rosidl_typesupport_fastrtps_cpp
[1.958s] [ 69%] [32m[1mLinking CXX shared library libcafe_bot__rosidl_typesupport_fastrtps_c.so[0m
[2.008s] [ 69%] Built target cafe_bot__rosidl_typesupport_fastrtps_c
[2.009s] gmake: *** [Makefile:146: all] Error 2
[2.011s] Invoked command in '/home/ayush/Documents/cafeBot_ws/build/cafe_bot' returned '2': CMAKE_PREFIX_PATH=${CMAKE_PREFIX_PATH}:/opt/ros/humble /usr/bin/cmake --build /home/ayush/Documents/cafeBot_ws/build/cafe_bot -- -j12 -l12
