[0.014s] Invoking command in '/home/ayush/Documents/cafeBot_ws/build/cafe_bot': CMAKE_PREFIX_PATH=${CMAKE_PREFIX_PATH}:/opt/ros/humble /usr/bin/cmake --build /home/ayush/Documents/cafeBot_ws/build/cafe_bot -- -j12 -l12
[0.057s] [35m[1mConsolidate compiler generated dependencies of target task3[0m
[0.058s] [ 25%] Built target order
[0.059s] [ 50%] Built target task1
[0.059s] [ 75%] Built target task2
[0.073s] [ 87%] [32mBuilding CXX object CMakeFiles/task3.dir/src/task3.cpp.o[0m
[9.042s] [100%] [32m[1mLinking CXX executable task3[0m
[9.663s] [100%] Built target task3
[9.673s] Invoked command in '/home/ayush/Documents/cafeBot_ws/build/cafe_bot' returned '0': CMAKE_PREFIX_PATH=${CMAKE_PREFIX_PATH}:/opt/ros/humble /usr/bin/cmake --build /home/ayush/Documents/cafeBot_ws/build/cafe_bot -- -j12 -l12
[9.682s] Invoking command in '/home/ayush/Documents/cafeBot_ws/build/cafe_bot': CMAKE_PREFIX_PATH=${CMAKE_PREFIX_PATH}:/opt/ros/humble /usr/bin/cmake --install /home/ayush/Documents/cafeBot_ws/build/cafe_bot
[9.687s] -- Install configuration: ""
[9.688s] -- Up-to-date: /home/ayush/Documents/cafeBot_ws/install/cafe_bot/lib/cafe_bot/order
[9.689s] -- Up-to-date: /home/ayush/Documents/cafeBot_ws/install/cafe_bot/lib/cafe_bot/task1
[9.690s] -- Up-to-date: /home/ayush/Documents/cafeBot_ws/install/cafe_bot/lib/cafe_bot/task2
[9.691s] -- Installing: /home/ayush/Documents/cafeBot_ws/install/cafe_bot/lib/cafe_bot/task3
[9.696s] -- Set runtime path of "/home/ayush/Documents/cafeBot_ws/install/cafe_bot/lib/cafe_bot/task3" to ""
[9.696s] -- Up-to-date: /home/ayush/Documents/cafeBot_ws/install/cafe_bot/share/cafe_bot/config
[9.696s] -- Up-to-date: /home/ayush/Documents/cafeBot_ws/install/cafe_bot/share/cafe_bot/config/nav2_params.yaml
[9.696s] -- Up-to-date: /home/ayush/Documents/cafeBot_ws/install/cafe_bot/share/cafe_bot/config/mapper_params_online_async.yaml
[9.696s] -- Up-to-date: /home/ayush/Documents/cafeBot_ws/install/cafe_bot/share/cafe_bot/config/location.yaml
[9.696s] -- Up-to-date: /home/ayush/Documents/cafeBot_ws/install/cafe_bot/share/cafe_bot/config/twist_mux.yaml
[9.696s] -- Up-to-date: /home/ayush/Documents/cafeBot_ws/install/cafe_bot/share/cafe_bot/description
[9.696s] -- Up-to-date: /home/ayush/Documents/cafeBot_ws/install/cafe_bot/share/cafe_bot/description/gazebo_control.xacro
[9.696s] -- Up-to-date: /home/ayush/Documents/cafeBot_ws/install/cafe_bot/share/cafe_bot/description/inertial_macros.xacro
[9.696s] -- Up-to-date: /home/ayush/Documents/cafeBot_ws/install/cafe_bot/share/cafe_bot/description/sensor.xacro
[9.696s] -- Up-to-date: /home/ayush/Documents/cafeBot_ws/install/cafe_bot/share/cafe_bot/description/bot_structure.urdf.xacro
[9.696s] -- Up-to-date: /home/ayush/Documents/cafeBot_ws/install/cafe_bot/share/cafe_bot/launch
[9.696s] -- Up-to-date: /home/ayush/Documents/cafeBot_ws/install/cafe_bot/share/cafe_bot/launch/sim_launch.py
[9.697s] -- Up-to-date: /home/ayush/Documents/cafeBot_ws/install/cafe_bot/share/cafe_bot/launch/cafeBot_ws.code-workspace
[9.697s] -- Up-to-date: /home/ayush/Documents/cafeBot_ws/install/cafe_bot/share/cafe_bot/world
[9.697s] -- Up-to-date: /home/ayush/Documents/cafeBot_ws/install/cafe_bot/share/cafe_bot/world/cafe.world
[9.697s] -- Up-to-date: /home/ayush/Documents/cafeBot_ws/install/cafe_bot/share/ament_index/resource_index/package_run_dependencies/cafe_bot
[9.697s] -- Up-to-date: /home/ayush/Documents/cafeBot_ws/install/cafe_bot/share/ament_index/resource_index/parent_prefix_path/cafe_bot
[9.697s] -- Up-to-date: /home/ayush/Documents/cafeBot_ws/install/cafe_bot/share/cafe_bot/environment/ament_prefix_path.sh
[9.697s] -- Up-to-date: /home/ayush/Documents/cafeBot_ws/install/cafe_bot/share/cafe_bot/environment/ament_prefix_path.dsv
[9.697s] -- Up-to-date: /home/ayush/Documents/cafeBot_ws/install/cafe_bot/share/cafe_bot/environment/path.sh
[9.697s] -- Up-to-date: /home/ayush/Documents/cafeBot_ws/install/cafe_bot/share/cafe_bot/environment/path.dsv
[9.697s] -- Up-to-date: /home/ayush/Documents/cafeBot_ws/install/cafe_bot/share/cafe_bot/local_setup.bash
[9.697s] -- Up-to-date: /home/ayush/Documents/cafeBot_ws/install/cafe_bot/share/cafe_bot/local_setup.sh
[9.697s] -- Up-to-date: /home/ayush/Documents/cafeBot_ws/install/cafe_bot/share/cafe_bot/local_setup.zsh
[9.697s] -- Up-to-date: /home/ayush/Documents/cafeBot_ws/install/cafe_bot/share/cafe_bot/local_setup.dsv
[9.697s] -- Installing: /home/ayush/Documents/cafeBot_ws/install/cafe_bot/share/cafe_bot/package.dsv
[9.698s] -- Up-to-date: /home/ayush/Documents/cafeBot_ws/install/cafe_bot/share/ament_index/resource_index/packages/cafe_bot
[9.698s] -- Up-to-date: /home/ayush/Documents/cafeBot_ws/install/cafe_bot/share/cafe_bot/cmake/cafe_botConfig.cmake
[9.698s] -- Up-to-date: /home/ayush/Documents/cafeBot_ws/install/cafe_bot/share/cafe_bot/cmake/cafe_botConfig-version.cmake
[9.698s] -- Up-to-date: /home/ayush/Documents/cafeBot_ws/install/cafe_bot/share/cafe_bot/package.xml
[9.699s] Invoked command in '/home/ayush/Documents/cafeBot_ws/build/cafe_bot' returned '0': CMAKE_PREFIX_PATH=${CMAKE_PREFIX_PATH}:/opt/ros/humble /usr/bin/cmake --install /home/ayush/Documents/cafeBot_ws/build/cafe_bot
