[0.017s] Invoking command in '/home/ayush/Documents/cafeBot_ws/build/cafe_bot': CMAKE_PREFIX_PATH=${CMAKE_PREFIX_PATH}:/opt/ros/humble /usr/bin/cmake --build /home/ayush/Documents/cafeBot_ws/build/cafe_bot -- -j12 -l12
[0.172s] [35m[1mConsolidate compiler generated dependencies of target task1[0m
[0.202s] [ 33%] Built target order
[0.205s] [ 66%] Built target task2
[0.205s] [ 83%] [32mBuilding CXX object CMakeFiles/task1.dir/src/task1.cpp.o[0m
[38.938s] [100%] [32m[1mLinking CXX executable task1[0m
[39.753s] [100%] Built target task1
[39.770s] Invoked command in '/home/ayush/Documents/cafeBot_ws/build/cafe_bot' returned '0': CMAKE_PREFIX_PATH=${CMAKE_PREFIX_PATH}:/opt/ros/humble /usr/bin/cmake --build /home/ayush/Documents/cafeBot_ws/build/cafe_bot -- -j12 -l12
[39.785s] Invoking command in '/home/ayush/Documents/cafeBot_ws/build/cafe_bot': CMAKE_PREFIX_PATH=${CMAKE_PREFIX_PATH}:/opt/ros/humble /usr/bin/cmake --install /home/ayush/Documents/cafeBot_ws/build/cafe_bot
[39.794s] -- Install configuration: ""
[39.795s] -- Up-to-date: /home/ayush/Documents/cafeBot_ws/install/cafe_bot/lib/cafe_bot/order
[39.796s] -- Installing: /home/ayush/Documents/cafeBot_ws/install/cafe_bot/lib/cafe_bot/task1
[39.803s] -- Set runtime path of "/home/ayush/Documents/cafeBot_ws/install/cafe_bot/lib/cafe_bot/task1" to ""
[39.805s] -- Up-to-date: /home/ayush/Documents/cafeBot_ws/install/cafe_bot/lib/cafe_bot/task2
[39.810s] -- Up-to-date: /home/ayush/Documents/cafeBot_ws/install/cafe_bot/share/cafe_bot/config
[39.811s] -- Up-to-date: /home/ayush/Documents/cafeBot_ws/install/cafe_bot/share/cafe_bot/config/nav2_params.yaml
[39.812s] -- Up-to-date: /home/ayush/Documents/cafeBot_ws/install/cafe_bot/share/cafe_bot/config/mapper_params_online_async.yaml
[39.812s] -- Up-to-date: /home/ayush/Documents/cafeBot_ws/install/cafe_bot/share/cafe_bot/config/location.yaml
[39.812s] -- Up-to-date: /home/ayush/Documents/cafeBot_ws/install/cafe_bot/share/cafe_bot/config/twist_mux.yaml
[39.812s] -- Up-to-date: /home/ayush/Documents/cafeBot_ws/install/cafe_bot/share/cafe_bot/description
[39.812s] -- Up-to-date: /home/ayush/Documents/cafeBot_ws/install/cafe_bot/share/cafe_bot/description/gazebo_control.xacro
[39.812s] -- Up-to-date: /home/ayush/Documents/cafeBot_ws/install/cafe_bot/share/cafe_bot/description/inertial_macros.xacro
[39.812s] -- Up-to-date: /home/ayush/Documents/cafeBot_ws/install/cafe_bot/share/cafe_bot/description/sensor.xacro
[39.812s] -- Up-to-date: /home/ayush/Documents/cafeBot_ws/install/cafe_bot/share/cafe_bot/description/bot_structure.urdf.xacro
[39.812s] -- Up-to-date: /home/ayush/Documents/cafeBot_ws/install/cafe_bot/share/cafe_bot/launch
[39.813s] -- Up-to-date: /home/ayush/Documents/cafeBot_ws/install/cafe_bot/share/cafe_bot/launch/sim_launch.py
[39.813s] -- Up-to-date: /home/ayush/Documents/cafeBot_ws/install/cafe_bot/share/cafe_bot/launch/cafeBot_ws.code-workspace
[39.813s] -- Up-to-date: /home/ayush/Documents/cafeBot_ws/install/cafe_bot/share/cafe_bot/world
[39.814s] -- Up-to-date: /home/ayush/Documents/cafeBot_ws/install/cafe_bot/share/cafe_bot/world/cafe.world
[39.816s] -- Up-to-date: /home/ayush/Documents/cafeBot_ws/install/cafe_bot/share/ament_index/resource_index/package_run_dependencies/cafe_bot
[39.817s] -- Up-to-date: /home/ayush/Documents/cafeBot_ws/install/cafe_bot/share/ament_index/resource_index/parent_prefix_path/cafe_bot
[39.819s] -- Up-to-date: /home/ayush/Documents/cafeBot_ws/install/cafe_bot/share/cafe_bot/environment/ament_prefix_path.sh
[39.823s] -- Up-to-date: /home/ayush/Documents/cafeBot_ws/install/cafe_bot/share/cafe_bot/environment/ament_prefix_path.dsv
[39.823s] -- Up-to-date: /home/ayush/Documents/cafeBot_ws/install/cafe_bot/share/cafe_bot/environment/path.sh
[39.823s] -- Up-to-date: /home/ayush/Documents/cafeBot_ws/install/cafe_bot/share/cafe_bot/environment/path.dsv
[39.823s] -- Up-to-date: /home/ayush/Documents/cafeBot_ws/install/cafe_bot/share/cafe_bot/local_setup.bash
[39.823s] -- Up-to-date: /home/ayush/Documents/cafeBot_ws/install/cafe_bot/share/cafe_bot/local_setup.sh
[39.824s] -- Up-to-date: /home/ayush/Documents/cafeBot_ws/install/cafe_bot/share/cafe_bot/local_setup.zsh
[39.824s] -- Up-to-date: /home/ayush/Documents/cafeBot_ws/install/cafe_bot/share/cafe_bot/local_setup.dsv
[39.824s] -- Installing: /home/ayush/Documents/cafeBot_ws/install/cafe_bot/share/cafe_bot/package.dsv
[39.825s] -- Up-to-date: /home/ayush/Documents/cafeBot_ws/install/cafe_bot/share/ament_index/resource_index/packages/cafe_bot
[39.827s] -- Up-to-date: /home/ayush/Documents/cafeBot_ws/install/cafe_bot/share/cafe_bot/cmake/cafe_botConfig.cmake
[39.827s] -- Up-to-date: /home/ayush/Documents/cafeBot_ws/install/cafe_bot/share/cafe_bot/cmake/cafe_botConfig-version.cmake
[39.827s] -- Up-to-date: /home/ayush/Documents/cafeBot_ws/install/cafe_bot/share/cafe_bot/package.xml
[39.830s] Invoked command in '/home/ayush/Documents/cafeBot_ws/build/cafe_bot' returned '0': CMAKE_PREFIX_PATH=${CMAKE_PREFIX_PATH}:/opt/ros/humble /usr/bin/cmake --install /home/ayush/Documents/cafeBot_ws/build/cafe_bot
