[0.014s] Invoking command in '/home/ayush/Documents/cafeBot_ws/build/cafe_bot': CMAKE_PREFIX_PATH=${CMAKE_PREFIX_PATH}:/opt/ros/humble /usr/bin/cmake --build /home/ayush/Documents/cafeBot_ws/build/cafe_bot -- -j12 -l12
[0.117s] -- Found ament_cmake: 1.3.11 (/opt/ros/humble/share/ament_cmake/cmake)
[0.265s] -- Found rclcpp: 16.0.12 (/opt/ros/humble/share/rclcpp/cmake)
[0.315s] -- Found rosidl_generator_c: 3.1.6 (/opt/ros/humble/share/rosidl_generator_c/cmake)
[0.318s] -- Found rosidl_adapter: 3.1.6 (/opt/ros/humble/share/rosidl_adapter/cmake)
[0.324s] -- Found rosidl_generator_cpp: 3.1.6 (/opt/ros/humble/share/rosidl_generator_cpp/cmake)
[0.337s] -- Using all available rosidl_typesupport_c: rosidl_typesupport_fastrtps_c;rosidl_typesupport_introspection_c
[0.353s] -- Using all available rosidl_typesupport_cpp: rosidl_typesupport_fastrtps_cpp;rosidl_typesupport_introspection_cpp
[0.395s] -- Found rmw_implementation_cmake: 6.1.2 (/opt/ros/humble/share/rmw_implementation_cmake/cmake)
[0.397s] -- Found rmw_fastrtps_cpp: 6.2.7 (/opt/ros/humble/share/rmw_fastrtps_cpp/cmake)
[0.496s] -- Using RMW implementation 'rmw_fastrtps_cpp' as default
[0.547s] -- Found nav2_msgs: 1.1.18 (/opt/ros/humble/share/nav2_msgs/cmake)
[0.611s] -- Found tf2: 0.25.12 (/opt/ros/humble/share/tf2/cmake)
[0.615s] -- Found tf2_ros: 0.25.12 (/opt/ros/humble/share/tf2_ros/cmake)
[0.667s] -- Found tf2_geometry_msgs: 0.25.12 (/opt/ros/humble/share/tf2_geometry_msgs/cmake)
[0.672s] -- Found eigen3_cmake_module: 0.1.1 (/opt/ros/humble/share/eigen3_cmake_module/cmake)
[0.674s] -- Ensuring Eigen3 include directory is part of orocos-kdl CMake target
[0.739s] -- Configuring done
[0.775s] -- Generating done
[0.785s] -- Build files have been written to: /home/ayush/Documents/cafeBot_ws/build/cafe_bot
[0.808s] [35m[1mConsolidate compiler generated dependencies of target task1[0m
[0.808s] [35m[1mConsolidate compiler generated dependencies of target task3[0m
[0.809s] [35m[1mConsolidate compiler generated dependencies of target order[0m
[0.810s] [35m[1mConsolidate compiler generated dependencies of target task2[0m
[0.810s] [35m[1mConsolidate compiler generated dependencies of target task4[0m
[0.818s] [  8%] [32mBuilding CXX object CMakeFiles/task5.dir/src/task5.cpp.o[0m
[0.851s] [ 25%] Built target order
[0.854s] [ 66%] Built target task2
[0.854s] [ 75%] Built target task1
[0.854s] [ 75%] Built target task3
[0.854s] [ 83%] [32mBuilding CXX object CMakeFiles/task4.dir/src/task4.cpp.o[0m
[10.150s] [100%] [32m[1mLinking CXX executable task5[0m
[10.151s] [100%] [32m[1mLinking CXX executable task4[0m
[10.913s] [100%] Built target task5
[10.913s] [100%] Built target task4
[10.926s] Invoked command in '/home/ayush/Documents/cafeBot_ws/build/cafe_bot' returned '0': CMAKE_PREFIX_PATH=${CMAKE_PREFIX_PATH}:/opt/ros/humble /usr/bin/cmake --build /home/ayush/Documents/cafeBot_ws/build/cafe_bot -- -j12 -l12
[10.935s] Invoking command in '/home/ayush/Documents/cafeBot_ws/build/cafe_bot': CMAKE_PREFIX_PATH=${CMAKE_PREFIX_PATH}:/opt/ros/humble /usr/bin/cmake --install /home/ayush/Documents/cafeBot_ws/build/cafe_bot
[10.941s] -- Install configuration: ""
[10.942s] -- Up-to-date: /home/ayush/Documents/cafeBot_ws/install/cafe_bot/lib/cafe_bot/order
[10.943s] -- Up-to-date: /home/ayush/Documents/cafeBot_ws/install/cafe_bot/lib/cafe_bot/task1
[10.944s] -- Up-to-date: /home/ayush/Documents/cafeBot_ws/install/cafe_bot/lib/cafe_bot/task2
[10.945s] -- Up-to-date: /home/ayush/Documents/cafeBot_ws/install/cafe_bot/lib/cafe_bot/task3
[10.946s] -- Installing: /home/ayush/Documents/cafeBot_ws/install/cafe_bot/lib/cafe_bot/task4
[10.950s] -- Set runtime path of "/home/ayush/Documents/cafeBot_ws/install/cafe_bot/lib/cafe_bot/task4" to ""
[10.950s] -- Installing: /home/ayush/Documents/cafeBot_ws/install/cafe_bot/lib/cafe_bot/task5
[10.955s] -- Set runtime path of "/home/ayush/Documents/cafeBot_ws/install/cafe_bot/lib/cafe_bot/task5" to ""
[10.955s] -- Up-to-date: /home/ayush/Documents/cafeBot_ws/install/cafe_bot/share/cafe_bot/config
[10.956s] -- Up-to-date: /home/ayush/Documents/cafeBot_ws/install/cafe_bot/share/cafe_bot/config/nav2_params.yaml
[10.956s] -- Up-to-date: /home/ayush/Documents/cafeBot_ws/install/cafe_bot/share/cafe_bot/config/mapper_params_online_async.yaml
[10.956s] -- Up-to-date: /home/ayush/Documents/cafeBot_ws/install/cafe_bot/share/cafe_bot/config/location.yaml
[10.956s] -- Up-to-date: /home/ayush/Documents/cafeBot_ws/install/cafe_bot/share/cafe_bot/config/twist_mux.yaml
[10.956s] -- Up-to-date: /home/ayush/Documents/cafeBot_ws/install/cafe_bot/share/cafe_bot/description
[10.956s] -- Up-to-date: /home/ayush/Documents/cafeBot_ws/install/cafe_bot/share/cafe_bot/description/gazebo_control.xacro
[10.956s] -- Up-to-date: /home/ayush/Documents/cafeBot_ws/install/cafe_bot/share/cafe_bot/description/inertial_macros.xacro
[10.956s] -- Up-to-date: /home/ayush/Documents/cafeBot_ws/install/cafe_bot/share/cafe_bot/description/sensor.xacro
[10.956s] -- Up-to-date: /home/ayush/Documents/cafeBot_ws/install/cafe_bot/share/cafe_bot/description/bot_structure.urdf.xacro
[10.956s] -- Up-to-date: /home/ayush/Documents/cafeBot_ws/install/cafe_bot/share/cafe_bot/launch
[10.957s] -- Up-to-date: /home/ayush/Documents/cafeBot_ws/install/cafe_bot/share/cafe_bot/launch/sim_launch.py
[10.957s] -- Up-to-date: /home/ayush/Documents/cafeBot_ws/install/cafe_bot/share/cafe_bot/launch/cafeBot_ws.code-workspace
[10.957s] -- Up-to-date: /home/ayush/Documents/cafeBot_ws/install/cafe_bot/share/cafe_bot/world
[10.958s] -- Up-to-date: /home/ayush/Documents/cafeBot_ws/install/cafe_bot/share/cafe_bot/world/cafe.world
[10.959s] -- Up-to-date: /home/ayush/Documents/cafeBot_ws/install/cafe_bot/share/ament_index/resource_index/package_run_dependencies/cafe_bot
[10.959s] -- Up-to-date: /home/ayush/Documents/cafeBot_ws/install/cafe_bot/share/ament_index/resource_index/parent_prefix_path/cafe_bot
[10.961s] -- Up-to-date: /home/ayush/Documents/cafeBot_ws/install/cafe_bot/share/cafe_bot/environment/ament_prefix_path.sh
[10.961s] -- Installing: /home/ayush/Documents/cafeBot_ws/install/cafe_bot/share/cafe_bot/environment/ament_prefix_path.dsv
[10.961s] -- Up-to-date: /home/ayush/Documents/cafeBot_ws/install/cafe_bot/share/cafe_bot/environment/path.sh
[10.961s] -- Installing: /home/ayush/Documents/cafeBot_ws/install/cafe_bot/share/cafe_bot/environment/path.dsv
[10.961s] -- Up-to-date: /home/ayush/Documents/cafeBot_ws/install/cafe_bot/share/cafe_bot/local_setup.bash
[10.961s] -- Up-to-date: /home/ayush/Documents/cafeBot_ws/install/cafe_bot/share/cafe_bot/local_setup.sh
[10.961s] -- Up-to-date: /home/ayush/Documents/cafeBot_ws/install/cafe_bot/share/cafe_bot/local_setup.zsh
[10.961s] -- Installing: /home/ayush/Documents/cafeBot_ws/install/cafe_bot/share/cafe_bot/local_setup.dsv
[10.961s] -- Installing: /home/ayush/Documents/cafeBot_ws/install/cafe_bot/share/cafe_bot/package.dsv
[10.962s] -- Up-to-date: /home/ayush/Documents/cafeBot_ws/install/cafe_bot/share/ament_index/resource_index/packages/cafe_bot
[10.962s] -- Up-to-date: /home/ayush/Documents/cafeBot_ws/install/cafe_bot/share/cafe_bot/cmake/cafe_botConfig.cmake
[10.962s] -- Up-to-date: /home/ayush/Documents/cafeBot_ws/install/cafe_bot/share/cafe_bot/cmake/cafe_botConfig-version.cmake
[10.962s] -- Up-to-date: /home/ayush/Documents/cafeBot_ws/install/cafe_bot/share/cafe_bot/package.xml
[10.964s] Invoked command in '/home/ayush/Documents/cafeBot_ws/build/cafe_bot' returned '0': CMAKE_PREFIX_PATH=${CMAKE_PREFIX_PATH}:/opt/ros/humble /usr/bin/cmake --install /home/ayush/Documents/cafeBot_ws/build/cafe_bot
