[ 75%] Built target order
[ 75%] [32mBuilding CXX object CMakeFiles/task1.dir/src/task1.cpp.o[0m
[01m[K/home/ayush/Documents/cafeBot_ws/src/cafe_bot/src/task1.cpp:[m[K In member function ‘[01m[Kvoid Navigator::corr_callback(std_msgs::msg::Int8_<std::allocator<void> >::SharedPtr)[m[K’:
[01m[K/home/ayush/Documents/cafeBot_ws/src/cafe_bot/src/task1.cpp:69:25:[m[K [01;31m[Kerror: [m[Kredeclaration of ‘[01m[Kstd::vector<double, std::allocator<double> > coords[m[K’
   69 |     std::vector<double> [01;31m[Kcoords[m[K = config[table_key].as<std::vector<double>>();
      |                         [01;31m[K^~~~~~[m[K
[01m[K/home/ayush/Documents/cafeBot_ws/src/cafe_bot/src/task1.cpp:47:25:[m[K [01;36m[Knote: [m[K‘[01m[Kstd::vector<double, std::allocator<double> > coords[m[K’ previously declared here
   47 |     std::vector<double> [01;36m[Kcoords[m[K = config[kitchen].as<std::vector<double>>();
      |                         [01;36m[K^~~~~~[m[K
[01m[K/home/ayush/Documents/cafeBot_ws/src/cafe_bot/src/task1.cpp:72:37:[m[K [01;31m[Kerror: [m[Kredeclaration of ‘[01m[Kgeometry_msgs::msg::PoseStamped goal_msg[m[K’
   72 |     geometry_msgs::msg::PoseStamped [01;31m[Kgoal_msg[m[K;
      |                                     [01;31m[K^~~~~~~~[m[K
[01m[K/home/ayush/Documents/cafeBot_ws/src/cafe_bot/src/task1.cpp:48:37:[m[K [01;36m[Knote: [m[K‘[01m[Kgeometry_msgs::msg::PoseStamped goal_msg[m[K’ previously declared here
   48 |     geometry_msgs::msg::PoseStamped [01;36m[Kgoal_msg[m[K;
      |                                     [01;36m[K^~~~~~~~[m[K
[01m[K/home/ayush/Documents/cafeBot_ws/src/cafe_bot/src/task1.cpp:78:11:[m[K [01;31m[Kerror: [m[Kredeclaration of ‘[01m[Kfloat theta[m[K’
   78 |     float [01;31m[Ktheta[m[K = coords[2];
      |           [01;31m[K^~~~~[m[K
[01m[K/home/ayush/Documents/cafeBot_ws/src/cafe_bot/src/task1.cpp:54:11:[m[K [01;36m[Knote: [m[K‘[01m[Kfloat theta[m[K’ previously declared here
   54 |     float [01;36m[Ktheta[m[K = coords[2];
      |           [01;36m[K^~~~~[m[K
[01m[K/home/ayush/Documents/cafeBot_ws/src/cafe_bot/src/task1.cpp:88:27:[m[K [01;31m[Kerror: [m[Kredeclaration of ‘[01m[Kstd::vector<double, std::allocator<double> > coords[m[K’
   88 |       std::vector<double> [01;31m[Kcoords[m[K = config[home].as<std::vector<double>>();
      |                           [01;31m[K^~~~~~[m[K
[01m[K/home/ayush/Documents/cafeBot_ws/src/cafe_bot/src/task1.cpp:47:25:[m[K [01;36m[Knote: [m[K‘[01m[Kstd::vector<double, std::allocator<double> > coords[m[K’ previously declared here
   47 |     std::vector<double> [01;36m[Kcoords[m[K = config[kitchen].as<std::vector<double>>();
      |                         [01;36m[K^~~~~~[m[K
[01m[K/home/ayush/Documents/cafeBot_ws/src/cafe_bot/src/task1.cpp:89:39:[m[K [01;31m[Kerror: [m[Kredeclaration of ‘[01m[Kgeometry_msgs::msg::PoseStamped goal_msg[m[K’
   89 |       geometry_msgs::msg::PoseStamped [01;31m[Kgoal_msg[m[K;
      |                                       [01;31m[K^~~~~~~~[m[K
[01m[K/home/ayush/Documents/cafeBot_ws/src/cafe_bot/src/task1.cpp:48:37:[m[K [01;36m[Knote: [m[K‘[01m[Kgeometry_msgs::msg::PoseStamped goal_msg[m[K’ previously declared here
   48 |     geometry_msgs::msg::PoseStamped [01;36m[Kgoal_msg[m[K;
      |                                     [01;36m[K^~~~~~~~[m[K
[01m[K/home/ayush/Documents/cafeBot_ws/src/cafe_bot/src/task1.cpp:95:13:[m[K [01;31m[Kerror: [m[Kredeclaration of ‘[01m[Kfloat theta[m[K’
   95 |       float [01;31m[Ktheta[m[K = coords[2];
      |             [01;31m[K^~~~~[m[K
[01m[K/home/ayush/Documents/cafeBot_ws/src/cafe_bot/src/task1.cpp:54:11:[m[K [01;36m[Knote: [m[K‘[01m[Kfloat theta[m[K’ previously declared here
   54 |     float [01;36m[Ktheta[m[K = coords[2];
      |           [01;36m[K^~~~~[m[K
gmake[2]: *** [CMakeFiles/task1.dir/build.make:76: CMakeFiles/task1.dir/src/task1.cpp.o] Error 1
gmake[1]: *** [CMakeFiles/Makefile2:165: CMakeFiles/task1.dir/all] Error 2
gmake: *** [Makefile:146: all] Error 2
