[0.008s] Invoking command in '/home/ayush/Documents/cafeBot_ws/build/cafe_bot': CMAKE_PREFIX_PATH=${CMAKE_PREFIX_PATH}:/opt/ros/humble /usr/bin/cmake --build /home/ayush/Documents/cafeBot_ws/build/cafe_bot -- -j12 -l12
[0.050s] [ 75%] Built target order
[0.050s] [ 75%] [32mBuilding CXX object CMakeFiles/task1.dir/src/task1.cpp.o[0m
[1.896s] [01m[K/home/ayush/Documents/cafeBot_ws/src/cafe_bot/src/task1.cpp:[m[K In member function ‘[01m[Kvoid Navigator::corr_callback(std_msgs::msg::Int8_<std::allocator<void> >::SharedPtr)[m[K’:
[1.896s] [01m[K/home/ayush/Documents/cafeBot_ws/src/cafe_bot/src/task1.cpp:69:25:[m[K [01;31m[Kerror: [m[Kredeclaration of ‘[01m[Kstd::vector<double, std::allocator<double> > coords[m[K’
[1.896s]    69 |     std::vector<double> [01;31m[Kcoords[m[K = config[table_key].as<std::vector<double>>();
[1.896s]       |                         [01;31m[K^~~~~~[m[K
[1.896s] [01m[K/home/ayush/Documents/cafeBot_ws/src/cafe_bot/src/task1.cpp:47:25:[m[K [01;36m[Knote: [m[K‘[01m[Kstd::vector<double, std::allocator<double> > coords[m[K’ previously declared here
[1.896s]    47 |     std::vector<double> [01;36m[Kcoords[m[K = config[kitchen].as<std::vector<double>>();
[1.896s]       |                         [01;36m[K^~~~~~[m[K
[1.896s] [01m[K/home/ayush/Documents/cafeBot_ws/src/cafe_bot/src/task1.cpp:72:37:[m[K [01;31m[Kerror: [m[Kredeclaration of ‘[01m[Kgeometry_msgs::msg::PoseStamped goal_msg[m[K’
[1.896s]    72 |     geometry_msgs::msg::PoseStamped [01;31m[Kgoal_msg[m[K;
[1.896s]       |                                     [01;31m[K^~~~~~~~[m[K
[1.896s] [01m[K/home/ayush/Documents/cafeBot_ws/src/cafe_bot/src/task1.cpp:48:37:[m[K [01;36m[Knote: [m[K‘[01m[Kgeometry_msgs::msg::PoseStamped goal_msg[m[K’ previously declared here
[1.896s]    48 |     geometry_msgs::msg::PoseStamped [01;36m[Kgoal_msg[m[K;
[1.896s]       |                                     [01;36m[K^~~~~~~~[m[K
[1.896s] [01m[K/home/ayush/Documents/cafeBot_ws/src/cafe_bot/src/task1.cpp:78:11:[m[K [01;31m[Kerror: [m[Kredeclaration of ‘[01m[Kfloat theta[m[K’
[1.897s]    78 |     float [01;31m[Ktheta[m[K = coords[2];
[1.897s]       |           [01;31m[K^~~~~[m[K
[1.897s] [01m[K/home/ayush/Documents/cafeBot_ws/src/cafe_bot/src/task1.cpp:54:11:[m[K [01;36m[Knote: [m[K‘[01m[Kfloat theta[m[K’ previously declared here
[1.897s]    54 |     float [01;36m[Ktheta[m[K = coords[2];
[1.897s]       |           [01;36m[K^~~~~[m[K
[1.897s] [01m[K/home/ayush/Documents/cafeBot_ws/src/cafe_bot/src/task1.cpp:88:27:[m[K [01;31m[Kerror: [m[Kredeclaration of ‘[01m[Kstd::vector<double, std::allocator<double> > coords[m[K’
[1.897s]    88 |       std::vector<double> [01;31m[Kcoords[m[K = config[home].as<std::vector<double>>();
[1.897s]       |                           [01;31m[K^~~~~~[m[K
[1.897s] [01m[K/home/ayush/Documents/cafeBot_ws/src/cafe_bot/src/task1.cpp:47:25:[m[K [01;36m[Knote: [m[K‘[01m[Kstd::vector<double, std::allocator<double> > coords[m[K’ previously declared here
[1.897s]    47 |     std::vector<double> [01;36m[Kcoords[m[K = config[kitchen].as<std::vector<double>>();
[1.897s]       |                         [01;36m[K^~~~~~[m[K
[1.897s] [01m[K/home/ayush/Documents/cafeBot_ws/src/cafe_bot/src/task1.cpp:89:39:[m[K [01;31m[Kerror: [m[Kredeclaration of ‘[01m[Kgeometry_msgs::msg::PoseStamped goal_msg[m[K’
[1.897s]    89 |       geometry_msgs::msg::PoseStamped [01;31m[Kgoal_msg[m[K;
[1.897s]       |                                       [01;31m[K^~~~~~~~[m[K
[1.897s] [01m[K/home/ayush/Documents/cafeBot_ws/src/cafe_bot/src/task1.cpp:48:37:[m[K [01;36m[Knote: [m[K‘[01m[Kgeometry_msgs::msg::PoseStamped goal_msg[m[K’ previously declared here
[1.897s]    48 |     geometry_msgs::msg::PoseStamped [01;36m[Kgoal_msg[m[K;
[1.897s]       |                                     [01;36m[K^~~~~~~~[m[K
[1.897s] [01m[K/home/ayush/Documents/cafeBot_ws/src/cafe_bot/src/task1.cpp:95:13:[m[K [01;31m[Kerror: [m[Kredeclaration of ‘[01m[Kfloat theta[m[K’
[1.897s]    95 |       float [01;31m[Ktheta[m[K = coords[2];
[1.897s]       |             [01;31m[K^~~~~[m[K
[1.897s] [01m[K/home/ayush/Documents/cafeBot_ws/src/cafe_bot/src/task1.cpp:54:11:[m[K [01;36m[Knote: [m[K‘[01m[Kfloat theta[m[K’ previously declared here
[1.897s]    54 |     float [01;36m[Ktheta[m[K = coords[2];
[1.897s]       |           [01;36m[K^~~~~[m[K
[4.175s] gmake[2]: *** [CMakeFiles/task1.dir/build.make:76: CMakeFiles/task1.dir/src/task1.cpp.o] Error 1
[4.176s] gmake[1]: *** [CMakeFiles/Makefile2:165: CMakeFiles/task1.dir/all] Error 2
[4.176s] gmake: *** [Makefile:146: all] Error 2
[4.178s] Invoked command in '/home/ayush/Documents/cafeBot_ws/build/cafe_bot' returned '2': CMAKE_PREFIX_PATH=${CMAKE_PREFIX_PATH}:/opt/ros/humble /usr/bin/cmake --build /home/ayush/Documents/cafeBot_ws/build/cafe_bot -- -j12 -l12
