[0.011s] Invoking command in '/home/ayush/Documents/cafeBot_ws/build/cafe_bot': CMAKE_PREFIX_PATH=${CMAKE_PREFIX_PATH}:/opt/ros/humble /usr/bin/cmake --build /home/ayush/Documents/cafeBot_ws/build/cafe_bot -- -j12 -l12
[0.073s] -- Found ament_cmake: 1.3.11 (/opt/ros/humble/share/ament_cmake/cmake)
[0.179s] -- Found rclcpp: 16.0.12 (/opt/ros/humble/share/rclcpp/cmake)
[0.220s] -- Found rosidl_generator_c: 3.1.6 (/opt/ros/humble/share/rosidl_generator_c/cmake)
[0.223s] -- Found rosidl_adapter: 3.1.6 (/opt/ros/humble/share/rosidl_adapter/cmake)
[0.230s] -- Found rosidl_generator_cpp: 3.1.6 (/opt/ros/humble/share/rosidl_generator_cpp/cmake)
[0.240s] -- Using all available rosidl_typesupport_c: rosidl_typesupport_fastrtps_c;rosidl_typesupport_introspection_c
[0.252s] -- Using all available rosidl_typesupport_cpp: rosidl_typesupport_fastrtps_cpp;rosidl_typesupport_introspection_cpp
[0.284s] -- Found rmw_implementation_cmake: 6.1.2 (/opt/ros/humble/share/rmw_implementation_cmake/cmake)
[0.285s] -- Found rmw_fastrtps_cpp: 6.2.7 (/opt/ros/humble/share/rmw_fastrtps_cpp/cmake)
[0.374s] -- Using RMW implementation 'rmw_fastrtps_cpp' as default
[0.438s] -- Found nav2_msgs: 1.1.18 (/opt/ros/humble/share/nav2_msgs/cmake)
[0.501s] -- Found tf2: 0.25.12 (/opt/ros/humble/share/tf2/cmake)
[0.505s] -- Found tf2_ros: 0.25.12 (/opt/ros/humble/share/tf2_ros/cmake)
[0.553s] -- Found tf2_geometry_msgs: 0.25.12 (/opt/ros/humble/share/tf2_geometry_msgs/cmake)
[0.557s] -- Found eigen3_cmake_module: 0.1.1 (/opt/ros/humble/share/eigen3_cmake_module/cmake)
[0.558s] -- Ensuring Eigen3 include directory is part of orocos-kdl CMake target
[0.617s] -- Configuring done
[0.643s] -- Generating done
[0.650s] -- Build files have been written to: /home/ayush/Documents/cafeBot_ws/build/cafe_bot
[0.671s] [35m[1mConsolidate compiler generated dependencies of target task1[0m
[0.671s] [35m[1mConsolidate compiler generated dependencies of target order[0m
[0.671s] [35m[1mConsolidate compiler generated dependencies of target task2[0m
[0.678s] [ 12%] [32mBuilding CXX object CMakeFiles/task3.dir/src/task3.cpp.o[0m
[0.688s] [ 37%] Built target task1
[0.690s] [ 62%] Built target order
[0.690s] [ 75%] [32mBuilding CXX object CMakeFiles/task2.dir/src/task2.cpp.o[0m
