[0.204s] DEBUG:colcon:Command line arguments: ['/usr/bin/colcon', 'build']
[0.204s] DEBUG:colcon:Parsed command line arguments: Namespace(log_base=None, log_level=None, verb_name='build', build_base='build', install_base='install', merge_install=False, symlink_install=False, test_result_base=None, continue_on_error=False, executor='parallel', parallel_workers=12, event_handlers=None, ignore_user_meta=False, metas=['./colcon.meta'], base_paths=['.'], packages_ignore=None, packages_ignore_regex=None, paths=None, packages_up_to=None, packages_up_to_regex=None, packages_above=None, packages_above_and_dependencies=None, packages_above_depth=None, packages_select_by_dep=None, packages_skip_by_dep=None, packages_skip_up_to=None, packages_select_build_failed=False, packages_skip_build_finished=False, packages_select_test_failures=False, packages_skip_test_passed=False, packages_select=None, packages_skip=None, packages_select_regex=None, packages_skip_regex=None, packages_start=None, packages_end=None, allow_overriding=[], cmake_args=None, cmake_target=None, cmake_target_skip_unavailable=False, cmake_clean_cache=False, cmake_clean_first=False, cmake_force_configure=False, ament_cmake_args=None, catkin_cmake_args=None, catkin_skip_building_tests=False, mixin_files=None, mixin=None, verb_parser=<colcon_mixin.mixin.mixin_argument.MixinArgumentDecorator object at 0x7f099c672fb0>, verb_extension=<colcon_core.verb.build.BuildVerb object at 0x7f099c767e50>, main=<bound method BuildVerb.main of <colcon_core.verb.build.BuildVerb object at 0x7f099c767e50>>, mixin_verb=('build',))
[0.556s] Level 1:colcon.colcon_core.package_discovery:discover_packages(colcon_meta) check parameters
[0.556s] Level 1:colcon.colcon_core.package_discovery:discover_packages(recursive) check parameters
[0.556s] Level 1:colcon.colcon_core.package_discovery:discover_packages(ignore) check parameters
[0.556s] Level 1:colcon.colcon_core.package_discovery:discover_packages(path) check parameters
[0.556s] Level 1:colcon.colcon_core.package_discovery:discover_packages(colcon_meta) discover
[0.556s] Level 1:colcon.colcon_core.package_discovery:discover_packages(recursive) discover
[0.556s] INFO:colcon.colcon_core.package_discovery:Crawling recursively for packages in '/home/ayush/Documents/cafeBot_ws'
[0.557s] Level 1:colcon.colcon_core.package_identification:_identify(.) by extensions ['ignore', 'ignore_ament_install']
[0.557s] Level 1:colcon.colcon_core.package_identification:_identify(.) by extension 'ignore'
[0.557s] Level 1:colcon.colcon_core.package_identification:_identify(.) by extension 'ignore_ament_install'
[0.557s] Level 1:colcon.colcon_core.package_identification:_identify(.) by extensions ['colcon_pkg']
[0.557s] Level 1:colcon.colcon_core.package_identification:_identify(.) by extension 'colcon_pkg'
[0.557s] Level 1:colcon.colcon_core.package_identification:_identify(.) by extensions ['colcon_meta']
[0.557s] Level 1:colcon.colcon_core.package_identification:_identify(.) by extension 'colcon_meta'
[0.557s] Level 1:colcon.colcon_core.package_identification:_identify(.) by extensions ['ros']
[0.557s] Level 1:colcon.colcon_core.package_identification:_identify(.) by extension 'ros'
[0.574s] Level 1:colcon.colcon_core.package_identification:_identify(.) by extensions ['cmake', 'python']
[0.574s] Level 1:colcon.colcon_core.package_identification:_identify(.) by extension 'cmake'
[0.574s] Level 1:colcon.colcon_core.package_identification:_identify(.) by extension 'python'
[0.574s] Level 1:colcon.colcon_core.package_identification:_identify(.) by extensions ['python_setup_py']
[0.574s] Level 1:colcon.colcon_core.package_identification:_identify(.) by extension 'python_setup_py'
[0.574s] Level 1:colcon.colcon_core.package_identification:_identify(build) by extensions ['ignore', 'ignore_ament_install']
[0.574s] Level 1:colcon.colcon_core.package_identification:_identify(build) by extension 'ignore'
[0.574s] Level 1:colcon.colcon_core.package_identification:_identify(build) ignored
[0.574s] Level 1:colcon.colcon_core.package_identification:_identify(install) by extensions ['ignore', 'ignore_ament_install']
[0.574s] Level 1:colcon.colcon_core.package_identification:_identify(install) by extension 'ignore'
[0.574s] Level 1:colcon.colcon_core.package_identification:_identify(install) ignored
[0.575s] Level 1:colcon.colcon_core.package_identification:_identify(log) by extensions ['ignore', 'ignore_ament_install']
[0.575s] Level 1:colcon.colcon_core.package_identification:_identify(log) by extension 'ignore'
[0.575s] Level 1:colcon.colcon_core.package_identification:_identify(log) ignored
[0.575s] Level 1:colcon.colcon_core.package_identification:_identify(src) by extensions ['ignore', 'ignore_ament_install']
[0.575s] Level 1:colcon.colcon_core.package_identification:_identify(src) by extension 'ignore'
[0.575s] Level 1:colcon.colcon_core.package_identification:_identify(src) by extension 'ignore_ament_install'
[0.575s] Level 1:colcon.colcon_core.package_identification:_identify(src) by extensions ['colcon_pkg']
[0.575s] Level 1:colcon.colcon_core.package_identification:_identify(src) by extension 'colcon_pkg'
[0.575s] Level 1:colcon.colcon_core.package_identification:_identify(src) by extensions ['colcon_meta']
[0.576s] Level 1:colcon.colcon_core.package_identification:_identify(src) by extension 'colcon_meta'
[0.576s] Level 1:colcon.colcon_core.package_identification:_identify(src) by extensions ['ros']
[0.576s] Level 1:colcon.colcon_core.package_identification:_identify(src) by extension 'ros'
[0.576s] Level 1:colcon.colcon_core.package_identification:_identify(src) by extensions ['cmake', 'python']
[0.576s] Level 1:colcon.colcon_core.package_identification:_identify(src) by extension 'cmake'
[0.576s] Level 1:colcon.colcon_core.package_identification:_identify(src) by extension 'python'
[0.576s] Level 1:colcon.colcon_core.package_identification:_identify(src) by extensions ['python_setup_py']
[0.576s] Level 1:colcon.colcon_core.package_identification:_identify(src) by extension 'python_setup_py'
[0.576s] Level 1:colcon.colcon_core.package_identification:_identify(src/cafe_bot) by extensions ['ignore', 'ignore_ament_install']
[0.576s] Level 1:colcon.colcon_core.package_identification:_identify(src/cafe_bot) by extension 'ignore'
[0.576s] Level 1:colcon.colcon_core.package_identification:_identify(src/cafe_bot) by extension 'ignore_ament_install'
[0.576s] Level 1:colcon.colcon_core.package_identification:_identify(src/cafe_bot) by extensions ['colcon_pkg']
[0.576s] Level 1:colcon.colcon_core.package_identification:_identify(src/cafe_bot) by extension 'colcon_pkg'
[0.576s] Level 1:colcon.colcon_core.package_identification:_identify(src/cafe_bot) by extensions ['colcon_meta']
[0.576s] Level 1:colcon.colcon_core.package_identification:_identify(src/cafe_bot) by extension 'colcon_meta'
[0.576s] Level 1:colcon.colcon_core.package_identification:_identify(src/cafe_bot) by extensions ['ros']
[0.576s] Level 1:colcon.colcon_core.package_identification:_identify(src/cafe_bot) by extension 'ros'
[0.603s] DEBUG:colcon.colcon_core.package_identification:Package 'src/cafe_bot' with type 'ros.ament_cmake' and name 'cafe_bot'
[0.603s] Level 1:colcon.colcon_core.package_discovery:discover_packages(recursive) using defaults
[0.603s] Level 1:colcon.colcon_core.package_discovery:discover_packages(ignore) discover
[0.603s] Level 1:colcon.colcon_core.package_discovery:discover_packages(ignore) using defaults
[0.603s] Level 1:colcon.colcon_core.package_discovery:discover_packages(path) discover
[0.603s] Level 1:colcon.colcon_core.package_discovery:discover_packages(path) using defaults
[0.639s] Level 1:colcon.colcon_core.package_discovery:discover_packages(prefix_path) check parameters
[0.639s] Level 1:colcon.colcon_core.package_discovery:discover_packages(prefix_path) discover
[0.643s] DEBUG:colcon.colcon_installed_package_information.package_discovery:Found 1 installed packages in /home/ayush/Documents/cafeBot_ws/install
[0.647s] DEBUG:colcon.colcon_installed_package_information.package_discovery:Found 432 installed packages in /opt/ros/humble
[0.650s] Level 1:colcon.colcon_core.package_discovery:discover_packages(prefix_path) using defaults
[0.778s] Level 5:colcon.colcon_core.verb:set package 'cafe_bot' build argument 'cmake_args' from command line to 'None'
[0.778s] Level 5:colcon.colcon_core.verb:set package 'cafe_bot' build argument 'cmake_target' from command line to 'None'
[0.778s] Level 5:colcon.colcon_core.verb:set package 'cafe_bot' build argument 'cmake_target_skip_unavailable' from command line to 'False'
[0.778s] Level 5:colcon.colcon_core.verb:set package 'cafe_bot' build argument 'cmake_clean_cache' from command line to 'False'
[0.778s] Level 5:colcon.colcon_core.verb:set package 'cafe_bot' build argument 'cmake_clean_first' from command line to 'False'
[0.778s] Level 5:colcon.colcon_core.verb:set package 'cafe_bot' build argument 'cmake_force_configure' from command line to 'False'
[0.778s] Level 5:colcon.colcon_core.verb:set package 'cafe_bot' build argument 'ament_cmake_args' from command line to 'None'
[0.778s] Level 5:colcon.colcon_core.verb:set package 'cafe_bot' build argument 'catkin_cmake_args' from command line to 'None'
[0.778s] Level 5:colcon.colcon_core.verb:set package 'cafe_bot' build argument 'catkin_skip_building_tests' from command line to 'False'
[0.778s] DEBUG:colcon.colcon_core.verb:Building package 'cafe_bot' with the following arguments: {'ament_cmake_args': None, 'build_base': '/home/ayush/Documents/cafeBot_ws/build/cafe_bot', 'catkin_cmake_args': None, 'catkin_skip_building_tests': False, 'cmake_args': None, 'cmake_clean_cache': False, 'cmake_clean_first': False, 'cmake_force_configure': False, 'cmake_target': None, 'cmake_target_skip_unavailable': False, 'install_base': '/home/ayush/Documents/cafeBot_ws/install/cafe_bot', 'merge_install': False, 'path': '/home/ayush/Documents/cafeBot_ws/src/cafe_bot', 'symlink_install': False, 'test_result_base': None}
[0.778s] INFO:colcon.colcon_core.executor:Executing jobs using 'parallel' executor
[0.780s] DEBUG:colcon.colcon_parallel_executor.executor.parallel:run_until_complete
[0.780s] INFO:colcon.colcon_ros.task.ament_cmake.build:Building ROS package in '/home/ayush/Documents/cafeBot_ws/src/cafe_bot' with build type 'ament_cmake'
[0.780s] INFO:colcon.colcon_cmake.task.cmake.build:Building CMake package in '/home/ayush/Documents/cafeBot_ws/src/cafe_bot'
[0.788s] INFO:colcon.colcon_core.plugin_system:Skipping extension 'colcon_core.shell.bat': Not used on non-Windows systems
[0.788s] INFO:colcon.colcon_core.shell:Skip shell extension 'powershell' for command environment: Not usable outside of PowerShell
[0.788s] DEBUG:colcon.colcon_core.shell:Skip shell extension 'dsv' for command environment
[0.803s] DEBUG:colcon.colcon_core.event_handler.log_command:Invoking command in '/home/ayush/Documents/cafeBot_ws/build/cafe_bot': CMAKE_PREFIX_PATH=${CMAKE_PREFIX_PATH}:/opt/ros/humble /usr/bin/cmake --build /home/ayush/Documents/cafeBot_ws/build/cafe_bot -- -j12 -l12
[96.894s] DEBUG:colcon.colcon_parallel_executor.executor.parallel:run_until_complete was interrupted
[96.901s] DEBUG:colcon.colcon_parallel_executor.executor.parallel:run_until_complete again
[96.916s] DEBUG:colcon.colcon_core.event_handler.log_command:Invoked command in '/home/ayush/Documents/cafeBot_ws/build/cafe_bot' returned '-2': CMAKE_PREFIX_PATH=${CMAKE_PREFIX_PATH}:/opt/ros/humble /usr/bin/cmake --build /home/ayush/Documents/cafeBot_ws/build/cafe_bot -- -j12 -l12
[96.920s] Level 1:colcon.colcon_core.environment:create_environment_scripts_only(cafe_bot)
[96.962s] Level 1:colcon.colcon_core.environment:checking '/home/ayush/Documents/cafeBot_ws/install/cafe_bot' for CMake module files
[96.971s] Level 1:colcon.colcon_core.environment:checking '/home/ayush/Documents/cafeBot_ws/install/cafe_bot' for CMake config files
[96.974s] Level 1:colcon.colcon_core.shell:create_environment_hook('cafe_bot', 'cmake_prefix_path')
[96.974s] INFO:colcon.colcon_core.shell:Creating environment hook '/home/ayush/Documents/cafeBot_ws/install/cafe_bot/share/cafe_bot/hook/cmake_prefix_path.ps1'
[96.981s] INFO:colcon.colcon_core.shell:Creating environment descriptor '/home/ayush/Documents/cafeBot_ws/install/cafe_bot/share/cafe_bot/hook/cmake_prefix_path.dsv'
[96.983s] INFO:colcon.colcon_core.shell:Creating environment hook '/home/ayush/Documents/cafeBot_ws/install/cafe_bot/share/cafe_bot/hook/cmake_prefix_path.sh'
[96.985s] Level 1:colcon.colcon_core.environment:checking '/home/ayush/Documents/cafeBot_ws/install/cafe_bot/lib'
[96.985s] Level 1:colcon.colcon_core.environment:checking '/home/ayush/Documents/cafeBot_ws/install/cafe_bot/bin'
[96.985s] Level 1:colcon.colcon_core.environment:checking '/home/ayush/Documents/cafeBot_ws/install/cafe_bot/lib/pkgconfig/cafe_bot.pc'
[96.985s] Level 1:colcon.colcon_core.environment:checking '/home/ayush/Documents/cafeBot_ws/install/cafe_bot/lib/python3.10/site-packages'
[96.986s] Level 1:colcon.colcon_core.environment:checking '/home/ayush/Documents/cafeBot_ws/install/cafe_bot/bin'
[96.986s] INFO:colcon.colcon_core.shell:Creating package script '/home/ayush/Documents/cafeBot_ws/install/cafe_bot/share/cafe_bot/package.ps1'
[96.987s] INFO:colcon.colcon_core.shell:Creating package descriptor '/home/ayush/Documents/cafeBot_ws/install/cafe_bot/share/cafe_bot/package.dsv'
[96.988s] INFO:colcon.colcon_core.shell:Creating package script '/home/ayush/Documents/cafeBot_ws/install/cafe_bot/share/cafe_bot/package.sh'
[96.989s] INFO:colcon.colcon_core.shell:Creating package script '/home/ayush/Documents/cafeBot_ws/install/cafe_bot/share/cafe_bot/package.bash'
[96.994s] INFO:colcon.colcon_core.shell:Creating package script '/home/ayush/Documents/cafeBot_ws/install/cafe_bot/share/cafe_bot/package.zsh'
[96.997s] Level 1:colcon.colcon_core.environment:create_file_with_runtime_dependencies(/home/ayush/Documents/cafeBot_ws/install/cafe_bot/share/colcon-core/packages/cafe_bot)
[97.009s] DEBUG:colcon.colcon_parallel_executor.executor.parallel:run_until_complete finished
[97.009s] DEBUG:colcon.colcon_parallel_executor.executor.parallel:closing loop
[97.009s] DEBUG:colcon.colcon_parallel_executor.executor.parallel:loop closed
[97.009s] DEBUG:colcon.colcon_core.event_reactor:joining thread
[97.068s] INFO:colcon.colcon_core.plugin_system:Skipping extension 'colcon_notification.desktop_notification.terminal_notifier': Not used on non-Darwin systems
[97.069s] INFO:colcon.colcon_core.plugin_system:Skipping extension 'colcon_notification.desktop_notification.win32': Not used on non-Windows systems
[97.069s] INFO:colcon.colcon_notification.desktop_notification:Sending desktop notification using 'notify2'
[97.112s] DEBUG:colcon.colcon_core.event_reactor:joined thread
[97.112s] INFO:colcon.colcon_core.shell:Creating prefix script '/home/ayush/Documents/cafeBot_ws/install/local_setup.ps1'
[97.115s] INFO:colcon.colcon_core.shell:Creating prefix util module '/home/ayush/Documents/cafeBot_ws/install/_local_setup_util_ps1.py'
[97.117s] INFO:colcon.colcon_core.shell:Creating prefix chain script '/home/ayush/Documents/cafeBot_ws/install/setup.ps1'
[97.120s] INFO:colcon.colcon_core.shell:Creating prefix script '/home/ayush/Documents/cafeBot_ws/install/local_setup.sh'
[97.122s] INFO:colcon.colcon_core.shell:Creating prefix util module '/home/ayush/Documents/cafeBot_ws/install/_local_setup_util_sh.py'
[97.123s] INFO:colcon.colcon_core.shell:Creating prefix chain script '/home/ayush/Documents/cafeBot_ws/install/setup.sh'
[97.126s] INFO:colcon.colcon_core.shell:Creating prefix script '/home/ayush/Documents/cafeBot_ws/install/local_setup.bash'
[97.128s] INFO:colcon.colcon_core.shell:Creating prefix chain script '/home/ayush/Documents/cafeBot_ws/install/setup.bash'
[97.131s] INFO:colcon.colcon_core.shell:Creating prefix script '/home/ayush/Documents/cafeBot_ws/install/local_setup.zsh'
[97.133s] INFO:colcon.colcon_core.shell:Creating prefix chain script '/home/ayush/Documents/cafeBot_ws/install/setup.zsh'
