[0.014s] Invoking command in '/home/ayush/Documents/cafeBot_ws/build/cafe_bot': CMAKE_PREFIX_PATH=${CMAKE_PREFIX_PATH}:/opt/ros/humble /usr/bin/cmake --build /home/ayush/Documents/cafeBot_ws/build/cafe_bot -- -j12 -l12
[0.047s] [35m[1mConsolidate compiler generated dependencies of target task1[0m
[0.056s] [ 50%] Built target order
[0.060s] [ 75%] [32mBuilding CXX object CMakeFiles/task1.dir/src/task1.cpp.o[0m
[1.774s] [01m[K/home/ayush/Documents/cafeBot_ws/src/cafe_bot/src/task1.cpp:[m[K In constructor ‘[01m[KNavigator::Navigator()[m[K’:
[1.774s] [01m[K/home/ayush/Documents/cafeBot_ws/src/cafe_bot/src/task1.cpp:21:18:[m[K [01;31m[Kerror: [m[K‘[01m[KStatusMonitor[m[K’ has not been declared
[1.774s]    21 |       std::bind(&[01;31m[KStatusMonitor[m[K::log_callback, this, std::placeholders::_1));
[1.774s]       |                  [01;31m[K^~~~~~~~~~~~~[m[K
[1.779s] [01m[K/home/ayush/Documents/cafeBot_ws/src/cafe_bot/src/task1.cpp:[m[K In member function ‘[01m[Kvoid Navigator::log_callback(nav2_msgs::msg::BehaviorTreeLog_<std::allocator<void> >::SharedPtr)[m[K’:
[1.780s] [01m[K/home/ayush/Documents/cafeBot_ws/src/cafe_bot/src/task1.cpp:98:32:[m[K [01;31m[Kerror: [m[Kno match for ‘[01m[Koperator==[m[K’ (operand types are ‘[01m[Kconst _current_status_type[m[K’ {aka ‘[01m[Kconst std::__cxx11::basic_string<char>[m[K’} and ‘[01m[Kint[m[K’)
[1.780s]    98 |       if ([32m[Kevent.current_status[m[K [01;31m[K==[m[K [34m[K1[m[K)  // RUNNING
[1.780s]       |           [32m[K~~~~~~~~~~~~~~~~~~~~[m[K [01;31m[K^~[m[K [34m[K~[m[K
[1.780s]       |                 [32m[K|[m[K                 [34m[K|[m[K
[1.780s]       |                 [32m[K|[m[K                 [34m[Kint[m[K
[1.780s]       |                 [32m[Kconst _current_status_type {aka const std::__cxx11::basic_string<char>}[m[K
[1.780s] In file included from [01m[K/usr/include/c++/11/bits/stl_algobase.h:67[m[K,
[1.780s]                  from [01m[K/usr/include/c++/11/memory:63[m[K,
[1.780s]                  from [01m[K/opt/ros/humble/include/rclcpp/rclcpp/rclcpp.hpp:153[m[K,
[1.780s]                  from [01m[K/home/ayush/Documents/cafeBot_ws/src/cafe_bot/src/task1.cpp:1[m[K:
[1.780s] [01m[K/usr/include/c++/11/bits/stl_iterator.h:1155:5:[m[K [01;36m[Knote: [m[Kcandidate: ‘[01m[Ktemplate<class _IteratorL, class _IteratorR, class _Container> bool __gnu_cxx::operator==(const __gnu_cxx::__normal_iterator<_IteratorL, _Container>&, const __gnu_cxx::__normal_iterator<_IteratorR, _Container>&)[m[K’
[1.780s]  1155 |     [01;36m[Koperator[m[K==(const __normal_iterator<_IteratorL, _Container>& __lhs,
[1.781s]       |     [01;36m[K^~~~~~~~[m[K
[1.781s] [01m[K/usr/include/c++/11/bits/stl_iterator.h:1155:5:[m[K [01;36m[Knote: [m[K  template argument deduction/substitution failed:
[1.781s] [01m[K/home/ayush/Documents/cafeBot_ws/src/cafe_bot/src/task1.cpp:98:35:[m[K [01;36m[Knote: [m[K  ‘[01m[Kconst _current_status_type[m[K’ {aka ‘[01m[Kconst std::__cxx11::basic_string<char>[m[K’} is not derived from ‘[01m[Kconst __gnu_cxx::__normal_iterator<_IteratorL, _Container>[m[K’
[1.781s]    98 |       if (event.current_status == [01;36m[K1[m[K)  // RUNNING
[1.781s]       |                                   [01;36m[K^[m[K
[1.781s] In file included from [01m[K/usr/include/c++/11/bits/stl_algobase.h:67[m[K,
[1.781s]                  from [01m[K/usr/include/c++/11/memory:63[m[K,
[1.781s]                  from [01m[K/opt/ros/humble/include/rclcpp/rclcpp/rclcpp.hpp:153[m[K,
[1.781s]                  from [01m[K/home/ayush/Documents/cafeBot_ws/src/cafe_bot/src/task1.cpp:1[m[K:
[1.781s] [01m[K/usr/include/c++/11/bits/stl_iterator.h:1163:5:[m[K [01;36m[Knote: [m[Kcandidate: ‘[01m[Ktemplate<class _Iterator, class _Container> bool __gnu_cxx::operator==(const __gnu_cxx::__normal_iterator<_Iterator, _Container>&, const __gnu_cxx::__normal_iterator<_Iterator, _Container>&)[m[K’
[1.782s]  1163 |     [01;36m[Koperator[m[K==(const __normal_iterator<_Iterator, _Container>& __lhs,
[1.782s]       |     [01;36m[K^~~~~~~~[m[K
[1.782s] [01m[K/usr/include/c++/11/bits/stl_iterator.h:1163:5:[m[K [01;36m[Knote: [m[K  template argument deduction/substitution failed:
[1.783s] [01m[K/home/ayush/Documents/cafeBot_ws/src/cafe_bot/src/task1.cpp:98:35:[m[K [01;36m[Knote: [m[K  ‘[01m[Kconst _current_status_type[m[K’ {aka ‘[01m[Kconst std::__cxx11::basic_string<char>[m[K’} is not derived from ‘[01m[Kconst __gnu_cxx::__normal_iterator<_Iterator, _Container>[m[K’
[1.783s]    98 |       if (event.current_status == [01;36m[K1[m[K)  // RUNNING
[1.783s]       |                                   [01;36m[K^[m[K
[1.783s] In file included from [01m[K/usr/include/x86_64-linux-gnu/c++/11/bits/c++allocator.h:33[m[K,
[1.783s]                  from [01m[K/usr/include/c++/11/bits/allocator.h:46[m[K,
[1.783s]                  from [01m[K/usr/include/c++/11/memory:64[m[K,
[1.783s]                  from [01m[K/opt/ros/humble/include/rclcpp/rclcpp/rclcpp.hpp:153[m[K,
[1.783s]                  from [01m[K/home/ayush/Documents/cafeBot_ws/src/cafe_bot/src/task1.cpp:1[m[K:
[1.783s] [01m[K/usr/include/c++/11/ext/new_allocator.h:183:9:[m[K [01;36m[Knote: [m[Kcandidate: ‘[01m[Ktemplate<class _Up> bool __gnu_cxx::operator==(const __gnu_cxx::new_allocator<char>&, const __gnu_cxx::new_allocator<_Tp>&)[m[K’
[1.783s]   183 |         [01;36m[Koperator[m[K==(const new_allocator&, const new_allocator<_Up>&)
[1.783s]       |         [01;36m[K^~~~~~~~[m[K
[1.783s] [01m[K/usr/include/c++/11/ext/new_allocator.h:183:9:[m[K [01;36m[Knote: [m[K  template argument deduction/substitution failed:
[1.783s] [01m[K/home/ayush/Documents/cafeBot_ws/src/cafe_bot/src/task1.cpp:98:35:[m[K [01;36m[Knote: [m[K  mismatched types ‘[01m[Kconst __gnu_cxx::new_allocator<_Tp>[m[K’ and ‘[01m[Kint[m[K’
[1.783s]    98 |       if (event.current_status == [01;36m[K1[m[K)  // RUNNING
[1.783s]       |                                   [01;36m[K^[m[K
[1.783s] In file included from [01m[K/usr/include/c++/11/bits/stl_algobase.h:64[m[K,
[1.783s]                  from [01m[K/usr/include/c++/11/memory:63[m[K,
[1.783s]                  from [01m[K/opt/ros/humble/include/rclcpp/rclcpp/rclcpp.hpp:153[m[K,
[1.783s]                  from [01m[K/home/ayush/Documents/cafeBot_ws/src/cafe_bot/src/task1.cpp:1[m[K:
[1.783s] [01m[K/usr/include/c++/11/bits/stl_pair.h:466:5:[m[K [01;36m[Knote: [m[Kcandidate: ‘[01m[Ktemplate<class _T1, class _T2> constexpr bool std::operator==(const std::pair<_T1, _T2>&, const std::pair<_T1, _T2>&)[m[K’
[1.784s]   466 |     [01;36m[Koperator[m[K==(const pair<_T1, _T2>& __x, const pair<_T1, _T2>& __y)
[1.784s]       |     [01;36m[K^~~~~~~~[m[K
[1.784s] [01m[K/usr/include/c++/11/bits/stl_pair.h:466:5:[m[K [01;36m[Knote: [m[K  template argument deduction/substitution failed:
[1.784s] [01m[K/home/ayush/Documents/cafeBot_ws/src/cafe_bot/src/task1.cpp:98:35:[m[K [01;36m[Knote: [m[K  ‘[01m[Kconst _current_status_type[m[K’ {aka ‘[01m[Kconst std::__cxx11::basic_string<char>[m[K’} is not derived from ‘[01m[Kconst std::pair<_T1, _T2>[m[K’
[1.784s]    98 |       if (event.current_status == [01;36m[K1[m[K)  // RUNNING
[1.784s]       |                                   [01;36m[K^[m[K
[1.784s] In file included from [01m[K/usr/include/c++/11/bits/stl_algobase.h:67[m[K,
[1.784s]                  from [01m[K/usr/include/c++/11/memory:63[m[K,
[1.784s]                  from [01m[K/opt/ros/humble/include/rclcpp/rclcpp/rclcpp.hpp:153[m[K,
[1.784s]                  from [01m[K/home/ayush/Documents/cafeBot_ws/src/cafe_bot/src/task1.cpp:1[m[K:
[1.784s] [01m[K/usr/include/c++/11/bits/stl_iterator.h:420:5:[m[K [01;36m[Knote: [m[Kcandidate: ‘[01m[Ktemplate<class _Iterator> constexpr bool std::operator==(const std::reverse_iterator<_Iterator>&, const std::reverse_iterator<_Iterator>&)[m[K’
[1.784s]   420 |     [01;36m[Koperator[m[K==(const reverse_iterator<_Iterator>& __x,
[1.784s]       |     [01;36m[K^~~~~~~~[m[K
[1.784s] [01m[K/usr/include/c++/11/bits/stl_iterator.h:420:5:[m[K [01;36m[Knote: [m[K  template argument deduction/substitution failed:
[1.784s] [01m[K/home/ayush/Documents/cafeBot_ws/src/cafe_bot/src/task1.cpp:98:35:[m[K [01;36m[Knote: [m[K  ‘[01m[Kconst _current_status_type[m[K’ {aka ‘[01m[Kconst std::__cxx11::basic_string<char>[m[K’} is not derived from ‘[01m[Kconst std::reverse_iterator<_Iterator>[m[K’
[1.784s]    98 |       if (event.current_status == [01;36m[K1[m[K)  // RUNNING
[1.784s]       |                                   [01;36m[K^[m[K
[1.784s] In file included from [01m[K/usr/include/c++/11/bits/stl_algobase.h:67[m[K,
[1.784s]                  from [01m[K/usr/include/c++/11/memory:63[m[K,
[1.784s]                  from [01m[K/opt/ros/humble/include/rclcpp/rclcpp/rclcpp.hpp:153[m[K,
[1.784s]                  from [01m[K/home/ayush/Documents/cafeBot_ws/src/cafe_bot/src/task1.cpp:1[m[K:
[1.784s] [01m[K/usr/include/c++/11/bits/stl_iterator.h:459:5:[m[K [01;36m[Knote: [m[Kcandidate: ‘[01m[Ktemplate<class _IteratorL, class _IteratorR> constexpr bool std::operator==(const std::reverse_iterator<_Iterator>&, const std::reverse_iterator<_IteratorR>&)[m[K’
[1.784s]   459 |     [01;36m[Koperator[m[K==(const reverse_iterator<_IteratorL>& __x,
[1.784s]       |     [01;36m[K^~~~~~~~[m[K
[1.784s] [01m[K/usr/include/c++/11/bits/stl_iterator.h:459:5:[m[K [01;36m[Knote: [m[K  template argument deduction/substitution failed:
[1.784s] [01m[K/home/ayush/Documents/cafeBot_ws/src/cafe_bot/src/task1.cpp:98:35:[m[K [01;36m[Knote: [m[K  ‘[01m[Kconst _current_status_type[m[K’ {aka ‘[01m[Kconst std::__cxx11::basic_string<char>[m[K’} is not derived from ‘[01m[Kconst std::reverse_iterator<_Iterator>[m[K’
[1.784s]    98 |       if (event.current_status == [01;36m[K1[m[K)  // RUNNING
[1.785s]       |                                   [01;36m[K^[m[K
[1.785s] In file included from [01m[K/usr/include/c++/11/bits/stl_algobase.h:67[m[K,
[1.785s]                  from [01m[K/usr/include/c++/11/memory:63[m[K,
[1.785s]                  from [01m[K/opt/ros/humble/include/rclcpp/rclcpp/rclcpp.hpp:153[m[K,
[1.785s]                  from [01m[K/home/ayush/Documents/cafeBot_ws/src/cafe_bot/src/task1.cpp:1[m[K:
[1.785s] [01m[K/usr/include/c++/11/bits/stl_iterator.h:1585:5:[m[K [01;36m[Knote: [m[Kcandidate: ‘[01m[Ktemplate<class _IteratorL, class _IteratorR> constexpr bool std::operator==(const std::move_iterator<_IteratorL>&, const std::move_iterator<_IteratorR>&)[m[K’
[1.785s]  1585 |     [01;36m[Koperator[m[K==(const move_iterator<_IteratorL>& __x,
[1.785s]       |     [01;36m[K^~~~~~~~[m[K
[1.785s] [01m[K/usr/include/c++/11/bits/stl_iterator.h:1585:5:[m[K [01;36m[Knote: [m[K  template argument deduction/substitution failed:
[1.785s] [01m[K/home/ayush/Documents/cafeBot_ws/src/cafe_bot/src/task1.cpp:98:35:[m[K [01;36m[Knote: [m[K  ‘[01m[Kconst _current_status_type[m[K’ {aka ‘[01m[Kconst std::__cxx11::basic_string<char>[m[K’} is not derived from ‘[01m[Kconst std::move_iterator<_IteratorL>[m[K’
[1.785s]    98 |       if (event.current_status == [01;36m[K1[m[K)  // RUNNING
[1.785s]       |                                   [01;36m[K^[m[K
[1.785s] In file included from [01m[K/usr/include/c++/11/bits/stl_algobase.h:67[m[K,
[1.785s]                  from [01m[K/usr/include/c++/11/memory:63[m[K,
[1.785s]                  from [01m[K/opt/ros/humble/include/rclcpp/rclcpp/rclcpp.hpp:153[m[K,
[1.785s]                  from [01m[K/home/ayush/Documents/cafeBot_ws/src/cafe_bot/src/task1.cpp:1[m[K:
[1.785s] [01m[K/usr/include/c++/11/bits/stl_iterator.h:1648:5:[m[K [01;36m[Knote: [m[Kcandidate: ‘[01m[Ktemplate<class _Iterator> constexpr bool std::operator==(const std::move_iterator<_IteratorL>&, const std::move_iterator<_IteratorL>&)[m[K’
[1.785s]  1648 |     [01;36m[Koperator[m[K==(const move_iterator<_Iterator>& __x,
[1.785s]       |     [01;36m[K^~~~~~~~[m[K
[1.785s] [01m[K/usr/include/c++/11/bits/stl_iterator.h:1648:5:[m[K [01;36m[Knote: [m[K  template argument deduction/substitution failed:
[1.785s] [01m[K/home/ayush/Documents/cafeBot_ws/src/cafe_bot/src/task1.cpp:98:35:[m[K [01;36m[Knote: [m[K  ‘[01m[Kconst _current_status_type[m[K’ {aka ‘[01m[Kconst std::__cxx11::basic_string<char>[m[K’} is not derived from ‘[01m[Kconst std::move_iterator<_IteratorL>[m[K’
[1.785s]    98 |       if (event.current_status == [01;36m[K1[m[K)  // RUNNING
[1.785s]       |                                   [01;36m[K^[m[K
[1.785s] In file included from [01m[K/usr/include/c++/11/memory:64[m[K,
[1.785s]                  from [01m[K/opt/ros/humble/include/rclcpp/rclcpp/rclcpp.hpp:153[m[K,
[1.785s]                  from [01m[K/home/ayush/Documents/cafeBot_ws/src/cafe_bot/src/task1.cpp:1[m[K:
[1.785s] [01m[K/usr/include/c++/11/bits/allocator.h:218:5:[m[K [01;36m[Knote: [m[Kcandidate: ‘[01m[Ktemplate<class _T1, class _T2> bool std::operator==(const std::allocator<_Tp1>&, const std::allocator<_T2>&)[m[K’
[1.785s]   218 |     [01;36m[Koperator[m[K==(const allocator<_T1>&, const allocator<_T2>&)
[1.786s]       |     [01;36m[K^~~~~~~~[m[K
[1.786s] [01m[K/usr/include/c++/11/bits/allocator.h:218:5:[m[K [01;36m[Knote: [m[K  template argument deduction/substitution failed:
[1.786s] [01m[K/home/ayush/Documents/cafeBot_ws/src/cafe_bot/src/task1.cpp:98:35:[m[K [01;36m[Knote: [m[K  ‘[01m[Kconst _current_status_type[m[K’ {aka ‘[01m[Kconst std::__cxx11::basic_string<char>[m[K’} is not derived from ‘[01m[Kconst std::allocator<_Tp1>[m[K’
[1.786s]    98 |       if (event.current_status == [01;36m[K1[m[K)  // RUNNING
[1.786s]       |                                   [01;36m[K^[m[K
[1.786s] In file included from [01m[K/usr/include/c++/11/tuple:39[m[K,
[1.786s]                  from [01m[K/usr/include/c++/11/bits/unique_ptr.h:37[m[K,
[1.786s]                  from [01m[K/usr/include/c++/11/memory:76[m[K,
[1.786s]                  from [01m[K/opt/ros/humble/include/rclcpp/rclcpp/rclcpp.hpp:153[m[K,
[1.786s]                  from [01m[K/home/ayush/Documents/cafeBot_ws/src/cafe_bot/src/task1.cpp:1[m[K:
[1.786s] [01m[K/usr/include/c++/11/array:276:5:[m[K [01;36m[Knote: [m[Kcandidate: ‘[01m[Ktemplate<class _Tp, long unsigned int _Nm> bool std::operator==(const std::array<_Tp, _Nm>&, const std::array<_Tp, _Nm>&)[m[K’
[1.786s]   276 |     [01;36m[Koperator[m[K==(const array<_Tp, _Nm>& __one, const array<_Tp, _Nm>& __two)
[1.786s]       |     [01;36m[K^~~~~~~~[m[K
[1.786s] [01m[K/usr/include/c++/11/array:276:5:[m[K [01;36m[Knote: [m[K  template argument deduction/substitution failed:
[1.786s] [01m[K/home/ayush/Documents/cafeBot_ws/src/cafe_bot/src/task1.cpp:98:35:[m[K [01;36m[Knote: [m[K  ‘[01m[Kconst _current_status_type[m[K’ {aka ‘[01m[Kconst std::__cxx11::basic_string<char>[m[K’} is not derived from ‘[01m[Kconst std::array<_Tp, _Nm>[m[K’
[1.786s]    98 |       if (event.current_status == [01;36m[K1[m[K)  // RUNNING
[1.786s]       |                                   [01;36m[K^[m[K
[1.786s] In file included from [01m[K/usr/include/c++/11/bits/unique_ptr.h:37[m[K,
[1.786s]                  from [01m[K/usr/include/c++/11/memory:76[m[K,
[1.786s]                  from [01m[K/opt/ros/humble/include/rclcpp/rclcpp/rclcpp.hpp:153[m[K,
[1.786s]                  from [01m[K/home/ayush/Documents/cafeBot_ws/src/cafe_bot/src/task1.cpp:1[m[K:
[1.786s] [01m[K/usr/include/c++/11/tuple:1524:5:[m[K [01;36m[Knote: [m[Kcandidate: ‘[01m[Ktemplate<class ... _TElements, class ... _UElements> constexpr bool std::operator==(const std::tuple<_Tps ...>&, const std::tuple<_UTypes ...>&)[m[K’
[1.786s]  1524 |     [01;36m[Koperator[m[K==(const tuple<_TElements...>& __t,
[1.786s]       |     [01;36m[K^~~~~~~~[m[K
[1.786s] [01m[K/usr/include/c++/11/tuple:1524:5:[m[K [01;36m[Knote: [m[K  template argument deduction/substitution failed:
[1.786s] [01m[K/home/ayush/Documents/cafeBot_ws/src/cafe_bot/src/task1.cpp:98:35:[m[K [01;36m[Knote: [m[K  ‘[01m[Kconst _current_status_type[m[K’ {aka ‘[01m[Kconst std::__cxx11::basic_string<char>[m[K’} is not derived from ‘[01m[Kconst std::tuple<_Tps ...>[m[K’
[1.786s]    98 |       if (event.current_status == [01;36m[K1[m[K)  // RUNNING
[1.786s]       |                                   [01;36m[K^[m[K
[1.787s] In file included from [01m[K/usr/include/c++/11/memory:76[m[K,
[1.787s]                  from [01m[K/opt/ros/humble/include/rclcpp/rclcpp/rclcpp.hpp:153[m[K,
[1.787s]                  from [01m[K/home/ayush/Documents/cafeBot_ws/src/cafe_bot/src/task1.cpp:1[m[K:
[1.787s] [01m[K/usr/include/c++/11/bits/unique_ptr.h:753:5:[m[K [01;36m[Knote: [m[Kcandidate: ‘[01m[Ktemplate<class _Tp, class _Dp, class _Up, class _Ep> bool std::operator==(const std::unique_ptr<_Tp, _Dp>&, const std::unique_ptr<_Up, _Ep>&)[m[K’
[1.787s]   753 |     [01;36m[Koperator[m[K==(const unique_ptr<_Tp, _Dp>& __x,
[1.787s]       |     [01;36m[K^~~~~~~~[m[K
[1.787s] [01m[K/usr/include/c++/11/bits/unique_ptr.h:753:5:[m[K [01;36m[Knote: [m[K  template argument deduction/substitution failed:
[1.787s] [01m[K/home/ayush/Documents/cafeBot_ws/src/cafe_bot/src/task1.cpp:98:35:[m[K [01;36m[Knote: [m[K  ‘[01m[Kconst _current_status_type[m[K’ {aka ‘[01m[Kconst std::__cxx11::basic_string<char>[m[K’} is not derived from ‘[01m[Kconst std::unique_ptr<_Tp, _Dp>[m[K’
[1.787s]    98 |       if (event.current_status == [01;36m[K1[m[K)  // RUNNING
[1.787s]       |                                   [01;36m[K^[m[K
[1.787s] In file included from [01m[K/usr/include/c++/11/memory:76[m[K,
[1.787s]                  from [01m[K/opt/ros/humble/include/rclcpp/rclcpp/rclcpp.hpp:153[m[K,
[1.787s]                  from [01m[K/home/ayush/Documents/cafeBot_ws/src/cafe_bot/src/task1.cpp:1[m[K:
[1.787s] [01m[K/usr/include/c++/11/bits/unique_ptr.h:760:5:[m[K [01;36m[Knote: [m[Kcandidate: ‘[01m[Ktemplate<class _Tp, class _Dp> bool std::operator==(const std::unique_ptr<_Tp, _Dp>&, std::nullptr_t)[m[K’
[1.787s]   760 |     [01;36m[Koperator[m[K==(const unique_ptr<_Tp, _Dp>& __x, nullptr_t) noexcept
[1.787s]       |     [01;36m[K^~~~~~~~[m[K
[1.787s] [01m[K/usr/include/c++/11/bits/unique_ptr.h:760:5:[m[K [01;36m[Knote: [m[K  template argument deduction/substitution failed:
[1.787s] [01m[K/home/ayush/Documents/cafeBot_ws/src/cafe_bot/src/task1.cpp:98:35:[m[K [01;36m[Knote: [m[K  ‘[01m[Kconst _current_status_type[m[K’ {aka ‘[01m[Kconst std::__cxx11::basic_string<char>[m[K’} is not derived from ‘[01m[Kconst std::unique_ptr<_Tp, _Dp>[m[K’
[1.787s]    98 |       if (event.current_status == [01;36m[K1[m[K)  // RUNNING
[1.787s]       |                                   [01;36m[K^[m[K
[1.787s] In file included from [01m[K/usr/include/c++/11/memory:76[m[K,
[1.787s]                  from [01m[K/opt/ros/humble/include/rclcpp/rclcpp/rclcpp.hpp:153[m[K,
[1.788s]                  from [01m[K/home/ayush/Documents/cafeBot_ws/src/cafe_bot/src/task1.cpp:1[m[K:
[1.788s] [01m[K/usr/include/c++/11/bits/unique_ptr.h:767:5:[m[K [01;36m[Knote: [m[Kcandidate: ‘[01m[Ktemplate<class _Tp, class _Dp> bool std::operator==(std::nullptr_t, const std::unique_ptr<_Tp, _Dp>&)[m[K’
[1.788s]   767 |     [01;36m[Koperator[m[K==(nullptr_t, const unique_ptr<_Tp, _Dp>& __x) noexcept
[1.788s]       |     [01;36m[K^~~~~~~~[m[K
[1.788s] [01m[K/usr/include/c++/11/bits/unique_ptr.h:767:5:[m[K [01;36m[Knote: [m[K  template argument deduction/substitution failed:
[1.788s] [01m[K/home/ayush/Documents/cafeBot_ws/src/cafe_bot/src/task1.cpp:98:35:[m[K [01;36m[Knote: [m[K  mismatched types ‘[01m[Kconst std::unique_ptr<_Tp, _Dp>[m[K’ and ‘[01m[Kint[m[K’
[1.788s]    98 |       if (event.current_status == [01;36m[K1[m[K)  // RUNNING
[1.788s]       |                                   [01;36m[K^[m[K
[1.788s] In file included from [01m[K/usr/include/c++/11/iosfwd:40[m[K,
[1.788s]                  from [01m[K/usr/include/c++/11/bits/shared_ptr.h:52[m[K,
[1.788s]                  from [01m[K/usr/include/c++/11/memory:77[m[K,
[1.788s]                  from [01m[K/opt/ros/humble/include/rclcpp/rclcpp/rclcpp.hpp:153[m[K,
[1.788s]                  from [01m[K/home/ayush/Documents/cafeBot_ws/src/cafe_bot/src/task1.cpp:1[m[K:
[1.788s] [01m[K/usr/include/c++/11/bits/postypes.h:222:5:[m[K [01;36m[Knote: [m[Kcandidate: ‘[01m[Ktemplate<class _StateT> bool std::operator==(const std::fpos<_StateT>&, const std::fpos<_StateT>&)[m[K’
[1.788s]   222 |     [01;36m[Koperator[m[K==(const fpos<_StateT>& __lhs, const fpos<_StateT>& __rhs)
[1.788s]       |     [01;36m[K^~~~~~~~[m[K
[1.788s] [01m[K/usr/include/c++/11/bits/postypes.h:222:5:[m[K [01;36m[Knote: [m[K  template argument deduction/substitution failed:
[1.788s] [01m[K/home/ayush/Documents/cafeBot_ws/src/cafe_bot/src/task1.cpp:98:35:[m[K [01;36m[Knote: [m[K  ‘[01m[Kconst _current_status_type[m[K’ {aka ‘[01m[Kconst std::__cxx11::basic_string<char>[m[K’} is not derived from ‘[01m[Kconst std::fpos<_StateT>[m[K’
[1.788s]    98 |       if (event.current_status == [01;36m[K1[m[K)  // RUNNING
[1.788s]       |                                   [01;36m[K^[m[K
[1.788s] In file included from [01m[K/usr/include/c++/11/bits/shared_ptr.h:53[m[K,
[1.788s]                  from [01m[K/usr/include/c++/11/memory:77[m[K,
[1.788s]                  from [01m[K/opt/ros/humble/include/rclcpp/rclcpp/rclcpp.hpp:153[m[K,
[1.788s]                  from [01m[K/home/ayush/Documents/cafeBot_ws/src/cafe_bot/src/task1.cpp:1[m[K:
[1.788s] [01m[K/usr/include/c++/11/bits/shared_ptr_base.h:1410:5:[m[K [01;36m[Knote: [m[Kcandidate: ‘[01m[Ktemplate<class _Tp1, class _Tp2, __gnu_cxx::_Lock_policy _Lp> bool std::operator==(const std::__shared_ptr<_Tp1, _Lp>&, const std::__shared_ptr<_Tp2, _Lp>&)[m[K’
[1.789s]  1410 |     [01;36m[Koperator[m[K==(const __shared_ptr<_Tp1, _Lp>& __a,
[1.789s]       |     [01;36m[K^~~~~~~~[m[K
[1.789s] [01m[K/usr/include/c++/11/bits/shared_ptr_base.h:1410:5:[m[K [01;36m[Knote: [m[K  template argument deduction/substitution failed:
[1.789s] [01m[K/home/ayush/Documents/cafeBot_ws/src/cafe_bot/src/task1.cpp:98:35:[m[K [01;36m[Knote: [m[K  ‘[01m[Kconst _current_status_type[m[K’ {aka ‘[01m[Kconst std::__cxx11::basic_string<char>[m[K’} is not derived from ‘[01m[Kconst std::__shared_ptr<_Tp1, _Lp>[m[K’
[1.789s]    98 |       if (event.current_status == [01;36m[K1[m[K)  // RUNNING
[1.789s]       |                                   [01;36m[K^[m[K
[1.789s] In file included from [01m[K/usr/include/c++/11/bits/shared_ptr.h:53[m[K,
[1.789s]                  from [01m[K/usr/include/c++/11/memory:77[m[K,
[1.789s]                  from [01m[K/opt/ros/humble/include/rclcpp/rclcpp/rclcpp.hpp:153[m[K,
[1.789s]                  from [01m[K/home/ayush/Documents/cafeBot_ws/src/cafe_bot/src/task1.cpp:1[m[K:
[1.789s] [01m[K/usr/include/c++/11/bits/shared_ptr_base.h:1416:5:[m[K [01;36m[Knote: [m[Kcandidate: ‘[01m[Ktemplate<class _Tp, __gnu_cxx::_Lock_policy _Lp> bool std::operator==(const std::__shared_ptr<_Tp, _Lp>&, std::nullptr_t)[m[K’
[1.789s]  1416 |     [01;36m[Koperator[m[K==(const __shared_ptr<_Tp, _Lp>& __a, nullptr_t) noexcept
[1.789s]       |     [01;36m[K^~~~~~~~[m[K
[1.789s] [01m[K/usr/include/c++/11/bits/shared_ptr_base.h:1416:5:[m[K [01;36m[Knote: [m[K  template argument deduction/substitution failed:
[1.789s] [01m[K/home/ayush/Documents/cafeBot_ws/src/cafe_bot/src/task1.cpp:98:35:[m[K [01;36m[Knote: [m[K  ‘[01m[Kconst _current_status_type[m[K’ {aka ‘[01m[Kconst std::__cxx11::basic_string<char>[m[K’} is not derived from ‘[01m[Kconst std::__shared_ptr<_Tp, _Lp>[m[K’
[1.789s]    98 |       if (event.current_status == [01;36m[K1[m[K)  // RUNNING
[1.789s]       |                                   [01;36m[K^[m[K
[1.789s] In file included from [01m[K/usr/include/c++/11/bits/shared_ptr.h:53[m[K,
[1.789s]                  from [01m[K/usr/include/c++/11/memory:77[m[K,
[1.789s]                  from [01m[K/opt/ros/humble/include/rclcpp/rclcpp/rclcpp.hpp:153[m[K,
[1.789s]                  from [01m[K/home/ayush/Documents/cafeBot_ws/src/cafe_bot/src/task1.cpp:1[m[K:
[1.789s] [01m[K/usr/include/c++/11/bits/shared_ptr_base.h:1436:5:[m[K [01;36m[Knote: [m[Kcandidate: ‘[01m[Ktemplate<class _Tp, __gnu_cxx::_Lock_policy _Lp> bool std::operator==(std::nullptr_t, const std::__shared_ptr<_Tp, _Lp>&)[m[K’
[1.789s]  1436 |     [01;36m[Koperator[m[K==(nullptr_t, const __shared_ptr<_Tp, _Lp>& __a) noexcept
[1.789s]       |     [01;36m[K^~~~~~~~[m[K
[1.789s] [01m[K/usr/include/c++/11/bits/shared_ptr_base.h:1436:5:[m[K [01;36m[Knote: [m[K  template argument deduction/substitution failed:
[1.790s] [01m[K/home/ayush/Documents/cafeBot_ws/src/cafe_bot/src/task1.cpp:98:35:[m[K [01;36m[Knote: [m[K  mismatched types ‘[01m[Kconst std::__shared_ptr<_Tp, _Lp>[m[K’ and ‘[01m[Kint[m[K’
[1.790s]    98 |       if (event.current_status == [01;36m[K1[m[K)  // RUNNING
[1.790s]       |                                   [01;36m[K^[m[K
[1.790s] In file included from [01m[K/usr/include/c++/11/memory:77[m[K,
[1.790s]                  from [01m[K/opt/ros/humble/include/rclcpp/rclcpp/rclcpp.hpp:153[m[K,
[1.790s]                  from [01m[K/home/ayush/Documents/cafeBot_ws/src/cafe_bot/src/task1.cpp:1[m[K:
[1.790s] [01m[K/usr/include/c++/11/bits/shared_ptr.h:437:5:[m[K [01;36m[Knote: [m[Kcandidate: ‘[01m[Ktemplate<class _Tp, class _Up> bool std::operator==(const std::shared_ptr<_Tp>&, const std::shared_ptr<_Tp>&)[m[K’
[1.790s]   437 |     [01;36m[Koperator[m[K==(const shared_ptr<_Tp>& __a, const shared_ptr<_Up>& __b) noexcept
[1.790s]       |     [01;36m[K^~~~~~~~[m[K
[1.790s] [01m[K/usr/include/c++/11/bits/shared_ptr.h:437:5:[m[K [01;36m[Knote: [m[K  template argument deduction/substitution failed:
[1.790s] [01m[K/home/ayush/Documents/cafeBot_ws/src/cafe_bot/src/task1.cpp:98:35:[m[K [01;36m[Knote: [m[K  ‘[01m[Kconst _current_status_type[m[K’ {aka ‘[01m[Kconst std::__cxx11::basic_string<char>[m[K’} is not derived from ‘[01m[Kconst std::shared_ptr<_Tp>[m[K’
[1.790s]    98 |       if (event.current_status == [01;36m[K1[m[K)  // RUNNING
[1.790s]       |                                   [01;36m[K^[m[K
[1.790s] In file included from [01m[K/usr/include/c++/11/memory:77[m[K,
[1.790s]                  from [01m[K/opt/ros/humble/include/rclcpp/rclcpp/rclcpp.hpp:153[m[K,
[1.790s]                  from [01m[K/home/ayush/Documents/cafeBot_ws/src/cafe_bot/src/task1.cpp:1[m[K:
[1.790s] [01m[K/usr/include/c++/11/bits/shared_ptr.h:443:5:[m[K [01;36m[Knote: [m[Kcandidate: ‘[01m[Ktemplate<class _Tp> bool std::operator==(const std::shared_ptr<_Tp>&, std::nullptr_t)[m[K’
[1.790s]   443 |     [01;36m[Koperator[m[K==(const shared_ptr<_Tp>& __a, nullptr_t) noexcept
[1.790s]       |     [01;36m[K^~~~~~~~[m[K
[1.790s] [01m[K/usr/include/c++/11/bits/shared_ptr.h:443:5:[m[K [01;36m[Knote: [m[K  template argument deduction/substitution failed:
[1.790s] [01m[K/home/ayush/Documents/cafeBot_ws/src/cafe_bot/src/task1.cpp:98:35:[m[K [01;36m[Knote: [m[K  ‘[01m[Kconst _current_status_type[m[K’ {aka ‘[01m[Kconst std::__cxx11::basic_string<char>[m[K’} is not derived from ‘[01m[Kconst std::shared_ptr<_Tp>[m[K’
[1.790s]    98 |       if (event.current_status == [01;36m[K1[m[K)  // RUNNING
[1.790s]       |                                   [01;36m[K^[m[K
[1.790s] In file included from [01m[K/usr/include/c++/11/memory:77[m[K,
[1.790s]                  from [01m[K/opt/ros/humble/include/rclcpp/rclcpp/rclcpp.hpp:153[m[K,
[1.790s]                  from [01m[K/home/ayush/Documents/cafeBot_ws/src/cafe_bot/src/task1.cpp:1[m[K:
[1.790s] [01m[K/usr/include/c++/11/bits/shared_ptr.h:464:5:[m[K [01;36m[Knote: [m[Kcandidate: ‘[01m[Ktemplate<class _Tp> bool std::operator==(std::nullptr_t, const std::shared_ptr<_Tp>&)[m[K’
[1.791s]   464 |     [01;36m[Koperator[m[K==(nullptr_t, const shared_ptr<_Tp>& __a) noexcept
[1.791s]       |     [01;36m[K^~~~~~~~[m[K
[1.791s] [01m[K/usr/include/c++/11/bits/shared_ptr.h:464:5:[m[K [01;36m[Knote: [m[K  template argument deduction/substitution failed:
[1.791s] [01m[K/home/ayush/Documents/cafeBot_ws/src/cafe_bot/src/task1.cpp:98:35:[m[K [01;36m[Knote: [m[K  mismatched types ‘[01m[Kconst std::shared_ptr<_Tp>[m[K’ and ‘[01m[Kint[m[K’
[1.791s]    98 |       if (event.current_status == [01;36m[K1[m[K)  // RUNNING
[1.791s]       |                                   [01;36m[K^[m[K
[1.791s] In file included from [01m[K/usr/include/c++/11/bits/basic_string.h:48[m[K,
[1.791s]                  from [01m[K/usr/include/c++/11/string:55[m[K,
[1.791s]                  from [01m[K/usr/include/c++/11/stdexcept:39[m[K,
[1.791s]                  from [01m[K/usr/include/c++/11/system_error:41[m[K,
[1.791s]                  from [01m[K/usr/include/c++/11/mutex:42[m[K,
[1.791s]                  from [01m[K/usr/include/c++/11/future:38[m[K,
[1.791s]                  from [01m[K/opt/ros/humble/include/rclcpp/rclcpp/executors.hpp:18[m[K,
[1.791s]                  from [01m[K/opt/ros/humble/include/rclcpp/rclcpp/rclcpp.hpp:155[m[K,
[1.791s]                  from [01m[K/home/ayush/Documents/cafeBot_ws/src/cafe_bot/src/task1.cpp:1[m[K:
[1.791s] [01m[K/usr/include/c++/11/string_view:535:5:[m[K [01;36m[Knote: [m[Kcandidate: ‘[01m[Ktemplate<class _CharT, class _Traits> constexpr bool std::operator==(std::basic_string_view<_CharT, _Traits>, std::basic_string_view<_CharT, _Traits>)[m[K’
[1.791s]   535 |     [01;36m[Koperator[m[K==(basic_string_view<_CharT, _Traits> __x,
[1.791s]       |     [01;36m[K^~~~~~~~[m[K
[1.791s] [01m[K/usr/include/c++/11/string_view:535:5:[m[K [01;36m[Knote: [m[K  template argument deduction/substitution failed:
[1.791s] [01m[K/home/ayush/Documents/cafeBot_ws/src/cafe_bot/src/task1.cpp:98:35:[m[K [01;36m[Knote: [m[K  ‘[01m[Kstd::__cxx11::basic_string<char>[m[K’ is not derived from ‘[01m[Kstd::basic_string_view<_CharT, _Traits>[m[K’
[1.791s]    98 |       if (event.current_status == [01;36m[K1[m[K)  // RUNNING
[1.791s]       |                                   [01;36m[K^[m[K
[1.791s] In file included from [01m[K/usr/include/c++/11/bits/basic_string.h:48[m[K,
[1.791s]                  from [01m[K/usr/include/c++/11/string:55[m[K,
[1.791s]                  from [01m[K/usr/include/c++/11/stdexcept:39[m[K,
[1.791s]                  from [01m[K/usr/include/c++/11/system_error:41[m[K,
[1.792s]                  from [01m[K/usr/include/c++/11/mutex:42[m[K,
[1.792s]                  from [01m[K/usr/include/c++/11/future:38[m[K,
[1.792s]                  from [01m[K/opt/ros/humble/include/rclcpp/rclcpp/executors.hpp:18[m[K,
[1.792s]                  from [01m[K/opt/ros/humble/include/rclcpp/rclcpp/rclcpp.hpp:155[m[K,
[1.792s]                  from [01m[K/home/ayush/Documents/cafeBot_ws/src/cafe_bot/src/task1.cpp:1[m[K:
[1.792s] [01m[K/usr/include/c++/11/string_view:541:5:[m[K [01;36m[Knote: [m[Kcandidate: ‘[01m[Ktemplate<class _CharT, class _Traits> constexpr bool std::operator==(std::basic_string_view<_CharT, _Traits>, std::__type_identity_t<std::basic_string_view<_CharT, _Traits> >)[m[K’
[1.792s]   541 |     [01;36m[Koperator[m[K==(basic_string_view<_CharT, _Traits> __x,
[1.792s]       |     [01;36m[K^~~~~~~~[m[K
[1.792s] [01m[K/usr/include/c++/11/string_view:541:5:[m[K [01;36m[Knote: [m[K  template argument deduction/substitution failed:
[1.792s] [01m[K/home/ayush/Documents/cafeBot_ws/src/cafe_bot/src/task1.cpp:98:35:[m[K [01;36m[Knote: [m[K  ‘[01m[Kstd::__cxx11::basic_string<char>[m[K’ is not derived from ‘[01m[Kstd::basic_string_view<_CharT, _Traits>[m[K’
[1.792s]    98 |       if (event.current_status == [01;36m[K1[m[K)  // RUNNING
[1.792s]       |                                   [01;36m[K^[m[K
[1.792s] In file included from [01m[K/usr/include/c++/11/bits/basic_string.h:48[m[K,
[1.792s]                  from [01m[K/usr/include/c++/11/string:55[m[K,
[1.792s]                  from [01m[K/usr/include/c++/11/stdexcept:39[m[K,
[1.792s]                  from [01m[K/usr/include/c++/11/system_error:41[m[K,
[1.792s]                  from [01m[K/usr/include/c++/11/mutex:42[m[K,
[1.792s]                  from [01m[K/usr/include/c++/11/future:38[m[K,
[1.792s]                  from [01m[K/opt/ros/humble/include/rclcpp/rclcpp/executors.hpp:18[m[K,
[1.792s]                  from [01m[K/opt/ros/humble/include/rclcpp/rclcpp/rclcpp.hpp:155[m[K,
[1.792s]                  from [01m[K/home/ayush/Documents/cafeBot_ws/src/cafe_bot/src/task1.cpp:1[m[K:
[1.792s] [01m[K/usr/include/c++/11/string_view:564:5:[m[K [01;36m[Knote: [m[Kcandidate: ‘[01m[Ktemplate<class _CharT, class _Traits> constexpr bool std::operator==(std::__type_identity_t<std::basic_string_view<_CharT, _Traits> >, std::basic_string_view<_CharT, _Traits>)[m[K’
[1.792s]   564 |     [01;36m[Koperator[m[K==(__type_identity_t<basic_string_view<_CharT, _Traits>> __x,
[1.792s]       |     [01;36m[K^~~~~~~~[m[K
[1.792s] [01m[K/usr/include/c++/11/string_view:564:5:[m[K [01;36m[Knote: [m[K  template argument deduction/substitution failed:
[1.792s] [01m[K/home/ayush/Documents/cafeBot_ws/src/cafe_bot/src/task1.cpp:98:35:[m[K [01;36m[Knote: [m[K  mismatched types ‘[01m[Kstd::basic_string_view<_CharT, _Traits>[m[K’ and ‘[01m[Kint[m[K’
[1.793s]    98 |       if (event.current_status == [01;36m[K1[m[K)  // RUNNING
[1.793s]       |                                   [01;36m[K^[m[K
[1.793s] In file included from [01m[K/usr/include/c++/11/string:55[m[K,
[1.793s]                  from [01m[K/usr/include/c++/11/stdexcept:39[m[K,
[1.793s]                  from [01m[K/usr/include/c++/11/system_error:41[m[K,
[1.793s]                  from [01m[K/usr/include/c++/11/mutex:42[m[K,
[1.793s]                  from [01m[K/usr/include/c++/11/future:38[m[K,
[1.793s]                  from [01m[K/opt/ros/humble/include/rclcpp/rclcpp/executors.hpp:18[m[K,
[1.793s]                  from [01m[K/opt/ros/humble/include/rclcpp/rclcpp/rclcpp.hpp:155[m[K,
[1.793s]                  from [01m[K/home/ayush/Documents/cafeBot_ws/src/cafe_bot/src/task1.cpp:1[m[K:
[1.793s] [01m[K/usr/include/c++/11/bits/basic_string.h:6226:5:[m[K [01;36m[Knote: [m[Kcandidate: ‘[01m[Ktemplate<class _CharT, class _Traits, class _Alloc> bool std::operator==(const std::__cxx11::basic_string<_CharT, _Traits, _Allocator>&, const std::__cxx11::basic_string<_CharT, _Traits, _Allocator>&)[m[K’
[1.793s]  6226 |     [01;36m[Koperator[m[K==(const basic_string<_CharT, _Traits, _Alloc>& __lhs,
[1.793s]       |     [01;36m[K^~~~~~~~[m[K
[1.793s] [01m[K/usr/include/c++/11/bits/basic_string.h:6226:5:[m[K [01;36m[Knote: [m[K  template argument deduction/substitution failed:
[1.793s] [01m[K/home/ayush/Documents/cafeBot_ws/src/cafe_bot/src/task1.cpp:98:35:[m[K [01;36m[Knote: [m[K  mismatched types ‘[01m[Kconst std::__cxx11::basic_string<_CharT, _Traits, _Allocator>[m[K’ and ‘[01m[Kint[m[K’
[1.793s]    98 |       if (event.current_status == [01;36m[K1[m[K)  // RUNNING
[1.793s]       |                                   [01;36m[K^[m[K
[1.793s] In file included from [01m[K/usr/include/c++/11/string:55[m[K,
[1.793s]                  from [01m[K/usr/include/c++/11/stdexcept:39[m[K,
[1.793s]                  from [01m[K/usr/include/c++/11/system_error:41[m[K,
[1.793s]                  from [01m[K/usr/include/c++/11/mutex:42[m[K,
[1.793s]                  from [01m[K/usr/include/c++/11/future:38[m[K,
[1.793s]                  from [01m[K/opt/ros/humble/include/rclcpp/rclcpp/executors.hpp:18[m[K,
[1.793s]                  from [01m[K/opt/ros/humble/include/rclcpp/rclcpp/rclcpp.hpp:155[m[K,
[1.793s]                  from [01m[K/home/ayush/Documents/cafeBot_ws/src/cafe_bot/src/task1.cpp:1[m[K:
[1.794s] [01m[K/usr/include/c++/11/bits/basic_string.h:6234:5:[m[K [01;36m[Knote: [m[Kcandidate: ‘[01m[Ktemplate<class _CharT> typename __gnu_cxx::__enable_if<std::__is_char<_Tp>::__value, bool>::__type std::operator==(const std::__cxx11::basic_string<_CharT>&, const std::__cxx11::basic_string<_CharT>&)[m[K’
[1.794s]  6234 |     [01;36m[Koperator[m[K==(const basic_string<_CharT>& __lhs,
[1.794s]       |     [01;36m[K^~~~~~~~[m[K
[1.794s] [01m[K/usr/include/c++/11/bits/basic_string.h:6234:5:[m[K [01;36m[Knote: [m[K  template argument deduction/substitution failed:
[1.794s] [01m[K/home/ayush/Documents/cafeBot_ws/src/cafe_bot/src/task1.cpp:98:35:[m[K [01;36m[Knote: [m[K  mismatched types ‘[01m[Kconst std::__cxx11::basic_string<_CharT>[m[K’ and ‘[01m[Kint[m[K’
[1.794s]    98 |       if (event.current_status == [01;36m[K1[m[K)  // RUNNING
[1.794s]       |                                   [01;36m[K^[m[K
[1.794s] In file included from [01m[K/usr/include/c++/11/string:55[m[K,
[1.794s]                  from [01m[K/usr/include/c++/11/stdexcept:39[m[K,
[1.794s]                  from [01m[K/usr/include/c++/11/system_error:41[m[K,
[1.794s]                  from [01m[K/usr/include/c++/11/mutex:42[m[K,
[1.794s]                  from [01m[K/usr/include/c++/11/future:38[m[K,
[1.794s]                  from [01m[K/opt/ros/humble/include/rclcpp/rclcpp/executors.hpp:18[m[K,
[1.794s]                  from [01m[K/opt/ros/humble/include/rclcpp/rclcpp/rclcpp.hpp:155[m[K,
[1.794s]                  from [01m[K/home/ayush/Documents/cafeBot_ws/src/cafe_bot/src/task1.cpp:1[m[K:
[1.794s] [01m[K/usr/include/c++/11/bits/basic_string.h:6248:5:[m[K [01;36m[Knote: [m[Kcandidate: ‘[01m[Ktemplate<class _CharT, class _Traits, class _Alloc> bool std::operator==(const std::__cxx11::basic_string<_CharT, _Traits, _Allocator>&, const _CharT*)[m[K’
[1.794s]  6248 |     [01;36m[Koperator[m[K==(const basic_string<_CharT, _Traits, _Alloc>& __lhs,
[1.794s]       |     [01;36m[K^~~~~~~~[m[K
[1.794s] [01m[K/usr/include/c++/11/bits/basic_string.h:6248:5:[m[K [01;36m[Knote: [m[K  template argument deduction/substitution failed:
[1.794s] [01m[K/home/ayush/Documents/cafeBot_ws/src/cafe_bot/src/task1.cpp:98:35:[m[K [01;36m[Knote: [m[K  mismatched types ‘[01m[Kconst _CharT*[m[K’ and ‘[01m[Kint[m[K’
[1.794s]    98 |       if (event.current_status == [01;36m[K1[m[K)  // RUNNING
[1.794s]       |                                   [01;36m[K^[m[K
[1.794s] In file included from [01m[K/usr/include/c++/11/string:55[m[K,
[1.794s]                  from [01m[K/usr/include/c++/11/stdexcept:39[m[K,
[1.794s]                  from [01m[K/usr/include/c++/11/system_error:41[m[K,
[1.794s]                  from [01m[K/usr/include/c++/11/mutex:42[m[K,
[1.795s]                  from [01m[K/usr/include/c++/11/future:38[m[K,
[1.795s]                  from [01m[K/opt/ros/humble/include/rclcpp/rclcpp/executors.hpp:18[m[K,
[1.795s]                  from [01m[K/opt/ros/humble/include/rclcpp/rclcpp/rclcpp.hpp:155[m[K,
[1.795s]                  from [01m[K/home/ayush/Documents/cafeBot_ws/src/cafe_bot/src/task1.cpp:1[m[K:
[1.795s] [01m[K/usr/include/c++/11/bits/basic_string.h:6289:5:[m[K [01;36m[Knote: [m[Kcandidate: ‘[01m[Ktemplate<class _CharT, class _Traits, class _Alloc> bool std::operator==(const _CharT*, const std::__cxx11::basic_string<_CharT, _Traits, _Allocator>&)[m[K’
[1.795s]  6289 |     [01;36m[Koperator[m[K==(const _CharT* __lhs,
[1.795s]       |     [01;36m[K^~~~~~~~[m[K
[1.795s] [01m[K/usr/include/c++/11/bits/basic_string.h:6289:5:[m[K [01;36m[Knote: [m[K  template argument deduction/substitution failed:
[1.795s] [01m[K/home/ayush/Documents/cafeBot_ws/src/cafe_bot/src/task1.cpp:98:35:[m[K [01;36m[Knote: [m[K  mismatched types ‘[01m[Kconst _CharT*[m[K’ and ‘[01m[Kstd::__cxx11::basic_string<char>[m[K’
[1.795s]    98 |       if (event.current_status == [01;36m[K1[m[K)  // RUNNING
[1.795s]       |                                   [01;36m[K^[m[K
[1.795s] In file included from [01m[K/usr/include/c++/11/future:47[m[K,
[1.795s]                  from [01m[K/opt/ros/humble/include/rclcpp/rclcpp/executors.hpp:18[m[K,
[1.795s]                  from [01m[K/opt/ros/humble/include/rclcpp/rclcpp/rclcpp.hpp:155[m[K,
[1.795s]                  from [01m[K/home/ayush/Documents/cafeBot_ws/src/cafe_bot/src/task1.cpp:1[m[K:
[1.795s] [01m[K/usr/include/c++/11/bits/std_function.h:718:5:[m[K [01;36m[Knote: [m[Kcandidate: ‘[01m[Ktemplate<class _Res, class ... _Args> bool std::operator==(const std::function<_Res(_ArgTypes ...)>&, std::nullptr_t)[m[K’
[1.795s]   718 |     [01;36m[Koperator[m[K==(const function<_Res(_Args...)>& __f, nullptr_t) noexcept
[1.795s]       |     [01;36m[K^~~~~~~~[m[K
[1.795s] [01m[K/usr/include/c++/11/bits/std_function.h:718:5:[m[K [01;36m[Knote: [m[K  template argument deduction/substitution failed:
[1.795s] [01m[K/home/ayush/Documents/cafeBot_ws/src/cafe_bot/src/task1.cpp:98:35:[m[K [01;36m[Knote: [m[K  ‘[01m[Kconst _current_status_type[m[K’ {aka ‘[01m[Kconst std::__cxx11::basic_string<char>[m[K’} is not derived from ‘[01m[Kconst std::function<_Res(_ArgTypes ...)>[m[K’
[1.795s]    98 |       if (event.current_status == [01;36m[K1[m[K)  // RUNNING
[1.795s]       |                                   [01;36m[K^[m[K
[1.795s] In file included from [01m[K/usr/include/c++/11/future:47[m[K,
[1.795s]                  from [01m[K/opt/ros/humble/include/rclcpp/rclcpp/executors.hpp:18[m[K,
[1.795s]                  from [01m[K/opt/ros/humble/include/rclcpp/rclcpp/rclcpp.hpp:155[m[K,
[1.795s]                  from [01m[K/home/ayush/Documents/cafeBot_ws/src/cafe_bot/src/task1.cpp:1[m[K:
[1.796s] [01m[K/usr/include/c++/11/bits/std_function.h:725:5:[m[K [01;36m[Knote: [m[Kcandidate: ‘[01m[Ktemplate<class _Res, class ... _Args> bool std::operator==(std::nullptr_t, const std::function<_Res(_ArgTypes ...)>&)[m[K’
[1.796s]   725 |     [01;36m[Koperator[m[K==(nullptr_t, const function<_Res(_Args...)>& __f) noexcept
[1.796s]       |     [01;36m[K^~~~~~~~[m[K
[1.796s] [01m[K/usr/include/c++/11/bits/std_function.h:725:5:[m[K [01;36m[Knote: [m[K  template argument deduction/substitution failed:
[1.796s] [01m[K/home/ayush/Documents/cafeBot_ws/src/cafe_bot/src/task1.cpp:98:35:[m[K [01;36m[Knote: [m[K  mismatched types ‘[01m[Kconst std::function<_Res(_ArgTypes ...)>[m[K’ and ‘[01m[Kint[m[K’
[1.796s]    98 |       if (event.current_status == [01;36m[K1[m[K)  // RUNNING
[1.796s]       |                                   [01;36m[K^[m[K
[1.796s] In file included from [01m[K/usr/include/c++/11/set:61[m[K,
[1.796s]                  from [01m[K/opt/ros/humble/include/rclcpp/rclcpp/executors/multi_threaded_executor.hpp:21[m[K,
[1.796s]                  from [01m[K/opt/ros/humble/include/rclcpp/rclcpp/executors.hpp:21[m[K,
[1.796s]                  from [01m[K/opt/ros/humble/include/rclcpp/rclcpp/rclcpp.hpp:155[m[K,
[1.796s]                  from [01m[K/home/ayush/Documents/cafeBot_ws/src/cafe_bot/src/task1.cpp:1[m[K:
[1.796s] [01m[K/usr/include/c++/11/bits/stl_set.h:985:5:[m[K [01;36m[Knote: [m[Kcandidate: ‘[01m[Ktemplate<class _Key, class _Compare, class _Alloc> bool std::operator==(const std::set<_Key, _Compare, _Allocator>&, const std::set<_Key, _Compare, _Allocator>&)[m[K’
[1.796s]   985 |     [01;36m[Koperator[m[K==(const set<_Key, _Compare, _Alloc>& __x,
[1.796s]       |     [01;36m[K^~~~~~~~[m[K
[1.796s] [01m[K/usr/include/c++/11/bits/stl_set.h:985:5:[m[K [01;36m[Knote: [m[K  template argument deduction/substitution failed:
[1.796s] [01m[K/home/ayush/Documents/cafeBot_ws/src/cafe_bot/src/task1.cpp:98:35:[m[K [01;36m[Knote: [m[K  ‘[01m[Kconst _current_status_type[m[K’ {aka ‘[01m[Kconst std::__cxx11::basic_string<char>[m[K’} is not derived from ‘[01m[Kconst std::set<_Key, _Compare, _Allocator>[m[K’
[1.796s]    98 |       if (event.current_status == [01;36m[K1[m[K)  // RUNNING
[1.796s]       |                                   [01;36m[K^[m[K
[1.796s] In file included from [01m[K/usr/include/c++/11/set:62[m[K,
[1.796s]                  from [01m[K/opt/ros/humble/include/rclcpp/rclcpp/executors/multi_threaded_executor.hpp:21[m[K,
[1.796s]                  from [01m[K/opt/ros/humble/include/rclcpp/rclcpp/executors.hpp:21[m[K,
[1.796s]                  from [01m[K/opt/ros/humble/include/rclcpp/rclcpp/rclcpp.hpp:155[m[K,
[1.796s]                  from [01m[K/home/ayush/Documents/cafeBot_ws/src/cafe_bot/src/task1.cpp:1[m[K:
[1.796s] [01m[K/usr/include/c++/11/bits/stl_multiset.h:971:5:[m[K [01;36m[Knote: [m[Kcandidate: ‘[01m[Ktemplate<class _Key, class _Compare, class _Alloc> bool std::operator==(const std::multiset<_Key, _Compare, _Allocator>&, const std::multiset<_Key, _Compare, _Allocator>&)[m[K’
[1.796s]   971 |     [01;36m[Koperator[m[K==(const multiset<_Key, _Compare, _Alloc>& __x,
[1.797s]       |     [01;36m[K^~~~~~~~[m[K
[1.797s] [01m[K/usr/include/c++/11/bits/stl_multiset.h:971:5:[m[K [01;36m[Knote: [m[K  template argument deduction/substitution failed:
[1.797s] [01m[K/home/ayush/Documents/cafeBot_ws/src/cafe_bot/src/task1.cpp:98:35:[m[K [01;36m[Knote: [m[K  ‘[01m[Kconst _current_status_type[m[K’ {aka ‘[01m[Kconst std::__cxx11::basic_string<char>[m[K’} is not derived from ‘[01m[Kconst std::multiset<_Key, _Compare, _Allocator>[m[K’
[1.797s]    98 |       if (event.current_status == [01;36m[K1[m[K)  // RUNNING
[1.797s]       |                                   [01;36m[K^[m[K
[1.797s] In file included from [01m[K/usr/include/c++/11/unordered_map:47[m[K,
[1.797s]                  from [01m[K/opt/ros/humble/include/rclcpp/rclcpp/executors/multi_threaded_executor.hpp:23[m[K,
[1.797s]                  from [01m[K/opt/ros/humble/include/rclcpp/rclcpp/executors.hpp:21[m[K,
[1.797s]                  from [01m[K/opt/ros/humble/include/rclcpp/rclcpp/rclcpp.hpp:155[m[K,
[1.797s]                  from [01m[K/home/ayush/Documents/cafeBot_ws/src/cafe_bot/src/task1.cpp:1[m[K:
[1.797s] [01m[K/usr/include/c++/11/bits/unordered_map.h:2134:5:[m[K [01;36m[Knote: [m[Kcandidate: ‘[01m[Ktemplate<class _Key1, class _Tp1, class _Hash1, class _Pred1, class _Alloc1> bool std::operator==(const std::unordered_map<_Key1, _Tp1, _Hash1, _Pred1, _Alloc1>&, const std::unordered_map<_Key1, _Tp1, _Hash1, _Pred1, _Alloc1>&)[m[K’
[1.797s]  2134 |     [01;36m[Koperator[m[K==(const unordered_map<_Key, _Tp, _Hash, _Pred, _Alloc>& __x,
[1.797s]       |     [01;36m[K^~~~~~~~[m[K
[1.797s] [01m[K/usr/include/c++/11/bits/unordered_map.h:2134:5:[m[K [01;36m[Knote: [m[K  template argument deduction/substitution failed:
[1.797s] [01m[K/home/ayush/Documents/cafeBot_ws/src/cafe_bot/src/task1.cpp:98:35:[m[K [01;36m[Knote: [m[K  ‘[01m[Kconst _current_status_type[m[K’ {aka ‘[01m[Kconst std::__cxx11::basic_string<char>[m[K’} is not derived from ‘[01m[Kconst std::unordered_map<_Key1, _Tp1, _Hash1, _Pred1, _Alloc1>[m[K’
[1.797s]    98 |       if (event.current_status == [01;36m[K1[m[K)  // RUNNING
[1.797s]       |                                   [01;36m[K^[m[K
[1.797s] In file included from [01m[K/usr/include/c++/11/unordered_map:47[m[K,
[1.797s]                  from [01m[K/opt/ros/humble/include/rclcpp/rclcpp/executors/multi_threaded_executor.hpp:23[m[K,
[1.797s]                  from [01m[K/opt/ros/humble/include/rclcpp/rclcpp/executors.hpp:21[m[K,
[1.797s]                  from [01m[K/opt/ros/humble/include/rclcpp/rclcpp/rclcpp.hpp:155[m[K,
[1.797s]                  from [01m[K/home/ayush/Documents/cafeBot_ws/src/cafe_bot/src/task1.cpp:1[m[K:
[1.797s] [01m[K/usr/include/c++/11/bits/unordered_map.h:2148:5:[m[K [01;36m[Knote: [m[Kcandidate: ‘[01m[Ktemplate<class _Key1, class _Tp1, class _Hash1, class _Pred1, class _Alloc1> bool std::operator==(const std::unordered_multimap<_Key1, _Tp1, _Hash1, _Pred1, _Alloc1>&, const std::unordered_multimap<_Key1, _Tp1, _Hash1, _Pred1, _Alloc1>&)[m[K’
[1.797s]  2148 |     [01;36m[Koperator[m[K==(const unordered_multimap<_Key, _Tp, _Hash, _Pred, _Alloc>& __x,
[1.797s]       |     [01;36m[K^~~~~~~~[m[K
[1.797s] [01m[K/usr/include/c++/11/bits/unordered_map.h:2148:5:[m[K [01;36m[Knote: [m[K  template argument deduction/substitution failed:
[1.798s] [01m[K/home/ayush/Documents/cafeBot_ws/src/cafe_bot/src/task1.cpp:98:35:[m[K [01;36m[Knote: [m[K  ‘[01m[Kconst _current_status_type[m[K’ {aka ‘[01m[Kconst std::__cxx11::basic_string<char>[m[K’} is not derived from ‘[01m[Kconst std::unordered_multimap<_Key1, _Tp1, _Hash1, _Pred1, _Alloc1>[m[K’
[1.798s]    98 |       if (event.current_status == [01;36m[K1[m[K)  // RUNNING
[1.798s]       |                                   [01;36m[K^[m[K
[1.798s] In file included from [01m[K/usr/include/c++/11/vector:67[m[K,
[1.798s]                  from [01m[K/usr/include/c++/11/functional:62[m[K,
[1.798s]                  from [01m[K/usr/include/c++/11/pstl/glue_algorithm_defs.h:13[m[K,
[1.798s]                  from [01m[K/usr/include/c++/11/algorithm:74[m[K,
[1.798s]                  from [01m[K/opt/ros/humble/include/rclcpp/rclcpp/executor.hpp:18[m[K,
[1.798s]                  from [01m[K/opt/ros/humble/include/rclcpp/rclcpp/executors/multi_threaded_executor.hpp:25[m[K,
[1.798s]                  from [01m[K/opt/ros/humble/include/rclcpp/rclcpp/executors.hpp:21[m[K,
[1.798s]                  from [01m[K/opt/ros/humble/include/rclcpp/rclcpp/rclcpp.hpp:155[m[K,
[1.798s]                  from [01m[K/home/ayush/Documents/cafeBot_ws/src/cafe_bot/src/task1.cpp:1[m[K:
[1.798s] [01m[K/usr/include/c++/11/bits/stl_vector.h:1892:5:[m[K [01;36m[Knote: [m[Kcandidate: ‘[01m[Ktemplate<class _Tp, class _Alloc> bool std::operator==(const std::vector<_Tp, _Alloc>&, const std::vector<_Tp, _Alloc>&)[m[K’
[1.798s]  1892 |     [01;36m[Koperator[m[K==(const vector<_Tp, _Alloc>& __x, const vector<_Tp, _Alloc>& __y)
[1.798s]       |     [01;36m[K^~~~~~~~[m[K
[1.798s] [01m[K/usr/include/c++/11/bits/stl_vector.h:1892:5:[m[K [01;36m[Knote: [m[K  template argument deduction/substitution failed:
[1.798s] [01m[K/home/ayush/Documents/cafeBot_ws/src/cafe_bot/src/task1.cpp:98:35:[m[K [01;36m[Knote: [m[K  ‘[01m[Kconst _current_status_type[m[K’ {aka ‘[01m[Kconst std::__cxx11::basic_string<char>[m[K’} is not derived from ‘[01m[Kconst std::vector<_Tp, _Alloc>[m[K’
[1.798s]    98 |       if (event.current_status == [01;36m[K1[m[K)  // RUNNING
[1.798s]       |                                   [01;36m[K^[m[K
[1.798s] In file included from [01m[K/usr/include/c++/11/bits/locale_facets.h:48[m[K,
[1.798s]                  from [01m[K/usr/include/c++/11/bits/basic_ios.h:37[m[K,
[1.798s]                  from [01m[K/usr/include/c++/11/ios:44[m[K,
[1.798s]                  from [01m[K/usr/include/c++/11/ostream:38[m[K,
[1.798s]                  from [01m[K/usr/include/c++/11/iostream:39[m[K,
[1.798s]                  from [01m[K/opt/ros/humble/include/rclcpp/rclcpp/executor.hpp:22[m[K,
[1.798s]                  from [01m[K/opt/ros/humble/include/rclcpp/rclcpp/executors/multi_threaded_executor.hpp:25[m[K,
[1.798s]                  from [01m[K/opt/ros/humble/include/rclcpp/rclcpp/executors.hpp:21[m[K,
[1.799s]                  from [01m[K/opt/ros/humble/include/rclcpp/rclcpp/rclcpp.hpp:155[m[K,
[1.799s]                  from [01m[K/home/ayush/Documents/cafeBot_ws/src/cafe_bot/src/task1.cpp:1[m[K:
[1.799s] [01m[K/usr/include/c++/11/bits/streambuf_iterator.h:226:5:[m[K [01;36m[Knote: [m[Kcandidate: ‘[01m[Ktemplate<class _CharT, class _Traits> bool std::operator==(const std::istreambuf_iterator<_CharT, _Traits>&, const std::istreambuf_iterator<_CharT, _Traits>&)[m[K’
[1.799s]   226 |     [01;36m[Koperator[m[K==(const istreambuf_iterator<_CharT, _Traits>& __a,
[1.799s]       |     [01;36m[K^~~~~~~~[m[K
[1.799s] [01m[K/usr/include/c++/11/bits/streambuf_iterator.h:226:5:[m[K [01;36m[Knote: [m[K  template argument deduction/substitution failed:
[1.799s] [01m[K/home/ayush/Documents/cafeBot_ws/src/cafe_bot/src/task1.cpp:98:35:[m[K [01;36m[Knote: [m[K  ‘[01m[Kconst _current_status_type[m[K’ {aka ‘[01m[Kconst std::__cxx11::basic_string<char>[m[K’} is not derived from ‘[01m[Kconst std::istreambuf_iterator<_CharT, _Traits>[m[K’
[1.799s]    98 |       if (event.current_status == [01;36m[K1[m[K)  // RUNNING
[1.799s]       |                                   [01;36m[K^[m[K
[1.799s] In file included from [01m[K/usr/include/c++/11/list:63[m[K,
[1.799s]                  from [01m[K/opt/ros/humble/include/rclcpp/rclcpp/executor.hpp:23[m[K,
[1.799s]                  from [01m[K/opt/ros/humble/include/rclcpp/rclcpp/executors/multi_threaded_executor.hpp:25[m[K,
[1.799s]                  from [01m[K/opt/ros/humble/include/rclcpp/rclcpp/executors.hpp:21[m[K,
[1.799s]                  from [01m[K/opt/ros/humble/include/rclcpp/rclcpp/rclcpp.hpp:155[m[K,
[1.799s]                  from [01m[K/home/ayush/Documents/cafeBot_ws/src/cafe_bot/src/task1.cpp:1[m[K:
[1.799s] [01m[K/usr/include/c++/11/bits/stl_list.h:2030:5:[m[K [01;36m[Knote: [m[Kcandidate: ‘[01m[Ktemplate<class _Tp, class _Alloc> bool std::operator==(const std::__cxx11::list<_Tp, _Alloc>&, const std::__cxx11::list<_Tp, _Alloc>&)[m[K’
[1.799s]  2030 |     [01;36m[Koperator[m[K==(const list<_Tp, _Alloc>& __x, const list<_Tp, _Alloc>& __y)
[1.799s]       |     [01;36m[K^~~~~~~~[m[K
[1.799s] [01m[K/usr/include/c++/11/bits/stl_list.h:2030:5:[m[K [01;36m[Knote: [m[K  template argument deduction/substitution failed:
[1.799s] [01m[K/home/ayush/Documents/cafeBot_ws/src/cafe_bot/src/task1.cpp:98:35:[m[K [01;36m[Knote: [m[K  ‘[01m[Kconst _current_status_type[m[K’ {aka ‘[01m[Kconst std::__cxx11::basic_string<char>[m[K’} is not derived from ‘[01m[Kconst std::__cxx11::list<_Tp, _Alloc>[m[K’
[1.799s]    98 |       if (event.current_status == [01;36m[K1[m[K)  // RUNNING
[1.799s]       |                                   [01;36m[K^[m[K
[1.799s] In file included from [01m[K/usr/include/c++/11/map:61[m[K,
[1.799s]                  from [01m[K/opt/ros/humble/include/rclcpp/rclcpp/executor.hpp:24[m[K,
[1.799s]                  from [01m[K/opt/ros/humble/include/rclcpp/rclcpp/executors/multi_threaded_executor.hpp:25[m[K,
[1.799s]                  from [01m[K/opt/ros/humble/include/rclcpp/rclcpp/executors.hpp:21[m[K,
[1.799s]                  from [01m[K/opt/ros/humble/include/rclcpp/rclcpp/rclcpp.hpp:155[m[K,
[1.800s]                  from [01m[K/home/ayush/Documents/cafeBot_ws/src/cafe_bot/src/task1.cpp:1[m[K:
[1.800s] [01m[K/usr/include/c++/11/bits/stl_map.h:1463:5:[m[K [01;36m[Knote: [m[Kcandidate: ‘[01m[Ktemplate<class _Key, class _Tp, class _Compare, class _Alloc> bool std::operator==(const std::map<_Key, _Tp, _Compare, _Allocator>&, const std::map<_Key, _Tp, _Compare, _Allocator>&)[m[K’
[1.800s]  1463 |     [01;36m[Koperator[m[K==(const map<_Key, _Tp, _Compare, _Alloc>& __x,
[1.800s]       |     [01;36m[K^~~~~~~~[m[K
[1.800s] [01m[K/usr/include/c++/11/bits/stl_map.h:1463:5:[m[K [01;36m[Knote: [m[K  template argument deduction/substitution failed:
[1.800s] [01m[K/home/ayush/Documents/cafeBot_ws/src/cafe_bot/src/task1.cpp:98:35:[m[K [01;36m[Knote: [m[K  ‘[01m[Kconst _current_status_type[m[K’ {aka ‘[01m[Kconst std::__cxx11::basic_string<char>[m[K’} is not derived from ‘[01m[Kconst std::map<_Key, _Tp, _Compare, _Allocator>[m[K’
[1.800s]    98 |       if (event.current_status == [01;36m[K1[m[K)  // RUNNING
[1.800s]       |                                   [01;36m[K^[m[K
[1.800s] In file included from [01m[K/usr/include/c++/11/map:62[m[K,
[1.800s]                  from [01m[K/opt/ros/humble/include/rclcpp/rclcpp/executor.hpp:24[m[K,
[1.800s]                  from [01m[K/opt/ros/humble/include/rclcpp/rclcpp/executors/multi_threaded_executor.hpp:25[m[K,
[1.800s]                  from [01m[K/opt/ros/humble/include/rclcpp/rclcpp/executors.hpp:21[m[K,
[1.800s]                  from [01m[K/opt/ros/humble/include/rclcpp/rclcpp/rclcpp.hpp:155[m[K,
[1.800s]                  from [01m[K/home/ayush/Documents/cafeBot_ws/src/cafe_bot/src/task1.cpp:1[m[K:
[1.800s] [01m[K/usr/include/c++/11/bits/stl_multimap.h:1128:5:[m[K [01;36m[Knote: [m[Kcandidate: ‘[01m[Ktemplate<class _Key, class _Tp, class _Compare, class _Alloc> bool std::operator==(const std::multimap<_Key, _Tp, _Compare, _Allocator>&, const std::multimap<_Key, _Tp, _Compare, _Allocator>&)[m[K’
[1.800s]  1128 |     [01;36m[Koperator[m[K==(const multimap<_Key, _Tp, _Compare, _Alloc>& __x,
[1.800s]       |     [01;36m[K^~~~~~~~[m[K
[1.800s] [01m[K/usr/include/c++/11/bits/stl_multimap.h:1128:5:[m[K [01;36m[Knote: [m[K  template argument deduction/substitution failed:
[1.800s] [01m[K/home/ayush/Documents/cafeBot_ws/src/cafe_bot/src/task1.cpp:98:35:[m[K [01;36m[Knote: [m[K  ‘[01m[Kconst _current_status_type[m[K’ {aka ‘[01m[Kconst std::__cxx11::basic_string<char>[m[K’} is not derived from ‘[01m[Kconst std::multimap<_Key, _Tp, _Compare, _Allocator>[m[K’
[1.800s]    98 |       if (event.current_status == [01;36m[K1[m[K)  // RUNNING
[1.800s]       |                                   [01;36m[K^[m[K
[1.800s] In file included from [01m[K/usr/include/c++/11/unordered_set:47[m[K,
[1.800s]                  from [01m[K/opt/ros/humble/include/rclcpp/rclcpp/context.hpp:26[m[K,
[1.800s]                  from [01m[K/opt/ros/humble/include/rclcpp/rclcpp/executor.hpp:34[m[K,
[1.800s]                  from [01m[K/opt/ros/humble/include/rclcpp/rclcpp/executors/multi_threaded_executor.hpp:25[m[K,
[1.800s]                  from [01m[K/opt/ros/humble/include/rclcpp/rclcpp/executors.hpp:21[m[K,
[1.800s]                  from [01m[K/opt/ros/humble/include/rclcpp/rclcpp/rclcpp.hpp:155[m[K,
[1.801s]                  from [01m[K/home/ayush/Documents/cafeBot_ws/src/cafe_bot/src/task1.cpp:1[m[K:
[1.801s] [01m[K/usr/include/c++/11/bits/unordered_set.h:1804:5:[m[K [01;36m[Knote: [m[Kcandidate: ‘[01m[Ktemplate<class _Value1, class _Hash1, class _Pred1, class _Alloc1> bool std::operator==(const std::unordered_set<_Value1, _Hash1, _Pred1, _Alloc1>&, const std::unordered_set<_Value1, _Hash1, _Pred1, _Alloc1>&)[m[K’
[1.801s]  1804 |     [01;36m[Koperator[m[K==(const unordered_set<_Value, _Hash, _Pred, _Alloc>& __x,
[1.801s]       |     [01;36m[K^~~~~~~~[m[K
[1.801s] [01m[K/usr/include/c++/11/bits/unordered_set.h:1804:5:[m[K [01;36m[Knote: [m[K  template argument deduction/substitution failed:
[1.801s] [01m[K/home/ayush/Documents/cafeBot_ws/src/cafe_bot/src/task1.cpp:98:35:[m[K [01;36m[Knote: [m[K  ‘[01m[Kconst _current_status_type[m[K’ {aka ‘[01m[Kconst std::__cxx11::basic_string<char>[m[K’} is not derived from ‘[01m[Kconst std::unordered_set<_Value1, _Hash1, _Pred1, _Alloc1>[m[K’
[1.801s]    98 |       if (event.current_status == [01;36m[K1[m[K)  // RUNNING
[1.801s]       |                                   [01;36m[K^[m[K
[1.801s] In file included from [01m[K/usr/include/c++/11/unordered_set:47[m[K,
[1.801s]                  from [01m[K/opt/ros/humble/include/rclcpp/rclcpp/context.hpp:26[m[K,
[1.801s]                  from [01m[K/opt/ros/humble/include/rclcpp/rclcpp/executor.hpp:34[m[K,
[1.801s]                  from [01m[K/opt/ros/humble/include/rclcpp/rclcpp/executors/multi_threaded_executor.hpp:25[m[K,
[1.801s]                  from [01m[K/opt/ros/humble/include/rclcpp/rclcpp/executors.hpp:21[m[K,
[1.801s]                  from [01m[K/opt/ros/humble/include/rclcpp/rclcpp/rclcpp.hpp:155[m[K,
[1.801s]                  from [01m[K/home/ayush/Documents/cafeBot_ws/src/cafe_bot/src/task1.cpp:1[m[K:
[1.801s] [01m[K/usr/include/c++/11/bits/unordered_set.h:1818:5:[m[K [01;36m[Knote: [m[Kcandidate: ‘[01m[Ktemplate<class _Value1, class _Hash1, class _Pred1, class _Alloc1> bool std::operator==(const std::unordered_multiset<_Value1, _Hash1, _Pred1, _Alloc1>&, const std::unordered_multiset<_Value1, _Hash1, _Pred1, _Alloc1>&)[m[K’
[1.801s]  1818 |     [01;36m[Koperator[m[K==(const unordered_multiset<_Value, _Hash, _Pred, _Alloc>& __x,
[1.801s]       |     [01;36m[K^~~~~~~~[m[K
[1.801s] [01m[K/usr/include/c++/11/bits/unordered_set.h:1818:5:[m[K [01;36m[Knote: [m[K  template argument deduction/substitution failed:
[1.801s] [01m[K/home/ayush/Documents/cafeBot_ws/src/cafe_bot/src/task1.cpp:98:35:[m[K [01;36m[Knote: [m[K  ‘[01m[Kconst _current_status_type[m[K’ {aka ‘[01m[Kconst std::__cxx11::basic_string<char>[m[K’} is not derived from ‘[01m[Kconst std::unordered_multiset<_Value1, _Hash1, _Pred1, _Alloc1>[m[K’
[1.801s]    98 |       if (event.current_status == [01;36m[K1[m[K)  // RUNNING
[1.801s]       |                                   [01;36m[K^[m[K
[1.801s] In file included from [01m[K/opt/ros/humble/include/rclcpp/rclcpp/client.hpp:23[m[K,
[1.801s]                  from [01m[K/opt/ros/humble/include/rclcpp/rclcpp/callback_group.hpp:24[m[K,
[1.801s]                  from [01m[K/opt/ros/humble/include/rclcpp/rclcpp/any_executable.hpp:20[m[K,
[1.801s]                  from [01m[K/opt/ros/humble/include/rclcpp/rclcpp/memory_strategy.hpp:25[m[K,
[1.802s]                  from [01m[K/opt/ros/humble/include/rclcpp/rclcpp/memory_strategies.hpp:18[m[K,
[1.802s]                  from [01m[K/opt/ros/humble/include/rclcpp/rclcpp/executor_options.hpp:20[m[K,
[1.802s]                  from [01m[K/opt/ros/humble/include/rclcpp/rclcpp/executor.hpp:37[m[K,
[1.802s]                  from [01m[K/opt/ros/humble/include/rclcpp/rclcpp/executors/multi_threaded_executor.hpp:25[m[K,
[1.802s]                  from [01m[K/opt/ros/humble/include/rclcpp/rclcpp/executors.hpp:21[m[K,
[1.802s]                  from [01m[K/opt/ros/humble/include/rclcpp/rclcpp/rclcpp.hpp:155[m[K,
[1.802s]                  from [01m[K/home/ayush/Documents/cafeBot_ws/src/cafe_bot/src/task1.cpp:1[m[K:
[1.802s] [01m[K/usr/include/c++/11/optional:1045:5:[m[K [01;36m[Knote: [m[Kcandidate: ‘[01m[Ktemplate<class _Tp, class _Up> constexpr std::__optional_eq_t<_Tp, _Up> std::operator==(const std::optional<_Tp>&, const std::optional<_Up>&)[m[K’
[1.802s]  1045 |     [01;36m[Koperator[m[K==(const optional<_Tp>& __lhs, const optional<_Up>& __rhs)
[1.802s]       |     [01;36m[K^~~~~~~~[m[K
[1.802s] [01m[K/usr/include/c++/11/optional:1045:5:[m[K [01;36m[Knote: [m[K  template argument deduction/substitution failed:
[1.802s] [01m[K/home/ayush/Documents/cafeBot_ws/src/cafe_bot/src/task1.cpp:98:35:[m[K [01;36m[Knote: [m[K  ‘[01m[Kconst _current_status_type[m[K’ {aka ‘[01m[Kconst std::__cxx11::basic_string<char>[m[K’} is not derived from ‘[01m[Kconst std::optional<_Tp>[m[K’
[1.802s]    98 |       if (event.current_status == [01;36m[K1[m[K)  // RUNNING
[1.802s]       |                                   [01;36m[K^[m[K
[1.802s] In file included from [01m[K/opt/ros/humble/include/rclcpp/rclcpp/client.hpp:23[m[K,
[1.802s]                  from [01m[K/opt/ros/humble/include/rclcpp/rclcpp/callback_group.hpp:24[m[K,
[1.802s]                  from [01m[K/opt/ros/humble/include/rclcpp/rclcpp/any_executable.hpp:20[m[K,
[1.802s]                  from [01m[K/opt/ros/humble/include/rclcpp/rclcpp/memory_strategy.hpp:25[m[K,
[1.802s]                  from [01m[K/opt/ros/humble/include/rclcpp/rclcpp/memory_strategies.hpp:18[m[K,
[1.802s]                  from [01m[K/opt/ros/humble/include/rclcpp/rclcpp/executor_options.hpp:20[m[K,
[1.802s]                  from [01m[K/opt/ros/humble/include/rclcpp/rclcpp/executor.hpp:37[m[K,
[1.802s]                  from [01m[K/opt/ros/humble/include/rclcpp/rclcpp/executors/multi_threaded_executor.hpp:25[m[K,
[1.802s]                  from [01m[K/opt/ros/humble/include/rclcpp/rclcpp/executors.hpp:21[m[K,
[1.802s]                  from [01m[K/opt/ros/humble/include/rclcpp/rclcpp/rclcpp.hpp:155[m[K,
[1.802s]                  from [01m[K/home/ayush/Documents/cafeBot_ws/src/cafe_bot/src/task1.cpp:1[m[K:
[1.802s] [01m[K/usr/include/c++/11/optional:1105:5:[m[K [01;36m[Knote: [m[Kcandidate: ‘[01m[Ktemplate<class _Tp> constexpr bool std::operator==(const std::optional<_Tp>&, std::nullopt_t)[m[K’
[1.803s]  1105 |     [01;36m[Koperator[m[K==(const optional<_Tp>& __lhs, nullopt_t) noexcept
[1.803s]       |     [01;36m[K^~~~~~~~[m[K
[1.803s] [01m[K/usr/include/c++/11/optional:1105:5:[m[K [01;36m[Knote: [m[K  template argument deduction/substitution failed:
[1.803s] [01m[K/home/ayush/Documents/cafeBot_ws/src/cafe_bot/src/task1.cpp:98:35:[m[K [01;36m[Knote: [m[K  ‘[01m[Kconst _current_status_type[m[K’ {aka ‘[01m[Kconst std::__cxx11::basic_string<char>[m[K’} is not derived from ‘[01m[Kconst std::optional<_Tp>[m[K’
[1.803s]    98 |       if (event.current_status == [01;36m[K1[m[K)  // RUNNING
[1.803s]       |                                   [01;36m[K^[m[K
[1.803s] In file included from [01m[K/opt/ros/humble/include/rclcpp/rclcpp/client.hpp:23[m[K,
[1.803s]                  from [01m[K/opt/ros/humble/include/rclcpp/rclcpp/callback_group.hpp:24[m[K,
[1.803s]                  from [01m[K/opt/ros/humble/include/rclcpp/rclcpp/any_executable.hpp:20[m[K,
[1.803s]                  from [01m[K/opt/ros/humble/include/rclcpp/rclcpp/memory_strategy.hpp:25[m[K,
[1.803s]                  from [01m[K/opt/ros/humble/include/rclcpp/rclcpp/memory_strategies.hpp:18[m[K,
[1.803s]                  from [01m[K/opt/ros/humble/include/rclcpp/rclcpp/executor_options.hpp:20[m[K,
[1.803s]                  from [01m[K/opt/ros/humble/include/rclcpp/rclcpp/executor.hpp:37[m[K,
[1.803s]                  from [01m[K/opt/ros/humble/include/rclcpp/rclcpp/executors/multi_threaded_executor.hpp:25[m[K,
[1.803s]                  from [01m[K/opt/ros/humble/include/rclcpp/rclcpp/executors.hpp:21[m[K,
[1.803s]                  from [01m[K/opt/ros/humble/include/rclcpp/rclcpp/rclcpp.hpp:155[m[K,
[1.803s]                  from [01m[K/home/ayush/Documents/cafeBot_ws/src/cafe_bot/src/task1.cpp:1[m[K:
[1.803s] [01m[K/usr/include/c++/11/optional:1116:5:[m[K [01;36m[Knote: [m[Kcandidate: ‘[01m[Ktemplate<class _Tp> constexpr bool std::operator==(std::nullopt_t, const std::optional<_Tp>&)[m[K’
[1.803s]  1116 |     [01;36m[Koperator[m[K==(nullopt_t, const optional<_Tp>& __rhs) noexcept
[1.803s]       |     [01;36m[K^~~~~~~~[m[K
[1.803s] [01m[K/usr/include/c++/11/optional:1116:5:[m[K [01;36m[Knote: [m[K  template argument deduction/substitution failed:
[1.803s] [01m[K/home/ayush/Documents/cafeBot_ws/src/cafe_bot/src/task1.cpp:98:35:[m[K [01;36m[Knote: [m[K  mismatched types ‘[01m[Kconst std::optional<_Tp>[m[K’ and ‘[01m[Kint[m[K’
[1.803s]    98 |       if (event.current_status == [01;36m[K1[m[K)  // RUNNING
[1.803s]       |                                   [01;36m[K^[m[K
[1.803s] In file included from [01m[K/opt/ros/humble/include/rclcpp/rclcpp/client.hpp:23[m[K,
[1.803s]                  from [01m[K/opt/ros/humble/include/rclcpp/rclcpp/callback_group.hpp:24[m[K,
[1.803s]                  from [01m[K/opt/ros/humble/include/rclcpp/rclcpp/any_executable.hpp:20[m[K,
[1.803s]                  from [01m[K/opt/ros/humble/include/rclcpp/rclcpp/memory_strategy.hpp:25[m[K,
[1.804s]                  from [01m[K/opt/ros/humble/include/rclcpp/rclcpp/memory_strategies.hpp:18[m[K,
[1.804s]                  from [01m[K/opt/ros/humble/include/rclcpp/rclcpp/executor_options.hpp:20[m[K,
[1.804s]                  from [01m[K/opt/ros/humble/include/rclcpp/rclcpp/executor.hpp:37[m[K,
[1.804s]                  from [01m[K/opt/ros/humble/include/rclcpp/rclcpp/executors/multi_threaded_executor.hpp:25[m[K,
[1.804s]                  from [01m[K/opt/ros/humble/include/rclcpp/rclcpp/executors.hpp:21[m[K,
[1.804s]                  from [01m[K/opt/ros/humble/include/rclcpp/rclcpp/rclcpp.hpp:155[m[K,
[1.804s]                  from [01m[K/home/ayush/Documents/cafeBot_ws/src/cafe_bot/src/task1.cpp:1[m[K:
[1.804s] [01m[K/usr/include/c++/11/optional:1173:5:[m[K [01;36m[Knote: [m[Kcandidate: ‘[01m[Ktemplate<class _Tp, class _Up> constexpr std::__optional_eq_t<_Tp, _Up> std::operator==(const std::optional<_Tp>&, const _Up&)[m[K’
[1.804s]  1173 |     [01;36m[Koperator[m[K==(const optional<_Tp>& __lhs, const _Up& __rhs)
[1.804s]       |     [01;36m[K^~~~~~~~[m[K
[1.804s] [01m[K/usr/include/c++/11/optional:1173:5:[m[K [01;36m[Knote: [m[K  template argument deduction/substitution failed:
[1.804s] [01m[K/home/ayush/Documents/cafeBot_ws/src/cafe_bot/src/task1.cpp:98:35:[m[K [01;36m[Knote: [m[K  ‘[01m[Kconst _current_status_type[m[K’ {aka ‘[01m[Kconst std::__cxx11::basic_string<char>[m[K’} is not derived from ‘[01m[Kconst std::optional<_Tp>[m[K’
[1.804s]    98 |       if (event.current_status == [01;36m[K1[m[K)  // RUNNING
[1.804s]       |                                   [01;36m[K^[m[K
[1.804s] In file included from [01m[K/opt/ros/humble/include/rclcpp/rclcpp/client.hpp:23[m[K,
[1.804s]                  from [01m[K/opt/ros/humble/include/rclcpp/rclcpp/callback_group.hpp:24[m[K,
[1.804s]                  from [01m[K/opt/ros/humble/include/rclcpp/rclcpp/any_executable.hpp:20[m[K,
[1.804s]                  from [01m[K/opt/ros/humble/include/rclcpp/rclcpp/memory_strategy.hpp:25[m[K,
[1.804s]                  from [01m[K/opt/ros/humble/include/rclcpp/rclcpp/memory_strategies.hpp:18[m[K,
[1.804s]                  from [01m[K/opt/ros/humble/include/rclcpp/rclcpp/executor_options.hpp:20[m[K,
[1.804s]                  from [01m[K/opt/ros/humble/include/rclcpp/rclcpp/executor.hpp:37[m[K,
[1.804s]                  from [01m[K/opt/ros/humble/include/rclcpp/rclcpp/executors/multi_threaded_executor.hpp:25[m[K,
[1.804s]                  from [01m[K/opt/ros/humble/include/rclcpp/rclcpp/executors.hpp:21[m[K,
[1.804s]                  from [01m[K/opt/ros/humble/include/rclcpp/rclcpp/rclcpp.hpp:155[m[K,
[1.805s]                  from [01m[K/home/ayush/Documents/cafeBot_ws/src/cafe_bot/src/task1.cpp:1[m[K:
[1.805s] [01m[K/usr/include/c++/11/optional:1179:5:[m[K [01;36m[Knote: [m[Kcandidate: ‘[01m[Ktemplate<class _Tp, class _Up> constexpr std::__optional_eq_t<_Up, _Tp> std::operator==(const _Up&, const std::optional<_Tp>&)[m[K’
[1.805s]  1179 |     [01;36m[Koperator[m[K==(const _Up& __lhs, const optional<_Tp>& __rhs)
[1.805s]       |     [01;36m[K^~~~~~~~[m[K
[1.805s] [01m[K/usr/include/c++/11/optional:1179:5:[m[K [01;36m[Knote: [m[K  template argument deduction/substitution failed:
[1.805s] [01m[K/home/ayush/Documents/cafeBot_ws/src/cafe_bot/src/task1.cpp:98:35:[m[K [01;36m[Knote: [m[K  mismatched types ‘[01m[Kconst std::optional<_Tp>[m[K’ and ‘[01m[Kint[m[K’
[1.805s]    98 |       if (event.current_status == [01;36m[K1[m[K)  // RUNNING
[1.805s]       |                                   [01;36m[K^[m[K
[1.805s] In file included from [01m[K/opt/ros/humble/include/rclcpp/rclcpp/client.hpp:28[m[K,
[1.805s]                  from [01m[K/opt/ros/humble/include/rclcpp/rclcpp/callback_group.hpp:24[m[K,
[1.805s]                  from [01m[K/opt/ros/humble/include/rclcpp/rclcpp/any_executable.hpp:20[m[K,
[1.805s]                  from [01m[K/opt/ros/humble/include/rclcpp/rclcpp/memory_strategy.hpp:25[m[K,
[1.805s]                  from [01m[K/opt/ros/humble/include/rclcpp/rclcpp/memory_strategies.hpp:18[m[K,
[1.805s]                  from [01m[K/opt/ros/humble/include/rclcpp/rclcpp/executor_options.hpp:20[m[K,
[1.805s]                  from [01m[K/opt/ros/humble/include/rclcpp/rclcpp/executor.hpp:37[m[K,
[1.805s]                  from [01m[K/opt/ros/humble/include/rclcpp/rclcpp/executors/multi_threaded_executor.hpp:25[m[K,
[1.805s]                  from [01m[K/opt/ros/humble/include/rclcpp/rclcpp/executors.hpp:21[m[K,
[1.805s]                  from [01m[K/opt/ros/humble/include/rclcpp/rclcpp/rclcpp.hpp:155[m[K,
[1.805s]                  from [01m[K/home/ayush/Documents/cafeBot_ws/src/cafe_bot/src/task1.cpp:1[m[K:
[1.805s] [01m[K/usr/include/c++/11/variant:1232:3:[m[K [01;36m[Knote: [m[Kcandidate: ‘[01m[Ktemplate<class ... _Types> constexpr bool std::operator==(const std::variant<_Types ...>&, const std::variant<_Types ...>&)[m[K’
[1.805s]  1232 |   [01;36m[K_VARIANT_RELATION_FUNCTION_TEMPLATE[m[K(==, equal)
[1.805s]       |   [01;36m[K^~~~~~~~~~~~~~~~~~~~~~~~~~~~~~~~~~~[m[K
[1.805s] [01m[K/usr/include/c++/11/variant:1232:3:[m[K [01;36m[Knote: [m[K  template argument deduction/substitution failed:
[1.805s] [01m[K/home/ayush/Documents/cafeBot_ws/src/cafe_bot/src/task1.cpp:98:35:[m[K [01;36m[Knote: [m[K  ‘[01m[Kconst _current_status_type[m[K’ {aka ‘[01m[Kconst std::__cxx11::basic_string<char>[m[K’} is not derived from ‘[01m[Kconst std::variant<_Types ...>[m[K’
[1.805s]    98 |       if (event.current_status == [01;36m[K1[m[K)  // RUNNING
[1.805s]       |                                   [01;36m[K^[m[K
[1.805s] In file included from [01m[K/usr/include/c++/11/memory:64[m[K,
[1.806s]                  from [01m[K/opt/ros/humble/include/rclcpp/rclcpp/rclcpp.hpp:153[m[K,
[1.806s]                  from [01m[K/home/ayush/Documents/cafeBot_ws/src/cafe_bot/src/task1.cpp:1[m[K:
[1.806s] [01m[K/usr/include/c++/11/bits/allocator.h:204:7:[m[K [01;36m[Knote: [m[Kcandidate: ‘[01m[Kbool std::operator==(const std::allocator<char>&, const std::allocator<char>&)[m[K’
[1.806s]   204 |       [01;36m[Koperator[m[K==(const allocator&, const allocator&) _GLIBCXX_NOTHROW
[1.806s]       |       [01;36m[K^~~~~~~~[m[K
[1.806s] [01m[K/usr/include/c++/11/bits/allocator.h:204:18:[m[K [01;36m[Knote: [m[K  no known conversion for argument 1 from ‘[01m[Kconst _current_status_type[m[K’ {aka ‘[01m[Kconst std::__cxx11::basic_string<char>[m[K’} to ‘[01m[Kconst std::allocator<char>&[m[K’
[1.806s]   204 |       operator==([01;36m[Kconst allocator&[m[K, const allocator&) _GLIBCXX_NOTHROW
[1.806s]       |                  [01;36m[K^~~~~~~~~~~~~~~~[m[K
[1.806s] In file included from [01m[K/usr/include/c++/11/mutex:42[m[K,
[1.806s]                  from [01m[K/usr/include/c++/11/future:38[m[K,
[1.806s]                  from [01m[K/opt/ros/humble/include/rclcpp/rclcpp/executors.hpp:18[m[K,
[1.806s]                  from [01m[K/opt/ros/humble/include/rclcpp/rclcpp/rclcpp.hpp:155[m[K,
[1.806s]                  from [01m[K/home/ayush/Documents/cafeBot_ws/src/cafe_bot/src/task1.cpp:1[m[K:
[1.806s] [01m[K/usr/include/c++/11/system_error:362:3:[m[K [01;36m[Knote: [m[Kcandidate: ‘[01m[Kbool std::operator==(const std::error_code&, const std::error_code&)[m[K’
[1.806s]   362 |   [01;36m[Koperator[m[K==(const error_code& __lhs, const error_code& __rhs) noexcept
[1.806s]       |   [01;36m[K^~~~~~~~[m[K
[1.806s] [01m[K/usr/include/c++/11/system_error:362:32:[m[K [01;36m[Knote: [m[K  no known conversion for argument 1 from ‘[01m[Kconst _current_status_type[m[K’ {aka ‘[01m[Kconst std::__cxx11::basic_string<char>[m[K’} to ‘[01m[Kconst std::error_code&[m[K’
[1.806s]   362 |   operator==([01;36m[Kconst error_code& __lhs[m[K, const error_code& __rhs) noexcept
[1.806s]       |              [01;36m[K~~~~~~~~~~~~~~~~~~^~~~~[m[K
[1.806s] [01m[K/usr/include/c++/11/system_error:368:3:[m[K [01;36m[Knote: [m[Kcandidate: ‘[01m[Kbool std::operator==(const std::error_code&, const std::error_condition&)[m[K’
[1.806s]   368 |   [01;36m[Koperator[m[K==(const error_code& __lhs, const error_condition& __rhs) noexcept
[1.806s]       |   [01;36m[K^~~~~~~~[m[K
[1.806s] [01m[K/usr/include/c++/11/system_error:368:32:[m[K [01;36m[Knote: [m[K  no known conversion for argument 1 from ‘[01m[Kconst _current_status_type[m[K’ {aka ‘[01m[Kconst std::__cxx11::basic_string<char>[m[K’} to ‘[01m[Kconst std::error_code&[m[K’
[1.806s]   368 |   operator==([01;36m[Kconst error_code& __lhs[m[K, const error_condition& __rhs) noexcept
[1.806s]       |              [01;36m[K~~~~~~~~~~~~~~~~~~^~~~~[m[K
[1.806s] [01m[K/usr/include/c++/11/system_error:376:3:[m[K [01;36m[Knote: [m[Kcandidate: ‘[01m[Kbool std::operator==(const std::error_condition&, const std::error_condition&)[m[K’
[1.807s]   376 |   [01;36m[Koperator[m[K==(const error_condition& __lhs,
[1.807s]       |   [01;36m[K^~~~~~~~[m[K
[1.807s] [01m[K/usr/include/c++/11/system_error:376:37:[m[K [01;36m[Knote: [m[K  no known conversion for argument 1 from ‘[01m[Kconst _current_status_type[m[K’ {aka ‘[01m[Kconst std::__cxx11::basic_string<char>[m[K’} to ‘[01m[Kconst std::error_condition&[m[K’
[1.807s]   376 |   operator==([01;36m[Kconst error_condition& __lhs[m[K,
[1.807s]       |              [01;36m[K~~~~~~~~~~~~~~~~~~~~~~~^~~~~[m[K
[1.807s] [01m[K/usr/include/c++/11/system_error:408:3:[m[K [01;36m[Knote: [m[Kcandidate: ‘[01m[Kbool std::operator==(const std::error_condition&, const std::error_code&)[m[K’
[1.807s]   408 |   [01;36m[Koperator[m[K==(const error_condition& __lhs, const error_code& __rhs) noexcept
[1.807s]       |   [01;36m[K^~~~~~~~[m[K
[1.807s] [01m[K/usr/include/c++/11/system_error:408:37:[m[K [01;36m[Knote: [m[K  no known conversion for argument 1 from ‘[01m[Kconst _current_status_type[m[K’ {aka ‘[01m[Kconst std::__cxx11::basic_string<char>[m[K’} to ‘[01m[Kconst std::error_condition&[m[K’
[1.807s]   408 |   operator==([01;36m[Kconst error_condition& __lhs[m[K, const error_code& __rhs) noexcept
[1.807s]       |              [01;36m[K~~~~~~~~~~~~~~~~~~~~~~~^~~~~[m[K
[1.807s] In file included from [01m[K/usr/include/c++/11/future:48[m[K,
[1.807s]                  from [01m[K/opt/ros/humble/include/rclcpp/rclcpp/executors.hpp:18[m[K,
[1.807s]                  from [01m[K/opt/ros/humble/include/rclcpp/rclcpp/rclcpp.hpp:155[m[K,
[1.807s]                  from [01m[K/home/ayush/Documents/cafeBot_ws/src/cafe_bot/src/task1.cpp:1[m[K:
[1.807s] [01m[K/usr/include/c++/11/bits/std_thread.h:287:3:[m[K [01;36m[Knote: [m[Kcandidate: ‘[01m[Kbool std::operator==(std::thread::id, std::thread::id)[m[K’
[1.807s]   287 |   [01;36m[Koperator[m[K==(thread::id __x, thread::id __y) noexcept
[1.807s]       |   [01;36m[K^~~~~~~~[m[K
[1.807s] [01m[K/usr/include/c++/11/bits/std_thread.h:287:25:[m[K [01;36m[Knote: [m[K  no known conversion for argument 1 from ‘[01m[Kconst _current_status_type[m[K’ {aka ‘[01m[Kconst std::__cxx11::basic_string<char>[m[K’} to ‘[01m[Kstd::thread::id[m[K’
[1.807s]   287 |   operator==([01;36m[Kthread::id __x[m[K, thread::id __y) noexcept
[1.807s]       |              [01;36m[K~~~~~~~~~~~^~~[m[K
[1.807s] In file included from [01m[K/opt/ros/humble/include/rclcpp/rclcpp/client.hpp:28[m[K,
[1.807s]                  from [01m[K/opt/ros/humble/include/rclcpp/rclcpp/callback_group.hpp:24[m[K,
[1.807s]                  from [01m[K/opt/ros/humble/include/rclcpp/rclcpp/any_executable.hpp:20[m[K,
[1.807s]                  from [01m[K/opt/ros/humble/include/rclcpp/rclcpp/memory_strategy.hpp:25[m[K,
[1.807s]                  from [01m[K/opt/ros/humble/include/rclcpp/rclcpp/memory_strategies.hpp:18[m[K,
[1.807s]                  from [01m[K/opt/ros/humble/include/rclcpp/rclcpp/executor_options.hpp:20[m[K,
[1.808s]                  from [01m[K/opt/ros/humble/include/rclcpp/rclcpp/executor.hpp:37[m[K,
[1.808s]                  from [01m[K/opt/ros/humble/include/rclcpp/rclcpp/executors/multi_threaded_executor.hpp:25[m[K,
[1.808s]                  from [01m[K/opt/ros/humble/include/rclcpp/rclcpp/executors.hpp:21[m[K,
[1.808s]                  from [01m[K/opt/ros/humble/include/rclcpp/rclcpp/rclcpp.hpp:155[m[K,
[1.808s]                  from [01m[K/home/ayush/Documents/cafeBot_ws/src/cafe_bot/src/task1.cpp:1[m[K:
[1.808s] [01m[K/usr/include/c++/11/variant:1239:18:[m[K [01;36m[Knote: [m[Kcandidate: ‘[01m[Kconstexpr bool std::operator==(std::monostate, std::monostate)[m[K’
[1.808s]  1239 |   constexpr bool [01;36m[Koperator[m[K==(monostate, monostate) noexcept { return true; }
[1.808s]       |                  [01;36m[K^~~~~~~~[m[K
[1.808s] [01m[K/usr/include/c++/11/variant:1239:29:[m[K [01;36m[Knote: [m[K  no known conversion for argument 1 from ‘[01m[Kconst _current_status_type[m[K’ {aka ‘[01m[Kconst std::__cxx11::basic_string<char>[m[K’} to ‘[01m[Kstd::monostate[m[K’
[1.808s]  1239 |   constexpr bool operator==([01;36m[Kmonostate[m[K, monostate) noexcept { return true; }
[1.808s]       |                             [01;36m[K^~~~~~~~~[m[K
[3.578s] gmake[2]: *** [CMakeFiles/task1.dir/build.make:76: CMakeFiles/task1.dir/src/task1.cpp.o] Error 1
[3.578s] gmake[1]: *** [CMakeFiles/Makefile2:165: CMakeFiles/task1.dir/all] Error 2
[3.578s] gmake: *** [Makefile:146: all] Error 2
[3.580s] Invoked command in '/home/ayush/Documents/cafeBot_ws/build/cafe_bot' returned '2': CMAKE_PREFIX_PATH=${CMAKE_PREFIX_PATH}:/opt/ros/humble /usr/bin/cmake --build /home/ayush/Documents/cafeBot_ws/build/cafe_bot -- -j12 -l12
